2024-03-02 17:40:08,345:INFO:Training Configuration: batch_size=256, epochs=100, lr=0.01, weight_decay=1e-05, lambda1=0.01, hash_bits=64, model_name=resnet34, device=cuda
2024-03-02 17:40:19,359:INFO:Epoch 0, Test Accuracy: 8.45%
2024-03-02 17:40:22,752:INFO:Model saved with accuracy: 8.45%
2024-03-02 17:41:10,818:INFO:Epoch 1, Test Accuracy: 91.82%
2024-03-02 17:41:14,948:INFO:Model saved with accuracy: 91.82%
2024-03-02 17:42:03,221:INFO:Epoch 2, Test Accuracy: 92.78%
2024-03-02 17:42:06,114:INFO:Model saved with accuracy: 92.78%
2024-03-02 17:42:55,060:INFO:Epoch 3, Test Accuracy: 93.38%
2024-03-02 17:42:58,519:INFO:Model saved with accuracy: 93.38%
2024-03-02 17:43:46,619:INFO:Epoch 4, Test Accuracy: 93.76%
2024-03-02 17:43:50,058:INFO:Model saved with accuracy: 93.76%
2024-03-02 17:44:39,526:INFO:Epoch 5, Test Accuracy: 95.08%
2024-03-02 17:44:43,239:INFO:Model saved with accuracy: 95.08%
2024-03-02 17:45:32,559:INFO:Epoch 6, Test Accuracy: 94.29%
2024-03-02 17:46:25,016:INFO:Epoch 7, Test Accuracy: 95.06%
2024-03-02 17:47:16,784:INFO:Epoch 8, Test Accuracy: 94.55%
2024-03-02 17:48:09,560:INFO:Epoch 9, Test Accuracy: 95.38%
2024-03-02 17:48:15,400:INFO:Model saved with accuracy: 95.38%
2024-03-02 17:49:07,785:INFO:Epoch 10, Test Accuracy: 94.63%
2024-03-02 17:50:00,078:INFO:Epoch 11, Test Accuracy: 95.26%
2024-03-02 17:50:51,412:INFO:Epoch 12, Test Accuracy: 95.31%
2024-03-02 17:51:40,888:INFO:Epoch 13, Test Accuracy: 95.15%
2024-03-02 17:52:30,858:INFO:Epoch 14, Test Accuracy: 95.79%
2024-03-02 17:52:34,286:INFO:Model saved with accuracy: 95.79%
2024-03-02 17:53:23,616:INFO:Epoch 15, Test Accuracy: 94.92%
2024-03-02 17:54:13,515:INFO:Epoch 16, Test Accuracy: 95.9%
2024-03-02 17:54:17,272:INFO:Model saved with accuracy: 95.90%
2024-03-02 17:55:06,601:INFO:Epoch 17, Test Accuracy: 95.48%
2024-03-02 17:55:56,261:INFO:Epoch 18, Test Accuracy: 95.81%
2024-03-02 17:56:47,413:INFO:Epoch 19, Test Accuracy: 94.61%
2024-03-02 17:57:40,688:INFO:Epoch 20, Test Accuracy: 96.0%
2024-03-02 17:57:44,211:INFO:Model saved with accuracy: 96.00%
2024-03-02 17:58:35,465:INFO:Epoch 21, Test Accuracy: 96.06%
2024-03-02 17:58:39,313:INFO:Model saved with accuracy: 96.06%
2024-03-02 17:59:30,743:INFO:Epoch 22, Test Accuracy: 96.11%
2024-03-02 17:59:37,449:INFO:Model saved with accuracy: 96.11%
2024-03-02 18:00:27,914:INFO:Epoch 23, Test Accuracy: 96.13%
2024-03-02 18:00:32,114:INFO:Model saved with accuracy: 96.13%
2024-03-02 18:01:23,367:INFO:Epoch 24, Test Accuracy: 96.16%
2024-03-02 18:01:29,640:INFO:Model saved with accuracy: 96.16%
2024-03-02 18:02:21,111:INFO:Epoch 25, Test Accuracy: 96.18%
2024-03-02 18:02:25,216:INFO:Model saved with accuracy: 96.18%
2024-03-02 18:03:16,705:INFO:Epoch 26, Test Accuracy: 96.2%
2024-03-02 18:03:20,229:INFO:Model saved with accuracy: 96.20%
2024-03-02 18:04:09,209:INFO:Epoch 27, Test Accuracy: 96.21%
2024-03-02 18:04:11,146:INFO:Model saved with accuracy: 96.21%
2024-03-02 18:04:59,600:INFO:Epoch 28, Test Accuracy: 96.2%
2024-03-02 18:05:48,962:INFO:Epoch 29, Test Accuracy: 96.2%
2024-03-02 18:06:39,598:INFO:Epoch 30, Test Accuracy: 96.2%
2024-03-02 18:07:27,234:INFO:Epoch 31, Test Accuracy: 96.21%
2024-03-02 18:08:17,502:INFO:Epoch 32, Test Accuracy: 96.22%
2024-03-02 18:08:19,796:INFO:Model saved with accuracy: 96.22%
2024-03-02 18:09:09,528:INFO:Epoch 33, Test Accuracy: 96.21%
2024-03-02 18:09:58,103:INFO:Epoch 34, Test Accuracy: 96.21%
2024-03-02 18:10:48,416:INFO:Epoch 35, Test Accuracy: 96.2%
2024-03-02 18:11:38,698:INFO:Epoch 36, Test Accuracy: 96.19%
2024-03-02 18:12:27,562:INFO:Epoch 37, Test Accuracy: 96.21%
2024-03-02 18:13:16,886:INFO:Epoch 38, Test Accuracy: 96.2%
2024-03-02 18:14:06,981:INFO:Epoch 39, Test Accuracy: 96.21%
2024-03-02 18:14:57,767:INFO:Epoch 40, Test Accuracy: 96.2%
2024-03-02 18:15:49,601:INFO:Epoch 41, Test Accuracy: 96.2%
2024-03-02 18:16:39,664:INFO:Epoch 42, Test Accuracy: 96.21%
2024-03-02 18:17:29,768:INFO:Epoch 43, Test Accuracy: 96.21%
2024-03-02 18:18:19,663:INFO:Epoch 44, Test Accuracy: 96.2%
2024-03-02 18:19:09,678:INFO:Epoch 45, Test Accuracy: 96.2%
2024-03-02 18:19:59,404:INFO:Epoch 46, Test Accuracy: 96.2%
2024-03-02 18:20:48,304:INFO:Epoch 47, Test Accuracy: 96.2%
2024-03-02 18:21:37,253:INFO:Epoch 48, Test Accuracy: 96.21%
2024-03-02 18:22:26,874:INFO:Epoch 49, Test Accuracy: 96.21%
2024-03-02 18:23:17,716:INFO:Epoch 50, Test Accuracy: 96.21%
2024-03-02 18:24:05,239:INFO:Epoch 51, Test Accuracy: 96.21%
2024-03-02 18:24:53,855:INFO:Epoch 52, Test Accuracy: 96.2%
2024-03-02 18:25:43,034:INFO:Epoch 53, Test Accuracy: 96.21%
2024-03-02 18:26:33,069:INFO:Epoch 54, Test Accuracy: 96.2%
2024-03-02 18:27:23,561:INFO:Epoch 55, Test Accuracy: 96.2%
2024-03-02 18:28:12,901:INFO:Epoch 56, Test Accuracy: 96.2%
2024-03-02 18:29:02,434:INFO:Epoch 57, Test Accuracy: 96.2%
2024-03-02 18:29:52,226:INFO:Epoch 58, Test Accuracy: 96.21%
2024-03-02 18:30:42,197:INFO:Epoch 59, Test Accuracy: 96.2%
2024-03-02 18:31:32,390:INFO:Epoch 60, Test Accuracy: 96.2%
2024-03-02 18:32:21,192:INFO:Epoch 61, Test Accuracy: 96.2%
2024-03-02 18:33:10,728:INFO:Epoch 62, Test Accuracy: 96.2%
2024-03-02 18:33:58,462:INFO:Epoch 63, Test Accuracy: 96.2%
2024-03-02 18:34:48,108:INFO:Epoch 64, Test Accuracy: 96.21%
2024-03-02 18:35:38,065:INFO:Epoch 65, Test Accuracy: 96.21%
2024-03-02 18:36:27,915:INFO:Epoch 66, Test Accuracy: 96.21%
2024-03-02 18:37:16,620:INFO:Epoch 67, Test Accuracy: 96.21%
2024-03-02 18:38:04,371:INFO:Epoch 68, Test Accuracy: 96.19%
2024-03-02 18:38:54,712:INFO:Epoch 69, Test Accuracy: 96.21%
2024-03-02 18:39:43,069:INFO:Epoch 70, Test Accuracy: 96.19%
2024-03-02 18:40:32,084:INFO:Epoch 71, Test Accuracy: 96.2%
2024-03-02 18:41:21,391:INFO:Epoch 72, Test Accuracy: 96.19%
2024-03-02 18:42:11,050:INFO:Epoch 73, Test Accuracy: 96.2%
2024-03-02 18:43:00,991:INFO:Epoch 74, Test Accuracy: 96.2%
2024-03-02 18:43:50,062:INFO:Epoch 75, Test Accuracy: 96.19%
2024-03-02 18:44:38,974:INFO:Epoch 76, Test Accuracy: 96.2%
2024-03-02 18:45:29,081:INFO:Epoch 77, Test Accuracy: 96.19%
2024-03-02 18:46:18,161:INFO:Epoch 78, Test Accuracy: 96.19%
2024-03-02 18:47:08,468:INFO:Epoch 79, Test Accuracy: 96.18%
2024-03-02 18:47:58,566:INFO:Epoch 80, Test Accuracy: 96.18%
2024-03-02 18:48:47,899:INFO:Epoch 81, Test Accuracy: 96.18%
2024-03-02 18:49:37,678:INFO:Epoch 82, Test Accuracy: 96.18%
2024-03-02 18:50:27,789:INFO:Epoch 83, Test Accuracy: 96.18%
2024-03-02 18:51:17,493:INFO:Epoch 84, Test Accuracy: 96.19%
2024-03-02 18:52:06,023:INFO:Epoch 85, Test Accuracy: 96.19%
2024-03-02 18:52:56,311:INFO:Epoch 86, Test Accuracy: 96.19%
2024-03-02 18:53:45,668:INFO:Epoch 87, Test Accuracy: 96.19%
2024-03-02 18:54:36,296:INFO:Epoch 88, Test Accuracy: 96.17%
2024-03-02 18:55:25,854:INFO:Epoch 89, Test Accuracy: 96.18%
2024-03-02 18:56:15,167:INFO:Epoch 90, Test Accuracy: 96.17%
2024-03-02 18:57:05,489:INFO:Epoch 91, Test Accuracy: 96.17%
2024-03-02 18:57:53,761:INFO:Epoch 92, Test Accuracy: 96.18%
2024-03-02 18:58:43,894:INFO:Epoch 93, Test Accuracy: 96.18%
2024-03-02 18:59:33,636:INFO:Epoch 94, Test Accuracy: 96.19%
2024-03-02 19:00:23,236:INFO:Epoch 95, Test Accuracy: 96.18%
2024-03-02 19:01:13,820:INFO:Epoch 96, Test Accuracy: 96.18%
2024-03-02 19:02:04,296:INFO:Epoch 97, Test Accuracy: 96.19%
2024-03-02 19:02:53,814:INFO:Epoch 98, Test Accuracy: 96.18%
2024-03-02 19:03:43,786:INFO:Epoch 99, Test Accuracy: 96.18%
2024-03-02 19:04:25,767:INFO:Finished Training with noise_rate: clean_label
2024-03-02 19:04:25,768:INFO:Epoch accuracies with noise_rate clean_label: [8.45, 91.82, 92.78, 93.38, 93.76, 95.08, 94.29, 95.06, 94.55, 95.38, 94.63, 95.26, 95.31, 95.15, 95.79, 94.92, 95.9, 95.48, 95.81, 94.61, 96.0, 96.06, 96.11, 96.13, 96.16, 96.18, 96.2, 96.21, 96.2, 96.2, 96.2, 96.21, 96.22, 96.21, 96.21, 96.2, 96.19, 96.21, 96.2, 96.21, 96.2, 96.2, 96.21, 96.21, 96.2, 96.2, 96.2, 96.2, 96.21, 96.21, 96.21, 96.21, 96.2, 96.21, 96.2, 96.2, 96.2, 96.2, 96.21, 96.2, 96.2, 96.2, 96.2, 96.2, 96.21, 96.21, 96.21, 96.21, 96.19, 96.21, 96.19, 96.2, 96.19, 96.2, 96.2, 96.19, 96.2, 96.19, 96.19, 96.18, 96.18, 96.18, 96.18, 96.18, 96.19, 96.19, 96.19, 96.19, 96.17, 96.18, 96.17, 96.17, 96.18, 96.18, 96.19, 96.18, 96.18, 96.19, 96.18, 96.18]
2024-03-02 19:04:35,877:INFO:Epoch 0, Test Accuracy: 9.87%
2024-03-02 19:04:36,147:INFO:Model saved with accuracy: 9.87%
2024-03-02 19:07:25,970:INFO:Training Configuration: batch_size=256, epochs=100, lr=0.01, weight_decay=1e-05, lambda1=0.01, hash_bits=64, model_name=resnet34, device=cuda
2024-03-02 19:07:29,540:INFO:Epoch 0, Test Accuracy: 9.87%
2024-03-02 19:07:32,044:INFO:Model saved with accuracy: 9.87%
2024-03-02 19:07:41,196:INFO:Epoch 1, Test Accuracy: 68.15%
2024-03-02 19:07:45,044:INFO:Model saved with accuracy: 68.15%
2024-03-02 19:07:53,737:INFO:Epoch 2, Test Accuracy: 72.35%
2024-03-02 19:07:57,600:INFO:Model saved with accuracy: 72.35%
2024-03-02 19:19:36,914:INFO:Training Configuration: batch_size=256, epochs=100, lr=0.01, weight_decay=1e-05, lambda1=0.01, hash_bits=64, model_name=resnet34, device=cuda
2024-03-02 19:19:41,522:INFO:Epoch 0, Test Accuracy: 12.36%
2024-03-02 19:19:45,627:INFO:Model saved with accuracy: 12.36%
2024-03-02 19:19:55,489:INFO:Epoch 1, Test Accuracy: 68.55%
2024-03-02 19:19:59,562:INFO:Model saved with accuracy: 68.55%
2024-03-02 19:20:09,524:INFO:Epoch 2, Test Accuracy: 72.91%
2024-03-02 19:20:13,757:INFO:Model saved with accuracy: 72.91%
2024-03-02 19:26:28,175:INFO:Training Configuration: batch_size=256, epochs=100, lr=0.01, weight_decay=1e-05, lambda1=0.01, hash_bits=64, model_name=resnet34, device=cuda
2024-03-02 19:26:31,981:INFO:Epoch 0, Test Accuracy: 9.1%
2024-03-02 19:26:35,439:INFO:Model saved with accuracy: 9.10%
2024-03-02 19:26:44,879:INFO:Epoch 1, Test Accuracy: 67.84%
2024-03-02 19:26:48,400:INFO:Model saved with accuracy: 67.84%
2024-03-02 19:26:57,142:INFO:Epoch 2, Test Accuracy: 74.68%
2024-03-02 19:27:00,895:INFO:Model saved with accuracy: 74.68%
2024-03-02 19:28:34,590:INFO:Training Configuration: batch_size=256, epochs=100, lr=0.01, weight_decay=1e-05, lambda1=0.01, hash_bits=64, model_name=resnet34, device=cuda
2024-03-02 19:33:03,678:INFO:Training Configuration: batch_size=256, epochs=100, lr=0.01, weight_decay=1e-05, lambda1=0.01, hash_bits=64, model_name=resnet34, device=cuda
2024-03-02 19:33:07,202:INFO:Epoch 0, Test Accuracy: 8.85%
2024-03-02 19:33:10,899:INFO:Model saved with accuracy: 8.85%
2024-03-02 19:33:19,999:INFO:Epoch 1, Test Accuracy: 65.25%
2024-03-02 19:33:53,809:INFO:Training Configuration: batch_size=256, epochs=100, lr=0.01, weight_decay=1e-05, lambda1=0.01, hash_bits=64, model_name=resnet34, device=cuda
2024-03-02 19:34:04,126:INFO:Epoch 0, Test Accuracy: 10.82%
2024-03-02 19:34:08,153:INFO:Model saved with accuracy: 10.82%
2024-03-02 19:34:57,085:INFO:Epoch 1, Test Accuracy: 91.92%
2024-03-02 19:35:00,410:INFO:Model saved with accuracy: 91.92%
2024-03-02 19:39:32,714:INFO:Training Configuration: batch_size=256, epochs=100, lr=0.01, weight_decay=1e-05, lambda1=0.01, hash_bits=64, model_name=resnet34, device=cuda
2024-03-02 19:39:43,105:INFO:Epoch 0, Test Accuracy: 12.31%
2024-03-02 19:39:47,254:INFO:Model saved with accuracy: 12.31%
2024-03-02 19:40:32,990:INFO:Epoch 1, Test Accuracy: 90.58%
2024-03-02 19:40:36,178:INFO:Model saved with accuracy: 90.58%
2024-03-02 19:44:42,609:INFO:Training Configuration: batch_size=256, epochs=100, lr=0.01, weight_decay=1e-05, lambda1=0.01, hash_bits=64, model_name=resnet34, device=cuda
2024-03-02 19:44:47,950:INFO:Epoch 0, Test Accuracy: 10.84%
2024-03-02 19:44:51,589:INFO:Model saved with accuracy: 10.84%
2024-03-02 19:45:02,433:INFO:Epoch 1, Test Accuracy: 68.27%
2024-03-02 19:45:06,154:INFO:Model saved with accuracy: 68.27%
2024-03-02 19:45:17,121:INFO:Epoch 2, Test Accuracy: 72.65%
2024-03-02 19:47:25,011:INFO:Training Configuration: batch_size=256, epochs=100, lr=0.01, weight_decay=1e-05, lambda1=0.01, hash_bits=64, model_name=resnet34, device=cuda
2024-03-02 19:47:33,036:INFO:Epoch 0, Test Accuracy: 8.22%
2024-03-02 19:47:36,435:INFO:Model saved with accuracy: 8.22%
2024-03-02 19:48:18,170:INFO:Epoch 1, Test Accuracy: 92.25%
2024-03-02 19:48:21,558:INFO:Model saved with accuracy: 92.25%
