2024-03-10 19:03:43,915:INFO:Training Configuration: batch_size=128, epochs=100, lr=0.01, weight_decay=1e-05, lambda1=0.01, hash_bits=64, model_name=resnet34, device=cuda
2024-03-10 19:03:46,007:INFO:Started Training with: resnet34hash
2024-03-10 19:03:48,466:INFO:Epoch 0: Test Accuracy: 10.89%
2024-03-10 19:03:50,332:INFO:Model saved with accuracy: 10.89%
2024-03-10 19:04:26,234:INFO:Epoch 1: Test Accuracy: 87.87%
2024-03-10 19:04:28,796:INFO:Model saved with accuracy: 87.87%
2024-03-10 19:05:05,018:INFO:Epoch 2: Test Accuracy: 88.82%
2024-03-10 19:05:06,918:INFO:Model saved with accuracy: 88.82%
2024-03-10 19:05:43,506:INFO:Epoch 3: Test Accuracy: 90.77%
2024-03-10 19:05:45,118:INFO:Model saved with accuracy: 90.77%
2024-03-10 19:06:20,981:INFO:Epoch 4: Test Accuracy: 91.54%
2024-03-10 19:06:23,529:INFO:Model saved with accuracy: 91.54%
2024-03-10 19:07:00,346:INFO:Epoch 5: Test Accuracy: 91.86%
2024-03-10 19:07:01,194:INFO:Model saved with accuracy: 91.86%
2024-03-10 19:07:31,806:INFO:Epoch 6: Test Accuracy: 87.14%
2024-03-10 19:08:02,268:INFO:Epoch 7: Test Accuracy: 88.81%
2024-03-10 19:08:32,866:INFO:Epoch 8: Test Accuracy: 89.77%
2024-03-10 19:09:03,368:INFO:Epoch 9: Test Accuracy: 91.39%
2024-03-10 19:09:34,045:INFO:Epoch 10: Test Accuracy: 89.21%
2024-03-10 19:10:04,874:INFO:Epoch 11: Test Accuracy: 90.92%
2024-03-10 19:10:35,378:INFO:Epoch 12: Test Accuracy: 91.49%
2024-03-10 19:11:06,150:INFO:Epoch 13: Test Accuracy: 91.43%
2024-03-10 19:11:36,615:INFO:Epoch 14: Test Accuracy: 91.2%
2024-03-10 19:12:07,725:INFO:Epoch 15: Test Accuracy: 91.42%
2024-03-10 19:12:38,457:INFO:Epoch 16: Test Accuracy: 91.85%
2024-03-10 19:13:09,955:INFO:Epoch 17: Test Accuracy: 91.64%
2024-03-10 19:13:40,812:INFO:Epoch 18: Test Accuracy: 90.64%
2024-03-10 19:14:11,594:INFO:Epoch 19: Test Accuracy: 90.18%
2024-03-10 19:14:42,549:INFO:Epoch 20: Test Accuracy: 90.46%
2024-03-10 19:15:13,686:INFO:Epoch 21: Test Accuracy: 91.55%
2024-03-10 19:15:44,195:INFO:Epoch 22: Test Accuracy: 91.52%
2024-03-10 19:16:14,853:INFO:Epoch 23: Test Accuracy: 91.92%
2024-03-10 19:16:16,611:INFO:Model saved with accuracy: 91.92%
2024-03-10 19:16:47,637:INFO:Epoch 24: Test Accuracy: 91.34%
2024-03-10 19:17:19,164:INFO:Epoch 25: Test Accuracy: 91.92%
2024-03-10 19:17:50,024:INFO:Epoch 26: Test Accuracy: 91.4%
2024-03-10 19:18:20,913:INFO:Epoch 27: Test Accuracy: 91.16%
2024-03-10 19:18:51,946:INFO:Epoch 28: Test Accuracy: 91.07%
2024-03-10 19:19:23,011:INFO:Epoch 29: Test Accuracy: 90.77%
2024-03-10 19:19:53,930:INFO:Epoch 30: Test Accuracy: 91.72%
2024-03-10 19:20:24,424:INFO:Epoch 31: Test Accuracy: 90.14%
2024-03-10 19:20:55,807:INFO:Epoch 32: Test Accuracy: 91.86%
2024-03-10 19:21:26,801:INFO:Epoch 33: Test Accuracy: 90.49%
2024-03-10 19:21:57,828:INFO:Epoch 34: Test Accuracy: 91.18%
2024-03-10 19:22:29,299:INFO:Epoch 35: Test Accuracy: 89.28%
2024-03-10 19:23:00,544:INFO:Epoch 36: Test Accuracy: 91.94%
2024-03-10 19:23:03,861:INFO:Model saved with accuracy: 91.94%
2024-03-10 19:23:35,185:INFO:Epoch 37: Test Accuracy: 90.88%
2024-03-10 19:24:05,954:INFO:Epoch 38: Test Accuracy: 90.88%
2024-03-10 19:24:37,102:INFO:Epoch 39: Test Accuracy: 90.91%
2024-03-10 19:25:08,361:INFO:Epoch 40: Test Accuracy: 89.98%
2024-03-10 19:25:39,131:INFO:Epoch 41: Test Accuracy: 90.6%
2024-03-10 19:26:10,203:INFO:Epoch 42: Test Accuracy: 90.13%
2024-03-10 19:26:41,097:INFO:Epoch 43: Test Accuracy: 90.18%
2024-03-10 19:27:12,363:INFO:Epoch 44: Test Accuracy: 90.83%
2024-03-10 19:27:43,080:INFO:Epoch 45: Test Accuracy: 89.56%
2024-03-10 19:28:14,233:INFO:Epoch 46: Test Accuracy: 90.28%
2024-03-10 19:28:45,747:INFO:Epoch 47: Test Accuracy: 90.45%
2024-03-10 19:29:17,510:INFO:Epoch 48: Test Accuracy: 89.61%
2024-03-10 19:29:48,741:INFO:Epoch 49: Test Accuracy: 89.79%
2024-03-10 19:30:20,393:INFO:Epoch 50: Test Accuracy: 90.28%
2024-03-10 19:30:51,365:INFO:Epoch 51: Test Accuracy: 88.12%
2024-03-10 19:31:22,588:INFO:Epoch 52: Test Accuracy: 88.9%
2024-03-10 19:31:53,534:INFO:Epoch 53: Test Accuracy: 88.37%
2024-03-10 19:32:25,291:INFO:Epoch 54: Test Accuracy: 88.28%
2024-03-10 19:32:56,680:INFO:Epoch 55: Test Accuracy: 88.05%
2024-03-10 19:33:27,865:INFO:Epoch 56: Test Accuracy: 87.56%
2024-03-10 19:33:56,415:INFO:Epoch 57: Test Accuracy: 89.04%
2024-03-10 19:34:24,998:INFO:Epoch 58: Test Accuracy: 88.23%
2024-03-10 19:34:53,913:INFO:Epoch 59: Test Accuracy: 88.52%
2024-03-10 19:35:22,148:INFO:Epoch 60: Test Accuracy: 88.3%
2024-03-10 19:35:50,747:INFO:Epoch 61: Test Accuracy: 87.87%
2024-03-10 19:36:19,555:INFO:Epoch 62: Test Accuracy: 88.77%
2024-03-10 19:36:48,064:INFO:Epoch 63: Test Accuracy: 86.23%
2024-03-10 19:37:16,616:INFO:Epoch 64: Test Accuracy: 87.27%
2024-03-10 19:37:44,924:INFO:Epoch 65: Test Accuracy: 87.24%
2024-03-10 19:38:12,961:INFO:Epoch 66: Test Accuracy: 86.07%
2024-03-10 19:38:41,602:INFO:Epoch 67: Test Accuracy: 87.05%
2024-03-10 19:39:09,983:INFO:Epoch 68: Test Accuracy: 85.33%
2024-03-10 19:39:38,406:INFO:Epoch 69: Test Accuracy: 85.26%
2024-03-10 19:40:07,031:INFO:Epoch 70: Test Accuracy: 86.19%
2024-03-10 19:40:35,879:INFO:Epoch 71: Test Accuracy: 85.21%
2024-03-10 19:41:04,497:INFO:Epoch 72: Test Accuracy: 83.18%
2024-03-10 19:41:33,087:INFO:Epoch 73: Test Accuracy: 83.45%
2024-03-10 19:42:02,226:INFO:Epoch 74: Test Accuracy: 83.84%
2024-03-10 19:42:30,871:INFO:Epoch 75: Test Accuracy: 83.41%
2024-03-10 19:42:59,395:INFO:Epoch 76: Test Accuracy: 84.94%
2024-03-10 19:43:28,536:INFO:Epoch 77: Test Accuracy: 82.51%
2024-03-10 19:43:57,568:INFO:Epoch 78: Test Accuracy: 83.16%
2024-03-10 19:44:26,482:INFO:Epoch 79: Test Accuracy: 84.78%
2024-03-10 19:44:54,974:INFO:Epoch 80: Test Accuracy: 82.18%
2024-03-10 19:45:24,295:INFO:Epoch 81: Test Accuracy: 83.68%
2024-03-10 19:45:53,090:INFO:Epoch 82: Test Accuracy: 79.99%
2024-03-10 19:46:21,749:INFO:Epoch 83: Test Accuracy: 79.27%
2024-03-10 19:46:50,691:INFO:Epoch 84: Test Accuracy: 81.24%
2024-03-10 19:47:19,503:INFO:Epoch 85: Test Accuracy: 78.96%
2024-03-10 19:47:48,730:INFO:Epoch 86: Test Accuracy: 78.05%
2024-03-10 19:48:17,953:INFO:Epoch 87: Test Accuracy: 77.3%
2024-03-10 19:48:46,262:INFO:Epoch 88: Test Accuracy: 74.47%
2024-03-10 19:49:14,740:INFO:Epoch 89: Test Accuracy: 78.83%
2024-03-10 19:49:43,038:INFO:Epoch 90: Test Accuracy: 76.43%
2024-03-10 19:50:11,254:INFO:Epoch 91: Test Accuracy: 74.6%
2024-03-10 19:50:39,749:INFO:Epoch 92: Test Accuracy: 79.77%
2024-03-10 19:51:08,071:INFO:Epoch 93: Test Accuracy: 79.11%
2024-03-10 19:51:36,706:INFO:Epoch 94: Test Accuracy: 80.02%
2024-03-10 19:52:05,834:INFO:Epoch 95: Test Accuracy: 78.01%
2024-03-10 19:52:34,347:INFO:Epoch 96: Test Accuracy: 71.42%
2024-03-10 19:53:02,791:INFO:Epoch 97: Test Accuracy: 74.07%
2024-03-10 19:53:31,253:INFO:Epoch 98: Test Accuracy: 79.04%
2024-03-10 19:54:00,037:INFO:Epoch 99: Test Accuracy: 75.14%
2024-03-10 19:54:26,236:INFO:Finished Training with: sym-0.4
2024-03-06 11:45:39,522 - INFO - Started Training with: resnet34base
2024-03-06 11:45:39,522 - INFO - Training Configuration: batch_size=256, epochs=100, lr=0.01, weight_decay=0.0001, model_name=resnet34base, device=cuda
2024-03-06 11:45:51,486 - INFO - Epoch 1, Loss: 2.2043452749446946
2024-03-06 11:45:54,654 - INFO - Model saved with accuracy: 34.90%
2024-03-06 11:45:54,654 - INFO - Test Accuracy: 34.9%
2024-03-06 11:46:04,992 - INFO - Epoch 2, Loss: 2.0754891500181083
2024-03-06 11:46:08,594 - INFO - Model saved with accuracy: 51.89%
2024-03-06 11:46:08,595 - INFO - Test Accuracy: 51.89%
2024-03-06 11:46:18,813 - INFO - Epoch 3, Loss: 2.010779566910802
2024-03-06 11:46:22,059 - INFO - Model saved with accuracy: 55.47%
2024-03-06 11:46:22,059 - INFO - Test Accuracy: 55.47%
2024-03-06 11:46:32,680 - INFO - Epoch 4, Loss: 1.9651973326595462
2024-03-06 11:46:35,335 - INFO - Model saved with accuracy: 57.15%
2024-03-06 11:46:35,336 - INFO - Test Accuracy: 57.15%
2024-03-06 11:46:45,916 - INFO - Epoch 5, Loss: 1.9196381216146507
2024-03-06 11:46:48,301 - INFO - Model saved with accuracy: 60.97%
2024-03-06 11:46:48,301 - INFO - Test Accuracy: 60.97%
2024-03-06 11:46:59,060 - INFO - Epoch 6, Loss: 1.8848611207640902
2024-03-06 11:47:02,448 - INFO - Model saved with accuracy: 63.24%
2024-03-06 11:47:02,448 - INFO - Test Accuracy: 63.24%
2024-03-06 11:47:13,219 - INFO - Epoch 7, Loss: 1.85104692651301
2024-03-06 11:47:16,054 - INFO - Model saved with accuracy: 70.46%
2024-03-06 11:47:16,055 - INFO - Test Accuracy: 70.46%
2024-03-06 11:47:26,699 - INFO - Epoch 8, Loss: 1.8266438379579661
2024-03-06 11:47:29,837 - INFO - Model saved with accuracy: 71.35%
2024-03-06 11:47:29,837 - INFO - Test Accuracy: 71.35%
2024-03-06 11:47:40,598 - INFO - Epoch 9, Loss: 1.801825729559879
2024-03-06 11:47:43,697 - INFO - Model saved with accuracy: 72.11%
2024-03-06 11:47:43,697 - INFO - Test Accuracy: 72.11%
2024-03-06 11:47:54,484 - INFO - Epoch 10, Loss: 1.7833795164312636
2024-03-06 11:47:55,767 - INFO - Test Accuracy: 71.21%
2024-03-06 11:48:06,454 - INFO - Epoch 11, Loss: 1.7696089422216221
2024-03-06 11:48:09,011 - INFO - Model saved with accuracy: 74.76%
2024-03-06 11:48:09,012 - INFO - Test Accuracy: 74.76%
2024-03-06 11:48:19,730 - INFO - Epoch 12, Loss: 1.7481919308097995
2024-03-06 11:48:23,020 - INFO - Model saved with accuracy: 74.86%
2024-03-06 11:48:23,020 - INFO - Test Accuracy: 74.86%
2024-03-06 11:48:33,564 - INFO - Epoch 13, Loss: 1.7376286131995065
2024-03-06 11:48:34,870 - INFO - Test Accuracy: 72.4%
2024-03-06 11:48:45,097 - INFO - Epoch 14, Loss: 1.7212153265670853
2024-03-06 11:48:48,237 - INFO - Model saved with accuracy: 77.64%
2024-03-06 11:48:48,238 - INFO - Test Accuracy: 77.64%
2024-03-06 11:48:58,685 - INFO - Epoch 15, Loss: 1.706639741756478
2024-03-06 11:49:00,034 - INFO - Test Accuracy: 74.23%
2024-03-06 11:49:10,827 - INFO - Epoch 16, Loss: 1.6943746403772004
2024-03-06 11:49:12,101 - INFO - Test Accuracy: 75.7%
2024-03-06 11:49:23,009 - INFO - Epoch 17, Loss: 1.6819444134527324
2024-03-06 11:49:24,491 - INFO - Test Accuracy: 75.84%
2024-03-06 11:49:34,936 - INFO - Epoch 18, Loss: 1.672123844526252
2024-03-06 11:49:38,023 - INFO - Model saved with accuracy: 79.38%
2024-03-06 11:49:38,023 - INFO - Test Accuracy: 79.38%
2024-03-06 11:49:49,453 - INFO - Epoch 19, Loss: 1.6605437312807356
2024-03-06 11:49:50,769 - INFO - Test Accuracy: 77.13%
2024-03-06 11:50:03,646 - INFO - Epoch 20, Loss: 1.6511437795600112
2024-03-06 11:50:04,891 - INFO - Test Accuracy: 77.99%
2024-03-06 11:50:17,297 - INFO - Epoch 21, Loss: 1.6377238935353804
2024-03-06 11:50:18,557 - INFO - Test Accuracy: 75.72%
2024-03-06 11:50:31,068 - INFO - Epoch 22, Loss: 1.6258448940150592
2024-03-06 11:50:32,413 - INFO - Test Accuracy: 75.74%
2024-03-06 11:50:45,486 - INFO - Epoch 23, Loss: 1.617052640233721
2024-03-06 11:50:46,821 - INFO - Test Accuracy: 77.44%
2024-03-06 11:50:59,220 - INFO - Epoch 24, Loss: 1.6068710240782524
2024-03-06 11:51:00,604 - INFO - Test Accuracy: 77.98%
2024-03-06 11:51:13,687 - INFO - Epoch 25, Loss: 1.5948926009693924
2024-03-06 11:51:16,777 - INFO - Model saved with accuracy: 79.77%
2024-03-06 11:51:16,778 - INFO - Test Accuracy: 79.77%
2024-03-06 11:51:29,480 - INFO - Epoch 26, Loss: 1.5853525467064915
2024-03-06 11:51:30,803 - INFO - Test Accuracy: 79.28%
2024-03-06 11:51:43,911 - INFO - Epoch 27, Loss: 1.5766318768871075
2024-03-06 11:51:45,240 - INFO - Test Accuracy: 76.83%
2024-03-06 11:51:58,113 - INFO - Epoch 28, Loss: 1.5616923661864535
2024-03-06 11:51:59,442 - INFO - Test Accuracy: 74.79%
2024-03-06 11:52:11,828 - INFO - Epoch 29, Loss: 1.5507333120521234
2024-03-06 11:52:13,205 - INFO - Test Accuracy: 76.96%
2024-03-06 11:52:26,179 - INFO - Epoch 30, Loss: 1.537829073716183
2024-03-06 11:52:27,558 - INFO - Test Accuracy: 75.93%
2024-03-06 11:52:40,239 - INFO - Epoch 31, Loss: 1.420059207142616
2024-03-06 11:52:43,334 - INFO - Model saved with accuracy: 81.22%
2024-03-06 11:52:43,334 - INFO - Test Accuracy: 81.22%
2024-03-06 11:52:56,299 - INFO - Epoch 32, Loss: 1.367865695028889
2024-03-06 11:52:57,743 - INFO - Test Accuracy: 80.19%
2024-03-06 11:53:10,524 - INFO - Epoch 33, Loss: 1.3440080802051388
2024-03-06 11:53:12,126 - INFO - Test Accuracy: 79.06%
2024-03-06 11:53:24,133 - INFO - Epoch 34, Loss: 1.3210863027037407
2024-03-06 11:53:25,578 - INFO - Test Accuracy: 78.71%
2024-03-06 11:53:38,584 - INFO - Epoch 35, Loss: 1.3021087719469655
2024-03-06 11:53:40,079 - INFO - Test Accuracy: 78.66%
2024-03-06 11:53:52,163 - INFO - Epoch 36, Loss: 1.2802251212450924
2024-03-06 11:53:53,479 - INFO - Test Accuracy: 77.39%
2024-03-06 11:54:06,567 - INFO - Epoch 37, Loss: 1.2653512778330822
2024-03-06 11:54:07,921 - INFO - Test Accuracy: 76.4%
2024-03-06 11:54:21,031 - INFO - Epoch 38, Loss: 1.245539393960213
2024-03-06 11:54:22,495 - INFO - Test Accuracy: 77.0%
2024-03-06 11:54:34,967 - INFO - Epoch 39, Loss: 1.230598776316156
2024-03-06 11:54:36,268 - INFO - Test Accuracy: 75.26%
2024-03-06 11:54:49,213 - INFO - Epoch 40, Loss: 1.2156014062312184
2024-03-06 11:54:50,594 - INFO - Test Accuracy: 74.07%
2024-03-06 11:55:02,709 - INFO - Epoch 41, Loss: 1.198389429218915
2024-03-06 11:55:04,092 - INFO - Test Accuracy: 73.63%
2024-03-06 11:55:16,785 - INFO - Epoch 42, Loss: 1.1773444027925024
2024-03-06 11:55:18,164 - INFO - Test Accuracy: 74.31%
2024-03-06 11:55:30,853 - INFO - Epoch 43, Loss: 1.1642157593551947
2024-03-06 11:55:32,321 - INFO - Test Accuracy: 72.94%
2024-03-06 11:55:44,581 - INFO - Epoch 44, Loss: 1.144006753454403
2024-03-06 11:55:45,982 - INFO - Test Accuracy: 72.63%
2024-03-06 11:55:59,002 - INFO - Epoch 45, Loss: 1.1302069601963978
2024-03-06 11:56:00,416 - INFO - Test Accuracy: 72.3%
2024-03-06 11:56:12,870 - INFO - Epoch 46, Loss: 1.1049242293348118
2024-03-06 11:56:13,802 - INFO - Test Accuracy: 71.78%
2024-03-06 11:56:26,446 - INFO - Epoch 47, Loss: 1.0957890800675567
2024-03-06 11:56:27,787 - INFO - Test Accuracy: 71.05%
2024-03-06 11:56:40,862 - INFO - Epoch 48, Loss: 1.0775597594222244
2024-03-06 11:56:42,207 - INFO - Test Accuracy: 70.19%
2024-03-06 11:56:54,442 - INFO - Epoch 49, Loss: 1.0560794907565019
2024-03-06 11:56:55,784 - INFO - Test Accuracy: 70.61%
2024-03-06 11:57:08,826 - INFO - Epoch 50, Loss: 1.0386076821964614
2024-03-06 11:57:10,129 - INFO - Test Accuracy: 69.27%
2024-03-06 11:57:22,989 - INFO - Epoch 51, Loss: 1.022859371134213
2024-03-06 11:57:24,561 - INFO - Test Accuracy: 66.74%
2024-03-06 11:57:36,460 - INFO - Epoch 52, Loss: 1.0035446024670893
2024-03-06 11:57:37,720 - INFO - Test Accuracy: 66.52%
2024-03-06 11:57:50,786 - INFO - Epoch 53, Loss: 0.9888507413620852
2024-03-06 11:57:52,057 - INFO - Test Accuracy: 67.59%
2024-03-06 11:58:04,322 - INFO - Epoch 54, Loss: 0.973799643771989
2024-03-06 11:58:05,617 - INFO - Test Accuracy: 68.64%
2024-03-06 11:58:18,375 - INFO - Epoch 55, Loss: 0.9531029979793393
2024-03-06 11:58:19,792 - INFO - Test Accuracy: 68.45%
2024-03-06 11:58:32,140 - INFO - Epoch 56, Loss: 0.9315018796799134
2024-03-06 11:58:33,459 - INFO - Test Accuracy: 66.19%
2024-03-06 11:58:45,878 - INFO - Epoch 57, Loss: 0.9151632506020215
2024-03-06 11:58:47,212 - INFO - Test Accuracy: 66.17%
2024-03-06 11:59:00,289 - INFO - Epoch 58, Loss: 0.8994050968666466
2024-03-06 11:59:01,575 - INFO - Test Accuracy: 65.36%
2024-03-06 11:59:13,798 - INFO - Epoch 59, Loss: 0.8795577953664624
2024-03-06 11:59:15,187 - INFO - Test Accuracy: 65.61%
2024-03-06 11:59:27,840 - INFO - Epoch 60, Loss: 0.8641353717872075
2024-03-06 11:59:29,219 - INFO - Test Accuracy: 62.55%
2024-03-06 11:59:42,135 - INFO - Epoch 61, Loss: 0.7311603341783796
2024-03-06 11:59:43,516 - INFO - Test Accuracy: 65.24%
2024-03-06 11:59:56,079 - INFO - Epoch 62, Loss: 0.6834250871016054
2024-03-06 11:59:57,388 - INFO - Test Accuracy: 65.7%
2024-03-06 12:00:10,237 - INFO - Epoch 63, Loss: 0.6651745982924286
2024-03-06 12:00:11,602 - INFO - Test Accuracy: 63.64%
2024-03-06 12:00:23,639 - INFO - Epoch 64, Loss: 0.6481484693227982
2024-03-06 12:00:25,017 - INFO - Test Accuracy: 63.77%
2024-03-06 12:00:37,868 - INFO - Epoch 65, Loss: 0.6397486961617762
2024-03-06 12:00:39,312 - INFO - Test Accuracy: 64.18%
2024-03-06 12:00:52,372 - INFO - Epoch 66, Loss: 0.6316458087186424
2024-03-06 12:00:53,700 - INFO - Test Accuracy: 62.76%
2024-03-06 12:01:05,951 - INFO - Epoch 67, Loss: 0.6164144423543191
2024-03-06 12:01:07,080 - INFO - Test Accuracy: 62.75%
2024-03-06 12:01:19,446 - INFO - Epoch 68, Loss: 0.6172979249029743
2024-03-06 12:01:20,966 - INFO - Test Accuracy: 63.17%
2024-03-06 12:01:33,751 - INFO - Epoch 69, Loss: 0.6023889456172379
2024-03-06 12:01:34,968 - INFO - Test Accuracy: 62.35%
2024-03-06 12:01:48,056 - INFO - Epoch 70, Loss: 0.5969115637090742
2024-03-06 12:01:49,602 - INFO - Test Accuracy: 62.68%
2024-03-06 12:02:02,689 - INFO - Epoch 71, Loss: 0.5915819943255308
2024-03-06 12:02:04,028 - INFO - Test Accuracy: 61.74%
2024-03-06 12:02:15,684 - INFO - Epoch 72, Loss: 0.5781237946785226
2024-03-06 12:02:17,164 - INFO - Test Accuracy: 61.54%
2024-03-06 12:02:30,031 - INFO - Epoch 73, Loss: 0.5733945876055834
2024-03-06 12:02:31,355 - INFO - Test Accuracy: 61.21%
2024-03-06 12:02:44,256 - INFO - Epoch 74, Loss: 0.5709544671129207
2024-03-06 12:02:45,500 - INFO - Test Accuracy: 61.14%
2024-03-06 12:02:58,467 - INFO - Epoch 75, Loss: 0.5596770406985769
2024-03-06 12:02:59,833 - INFO - Test Accuracy: 61.13%
2024-03-06 12:03:12,396 - INFO - Epoch 76, Loss: 0.557950787854438
2024-03-06 12:03:13,674 - INFO - Test Accuracy: 61.51%
2024-03-06 12:03:25,860 - INFO - Epoch 77, Loss: 0.5481253836532028
2024-03-06 12:03:27,184 - INFO - Test Accuracy: 61.21%
2024-03-06 12:03:40,212 - INFO - Epoch 78, Loss: 0.5413760218997391
2024-03-06 12:03:41,565 - INFO - Test Accuracy: 62.01%
2024-03-06 12:03:54,442 - INFO - Epoch 79, Loss: 0.5355341396465594
2024-03-06 12:03:55,599 - INFO - Test Accuracy: 59.74%
2024-03-06 12:04:08,117 - INFO - Epoch 80, Loss: 0.529601546118454
2024-03-06 12:04:09,558 - INFO - Test Accuracy: 60.13%
2024-03-06 12:04:22,181 - INFO - Epoch 81, Loss: 0.5276786508608837
2024-03-06 12:04:23,496 - INFO - Test Accuracy: 59.71%
2024-03-06 12:04:35,624 - INFO - Epoch 82, Loss: 0.5187280523229618
2024-03-06 12:04:37,062 - INFO - Test Accuracy: 60.71%
2024-03-06 12:04:49,845 - INFO - Epoch 83, Loss: 0.5151705927386576
2024-03-06 12:04:51,474 - INFO - Test Accuracy: 60.05%
2024-03-06 12:05:03,686 - INFO - Epoch 84, Loss: 0.5046142017354771
2024-03-06 12:05:05,041 - INFO - Test Accuracy: 60.48%
2024-03-06 12:05:17,442 - INFO - Epoch 85, Loss: 0.5069033497450303
2024-03-06 12:05:18,729 - INFO - Test Accuracy: 61.1%
2024-03-06 12:05:31,710 - INFO - Epoch 86, Loss: 0.497897667848334
2024-03-06 12:05:33,210 - INFO - Test Accuracy: 61.65%
2024-03-06 12:05:45,084 - INFO - Epoch 87, Loss: 0.49981285494809247
2024-03-06 12:05:46,458 - INFO - Test Accuracy: 59.78%
2024-03-06 12:05:59,143 - INFO - Epoch 88, Loss: 0.4874516447283784
2024-03-06 12:06:00,603 - INFO - Test Accuracy: 58.93%
2024-03-06 12:06:13,483 - INFO - Epoch 89, Loss: 0.48659636521217775
2024-03-06 12:06:14,854 - INFO - Test Accuracy: 60.11%
2024-03-06 12:06:27,406 - INFO - Epoch 90, Loss: 0.4756896585530164
2024-03-06 12:06:28,763 - INFO - Test Accuracy: 59.17%
2024-03-06 12:06:41,458 - INFO - Epoch 91, Loss: 0.4647098616981993
2024-03-06 12:06:42,870 - INFO - Test Accuracy: 59.33%
2024-03-06 12:06:54,819 - INFO - Epoch 92, Loss: 0.4581061028400246
2024-03-06 12:06:56,187 - INFO - Test Accuracy: 59.49%
2024-03-06 12:07:09,101 - INFO - Epoch 93, Loss: 0.4560649505987459
2024-03-06 12:07:10,432 - INFO - Test Accuracy: 59.71%
2024-03-06 12:07:23,495 - INFO - Epoch 94, Loss: 0.45305831608723623
2024-03-06 12:07:24,747 - INFO - Test Accuracy: 59.01%
2024-03-06 12:07:36,853 - INFO - Epoch 95, Loss: 0.4527676414166178
2024-03-06 12:07:38,212 - INFO - Test Accuracy: 59.47%
2024-03-06 12:07:50,684 - INFO - Epoch 96, Loss: 0.455510211690348
2024-03-06 12:07:52,078 - INFO - Test Accuracy: 59.82%
2024-03-06 12:08:04,538 - INFO - Epoch 97, Loss: 0.45533909040446185
2024-03-06 12:08:05,841 - INFO - Test Accuracy: 59.5%
2024-03-06 12:08:18,893 - INFO - Epoch 98, Loss: 0.45164629573724707
2024-03-06 12:08:20,315 - INFO - Test Accuracy: 59.61%
2024-03-06 12:08:33,356 - INFO - Epoch 99, Loss: 0.4497015841153203
2024-03-06 12:08:34,690 - INFO - Test Accuracy: 59.05%
2024-03-06 12:08:46,284 - INFO - Epoch 100, Loss: 0.44463595185352833
2024-03-06 12:08:47,623 - INFO - Test Accuracy: 59.2%