2024-03-13 10:15:54,813:INFO:Start Training with: worse_label-0.0
2024-03-13 10:15:57,103:INFO:Epoch 0: Test Accuracy: 9.85%
2024-03-13 10:15:59,476:INFO:Model saved with accuracy: 9.85%
2024-03-13 10:16:44,802:INFO:Epoch 1: Test Accuracy: 85.04%
2024-03-13 10:16:46,473:INFO:Model saved with accuracy: 85.04%
2024-03-13 10:17:30,959:INFO:Epoch 2: Test Accuracy: 88.08%
2024-03-13 10:17:33,536:INFO:Model saved with accuracy: 88.08%
2024-03-13 10:18:19,375:INFO:Epoch 3: Test Accuracy: 87.52%
2024-03-13 10:19:06,273:INFO:Epoch 4: Test Accuracy: 87.15%
2024-03-13 10:19:52,018:INFO:Epoch 5: Test Accuracy: 89.91%
2024-03-13 10:19:53,705:INFO:Model saved with accuracy: 89.91%
2024-03-13 10:20:30,600:INFO:Epoch 6: Test Accuracy: 90.99%
2024-03-13 10:20:32,330:INFO:Model saved with accuracy: 90.99%
2024-03-13 10:21:09,516:INFO:Epoch 7: Test Accuracy: 90.49%
2024-03-13 10:21:46,501:INFO:Epoch 8: Test Accuracy: 90.35%
2024-03-13 10:22:23,839:INFO:Epoch 9: Test Accuracy: 90.45%
2024-03-13 10:23:00,834:INFO:Epoch 10: Test Accuracy: 90.18%
2024-03-13 10:23:38,228:INFO:Epoch 11: Test Accuracy: 90.17%
2024-03-13 10:24:15,312:INFO:Epoch 12: Test Accuracy: 90.47%
2024-03-13 10:24:52,844:INFO:Epoch 13: Test Accuracy: 90.72%
2024-03-13 10:25:30,470:INFO:Epoch 14: Test Accuracy: 88.48%
2024-03-13 10:26:07,592:INFO:Epoch 15: Test Accuracy: 90.28%
2024-03-13 10:26:45,411:INFO:Epoch 16: Test Accuracy: 90.05%
2024-03-13 10:27:22,265:INFO:Epoch 17: Test Accuracy: 90.5%
2024-03-13 10:27:59,943:INFO:Epoch 18: Test Accuracy: 90.1%
2024-03-13 10:28:37,468:INFO:Epoch 19: Test Accuracy: 89.72%
2024-03-13 10:29:15,346:INFO:Epoch 20: Test Accuracy: 89.53%
2024-03-13 10:29:52,990:INFO:Epoch 21: Test Accuracy: 89.34%
2024-03-13 10:30:30,435:INFO:Epoch 22: Test Accuracy: 88.83%
2024-03-13 10:31:07,820:INFO:Epoch 23: Test Accuracy: 89.82%
2024-03-13 10:31:45,436:INFO:Epoch 24: Test Accuracy: 89.66%
2024-03-13 10:32:23,155:INFO:Epoch 25: Test Accuracy: 87.85%
2024-03-13 10:33:00,780:INFO:Epoch 26: Test Accuracy: 90.11%
2024-03-13 10:33:38,706:INFO:Epoch 27: Test Accuracy: 89.44%
2024-03-13 10:34:16,305:INFO:Epoch 28: Test Accuracy: 89.56%
2024-03-13 10:34:54,679:INFO:Epoch 29: Test Accuracy: 89.99%
2024-03-13 10:35:33,004:INFO:Epoch 30: Test Accuracy: 89.88%
2024-03-13 10:36:10,346:INFO:Epoch 31: Test Accuracy: 89.33%
2024-03-13 10:36:48,268:INFO:Epoch 32: Test Accuracy: 89.38%
2024-03-13 10:37:26,019:INFO:Epoch 33: Test Accuracy: 89.02%
2024-03-13 10:38:04,035:INFO:Epoch 34: Test Accuracy: 88.86%
2024-03-13 10:38:41,717:INFO:Epoch 35: Test Accuracy: 89.33%
2024-03-13 10:39:20,244:INFO:Epoch 36: Test Accuracy: 89.5%
2024-03-13 10:39:58,648:INFO:Epoch 37: Test Accuracy: 88.37%
2024-03-13 10:40:36,768:INFO:Epoch 38: Test Accuracy: 86.83%
2024-03-13 10:41:15,303:INFO:Epoch 39: Test Accuracy: 88.83%
2024-03-13 10:41:52,998:INFO:Epoch 40: Test Accuracy: 88.77%
2024-03-13 10:42:30,914:INFO:Epoch 41: Test Accuracy: 88.99%
2024-03-13 10:43:08,670:INFO:Epoch 42: Test Accuracy: 87.74%
2024-03-13 10:43:46,750:INFO:Epoch 43: Test Accuracy: 87.6%
2024-03-13 10:44:25,216:INFO:Epoch 44: Test Accuracy: 88.42%
2024-03-13 10:45:03,778:INFO:Epoch 45: Test Accuracy: 88.21%
2024-03-13 10:45:42,200:INFO:Epoch 46: Test Accuracy: 88.81%
2024-03-13 10:46:20,099:INFO:Epoch 47: Test Accuracy: 88.38%
2024-03-13 10:46:58,430:INFO:Epoch 48: Test Accuracy: 88.29%
2024-03-13 10:47:36,380:INFO:Epoch 49: Test Accuracy: 87.21%
2024-03-13 10:48:14,778:INFO:Epoch 50: Test Accuracy: 88.83%
2024-03-13 10:48:53,079:INFO:Epoch 51: Test Accuracy: 88.3%
2024-03-13 10:49:31,188:INFO:Epoch 52: Test Accuracy: 87.61%
2024-03-13 10:50:09,465:INFO:Epoch 53: Test Accuracy: 86.46%
2024-03-13 10:50:47,466:INFO:Epoch 54: Test Accuracy: 87.17%
2024-03-13 10:51:25,687:INFO:Epoch 55: Test Accuracy: 88.17%
2024-03-13 10:52:03,641:INFO:Epoch 56: Test Accuracy: 87.17%
2024-03-13 10:52:42,325:INFO:Epoch 57: Test Accuracy: 88.45%
2024-03-13 10:53:20,980:INFO:Epoch 58: Test Accuracy: 86.73%
2024-03-13 10:53:59,670:INFO:Epoch 59: Test Accuracy: 87.86%
2024-03-13 10:54:38,460:INFO:Epoch 60: Test Accuracy: 87.41%
2024-03-13 10:55:16,797:INFO:Epoch 61: Test Accuracy: 86.56%
2024-03-13 10:55:55,807:INFO:Epoch 62: Test Accuracy: 82.0%
2024-03-13 10:56:34,108:INFO:Epoch 63: Test Accuracy: 88.08%
2024-03-13 10:57:12,636:INFO:Epoch 64: Test Accuracy: 86.51%
2024-03-13 10:57:51,000:INFO:Epoch 65: Test Accuracy: 87.55%
2024-03-13 10:58:29,692:INFO:Epoch 66: Test Accuracy: 85.94%
2024-03-13 10:59:08,397:INFO:Epoch 67: Test Accuracy: 85.56%
2024-03-13 10:59:46,450:INFO:Epoch 68: Test Accuracy: 86.7%
2024-03-13 11:00:25,783:INFO:Epoch 69: Test Accuracy: 86.9%
2024-03-13 11:01:04,202:INFO:Epoch 70: Test Accuracy: 87.58%
2024-03-13 11:01:43,339:INFO:Epoch 71: Test Accuracy: 86.93%
2024-03-13 11:02:21,670:INFO:Epoch 72: Test Accuracy: 86.51%
2024-03-13 11:02:59,641:INFO:Epoch 73: Test Accuracy: 87.53%
2024-03-13 11:03:38,215:INFO:Epoch 74: Test Accuracy: 86.75%
2024-03-13 11:04:17,011:INFO:Epoch 75: Test Accuracy: 86.99%
2024-03-13 11:04:55,646:INFO:Epoch 76: Test Accuracy: 87.29%
2024-03-13 11:05:34,192:INFO:Epoch 77: Test Accuracy: 86.07%
2024-03-13 11:06:13,263:INFO:Epoch 78: Test Accuracy: 86.88%
2024-03-13 11:06:51,806:INFO:Epoch 79: Test Accuracy: 84.97%
2024-03-13 11:07:30,249:INFO:Epoch 80: Test Accuracy: 86.45%
2024-03-13 11:08:09,262:INFO:Epoch 81: Test Accuracy: 85.48%
2024-03-13 11:08:47,864:INFO:Epoch 82: Test Accuracy: 86.21%
2024-03-13 11:09:26,990:INFO:Epoch 83: Test Accuracy: 85.99%
2024-03-13 11:10:06,019:INFO:Epoch 84: Test Accuracy: 85.41%
2024-03-13 11:10:45,027:INFO:Epoch 85: Test Accuracy: 85.39%
2024-03-13 11:11:24,113:INFO:Epoch 86: Test Accuracy: 86.41%
2024-03-13 11:12:03,244:INFO:Epoch 87: Test Accuracy: 86.23%
2024-03-13 11:12:42,012:INFO:Epoch 88: Test Accuracy: 86.36%
2024-03-13 11:13:20,633:INFO:Epoch 89: Test Accuracy: 86.19%
2024-03-13 11:14:00,027:INFO:Epoch 90: Test Accuracy: 85.44%
2024-03-13 11:14:39,354:INFO:Epoch 91: Test Accuracy: 80.92%
2024-03-13 11:15:18,221:INFO:Epoch 92: Test Accuracy: 85.59%
2024-03-13 11:15:57,425:INFO:Epoch 93: Test Accuracy: 85.07%
2024-03-13 11:16:36,174:INFO:Epoch 94: Test Accuracy: 83.02%
2024-03-13 11:17:15,386:INFO:Epoch 95: Test Accuracy: 85.76%
2024-03-13 11:17:54,082:INFO:Epoch 96: Test Accuracy: 85.36%
2024-03-13 11:18:33,305:INFO:Epoch 97: Test Accuracy: 86.47%
2024-03-13 11:19:12,298:INFO:Epoch 98: Test Accuracy: 86.45%
2024-03-13 11:19:51,570:INFO:Epoch 99: Test Accuracy: 83.95%
2024-03-13 11:20:28,554:INFO:Finished Training with: worse_label-0.0
2024-03-13 11:20:29,953:INFO:Start Training with: aggre_label-0.0
2024-03-13 11:20:31,970:INFO:Epoch 0: Test Accuracy: 9.74%
2024-03-13 11:20:33,255:INFO:Model saved with accuracy: 9.74%
2024-03-13 11:21:18,987:INFO:Epoch 1: Test Accuracy: 88.23%
2024-03-13 11:21:20,537:INFO:Model saved with accuracy: 88.23%
2024-03-13 11:22:06,666:INFO:Epoch 2: Test Accuracy: 91.84%
2024-03-13 11:22:09,038:INFO:Model saved with accuracy: 91.84%
2024-03-13 11:22:55,854:INFO:Epoch 3: Test Accuracy: 91.37%
2024-03-13 11:23:42,825:INFO:Epoch 4: Test Accuracy: 92.48%
2024-03-13 11:23:43,655:INFO:Model saved with accuracy: 92.48%
2024-03-13 11:24:30,123:INFO:Epoch 5: Test Accuracy: 94.18%
2024-03-13 11:24:31,337:INFO:Model saved with accuracy: 94.18%
2024-03-13 11:25:15,444:INFO:Epoch 6: Test Accuracy: 93.84%
2024-03-13 11:25:59,606:INFO:Epoch 7: Test Accuracy: 94.21%
2024-03-13 11:26:00,956:INFO:Model saved with accuracy: 94.21%
2024-03-13 11:26:44,970:INFO:Epoch 8: Test Accuracy: 94.14%
2024-03-13 11:27:29,583:INFO:Epoch 9: Test Accuracy: 94.47%
2024-03-13 11:27:31,704:INFO:Model saved with accuracy: 94.47%
2024-03-13 11:28:15,813:INFO:Epoch 10: Test Accuracy: 94.01%
2024-03-13 11:28:59,772:INFO:Epoch 11: Test Accuracy: 94.26%
2024-03-13 11:29:43,990:INFO:Epoch 12: Test Accuracy: 94.34%
2024-03-13 11:30:28,275:INFO:Epoch 13: Test Accuracy: 93.92%
2024-03-13 11:31:12,179:INFO:Epoch 14: Test Accuracy: 94.44%
2024-03-13 11:31:56,642:INFO:Epoch 15: Test Accuracy: 94.52%
2024-03-13 11:31:58,366:INFO:Model saved with accuracy: 94.52%
2024-03-13 11:32:42,647:INFO:Epoch 16: Test Accuracy: 94.15%
2024-03-13 11:33:26,313:INFO:Epoch 17: Test Accuracy: 94.4%
2024-03-13 11:34:10,693:INFO:Epoch 18: Test Accuracy: 94.3%
2024-03-13 11:34:55,007:INFO:Epoch 19: Test Accuracy: 94.33%
2024-03-13 11:35:39,166:INFO:Epoch 20: Test Accuracy: 94.36%
2024-03-13 11:36:23,390:INFO:Epoch 21: Test Accuracy: 94.46%
2024-03-13 11:37:08,188:INFO:Epoch 22: Test Accuracy: 94.56%
2024-03-13 11:37:10,288:INFO:Model saved with accuracy: 94.56%
2024-03-13 11:37:54,440:INFO:Epoch 23: Test Accuracy: 94.25%
2024-03-13 11:38:39,049:INFO:Epoch 24: Test Accuracy: 94.4%
2024-03-13 11:39:23,478:INFO:Epoch 25: Test Accuracy: 94.12%
2024-03-13 11:40:07,331:INFO:Epoch 26: Test Accuracy: 94.14%
2024-03-13 11:40:51,981:INFO:Epoch 27: Test Accuracy: 94.66%
2024-03-13 11:40:53,875:INFO:Model saved with accuracy: 94.66%
2024-03-13 11:41:38,224:INFO:Epoch 28: Test Accuracy: 94.54%
2024-03-13 11:42:22,542:INFO:Epoch 29: Test Accuracy: 94.31%
2024-03-13 11:43:07,001:INFO:Epoch 30: Test Accuracy: 94.32%
2024-03-13 11:43:51,578:INFO:Epoch 31: Test Accuracy: 94.48%
2024-03-13 11:44:35,795:INFO:Epoch 32: Test Accuracy: 94.26%
2024-03-13 11:45:20,573:INFO:Epoch 33: Test Accuracy: 94.09%
2024-03-13 11:46:04,986:INFO:Epoch 34: Test Accuracy: 94.32%
2024-03-13 11:46:49,195:INFO:Epoch 35: Test Accuracy: 94.23%
2024-03-13 11:47:33,978:INFO:Epoch 36: Test Accuracy: 94.46%
2024-03-13 11:48:18,682:INFO:Epoch 37: Test Accuracy: 94.28%
2024-03-13 11:49:02,908:INFO:Epoch 38: Test Accuracy: 94.44%
2024-03-13 11:49:47,748:INFO:Epoch 39: Test Accuracy: 94.13%
2024-03-13 11:50:32,309:INFO:Epoch 40: Test Accuracy: 93.86%
2024-03-13 11:51:16,646:INFO:Epoch 41: Test Accuracy: 94.37%
2024-03-13 11:52:01,476:INFO:Epoch 42: Test Accuracy: 94.21%
2024-03-13 11:52:45,848:INFO:Epoch 43: Test Accuracy: 94.4%
2024-03-13 11:53:29,969:INFO:Epoch 44: Test Accuracy: 94.5%
2024-03-13 11:54:14,350:INFO:Epoch 45: Test Accuracy: 94.19%
2024-03-13 11:54:59,314:INFO:Epoch 46: Test Accuracy: 94.57%
2024-03-13 11:55:43,095:INFO:Epoch 47: Test Accuracy: 94.38%
2024-03-13 11:56:28,230:INFO:Epoch 48: Test Accuracy: 94.17%
2024-03-13 11:57:13,041:INFO:Epoch 49: Test Accuracy: 94.23%
2024-03-13 11:57:57,608:INFO:Epoch 50: Test Accuracy: 94.09%
2024-03-13 11:58:42,357:INFO:Epoch 51: Test Accuracy: 94.26%
2024-03-13 11:59:26,944:INFO:Epoch 52: Test Accuracy: 94.27%
2024-03-13 12:00:10,709:INFO:Epoch 53: Test Accuracy: 94.33%
2024-03-13 12:00:55,329:INFO:Epoch 54: Test Accuracy: 94.38%
2024-03-13 12:01:39,976:INFO:Epoch 55: Test Accuracy: 93.88%
2024-03-13 12:02:24,771:INFO:Epoch 56: Test Accuracy: 93.83%
2024-03-13 12:03:09,651:INFO:Epoch 57: Test Accuracy: 94.1%
2024-03-13 12:03:54,206:INFO:Epoch 58: Test Accuracy: 94.21%
2024-03-13 12:04:38,706:INFO:Epoch 59: Test Accuracy: 94.1%
2024-03-13 12:05:24,154:INFO:Epoch 60: Test Accuracy: 94.18%
2024-03-13 12:06:08,439:INFO:Epoch 61: Test Accuracy: 94.29%
2024-03-13 12:06:52,363:INFO:Epoch 62: Test Accuracy: 94.04%
2024-03-13 12:07:37,064:INFO:Epoch 63: Test Accuracy: 94.3%
2024-03-13 12:08:20,998:INFO:Epoch 64: Test Accuracy: 94.06%
2024-03-13 12:09:05,203:INFO:Epoch 65: Test Accuracy: 94.32%
2024-03-13 12:09:50,114:INFO:Epoch 66: Test Accuracy: 94.13%
2024-03-13 12:10:35,214:INFO:Epoch 67: Test Accuracy: 94.27%
2024-03-13 12:11:19,440:INFO:Epoch 68: Test Accuracy: 94.15%
2024-03-13 12:12:03,987:INFO:Epoch 69: Test Accuracy: 94.18%
2024-03-13 12:12:48,010:INFO:Epoch 70: Test Accuracy: 94.06%
2024-03-13 12:13:32,036:INFO:Epoch 71: Test Accuracy: 94.23%
2024-03-13 12:14:16,511:INFO:Epoch 72: Test Accuracy: 94.27%
2024-03-13 12:15:01,216:INFO:Epoch 73: Test Accuracy: 93.82%
2024-03-13 12:15:45,471:INFO:Epoch 74: Test Accuracy: 94.02%
2024-03-13 12:16:30,489:INFO:Epoch 75: Test Accuracy: 94.2%
2024-03-13 12:17:15,375:INFO:Epoch 76: Test Accuracy: 94.19%
2024-03-13 12:18:00,049:INFO:Epoch 77: Test Accuracy: 94.39%
2024-03-13 12:18:45,320:INFO:Epoch 78: Test Accuracy: 94.04%
2024-03-13 12:19:30,956:INFO:Epoch 79: Test Accuracy: 93.5%
2024-03-13 12:20:15,495:INFO:Epoch 80: Test Accuracy: 94.08%
2024-03-13 12:21:01,029:INFO:Epoch 81: Test Accuracy: 94.21%
2024-03-13 12:21:45,774:INFO:Epoch 82: Test Accuracy: 94.08%
2024-03-13 12:22:30,288:INFO:Epoch 83: Test Accuracy: 93.96%
2024-03-13 12:23:15,060:INFO:Epoch 84: Test Accuracy: 94.31%
2024-03-13 12:24:00,227:INFO:Epoch 85: Test Accuracy: 94.1%
2024-03-13 12:24:45,314:INFO:Epoch 86: Test Accuracy: 94.04%
2024-03-13 12:25:30,681:INFO:Epoch 87: Test Accuracy: 94.23%
2024-03-13 12:26:16,347:INFO:Epoch 88: Test Accuracy: 93.29%
2024-03-13 12:27:01,048:INFO:Epoch 89: Test Accuracy: 93.8%
2024-03-13 12:27:46,315:INFO:Epoch 90: Test Accuracy: 94.01%
2024-03-13 12:28:31,307:INFO:Epoch 91: Test Accuracy: 94.27%
2024-03-13 12:29:16,027:INFO:Epoch 92: Test Accuracy: 94.29%
2024-03-13 12:30:00,913:INFO:Epoch 93: Test Accuracy: 94.08%
2024-03-13 12:30:46,396:INFO:Epoch 94: Test Accuracy: 94.07%
2024-03-13 12:31:31,342:INFO:Epoch 95: Test Accuracy: 94.23%
2024-03-13 12:32:16,682:INFO:Epoch 96: Test Accuracy: 93.89%
2024-03-13 12:33:02,157:INFO:Epoch 97: Test Accuracy: 94.1%
2024-03-13 12:33:47,111:INFO:Epoch 98: Test Accuracy: 93.96%
2024-03-13 12:34:31,902:INFO:Epoch 99: Test Accuracy: 93.85%
2024-03-13 12:35:14,707:INFO:Finished Training with: aggre_label-0.0
2024-03-13 12:35:16,080:INFO:Start Training with: random_label1-0.0
2024-03-13 12:35:18,376:INFO:Epoch 0: Test Accuracy: 11.92%
2024-03-13 12:35:20,543:INFO:Model saved with accuracy: 11.92%
2024-03-13 12:36:05,690:INFO:Epoch 1: Test Accuracy: 87.79%
2024-03-13 12:36:06,894:INFO:Model saved with accuracy: 87.79%
2024-03-13 12:36:52,806:INFO:Epoch 2: Test Accuracy: 89.32%
2024-03-13 12:36:53,557:INFO:Model saved with accuracy: 89.32%
2024-03-13 12:37:40,496:INFO:Epoch 3: Test Accuracy: 90.57%
2024-03-13 12:37:42,395:INFO:Model saved with accuracy: 90.57%
2024-03-13 12:38:29,236:INFO:Epoch 4: Test Accuracy: 91.99%
2024-03-13 12:38:31,059:INFO:Model saved with accuracy: 91.99%
2024-03-13 12:39:18,441:INFO:Epoch 5: Test Accuracy: 93.24%
2024-03-13 12:39:20,229:INFO:Model saved with accuracy: 93.24%
2024-03-13 12:40:02,869:INFO:Epoch 6: Test Accuracy: 93.2%
2024-03-13 12:40:45,157:INFO:Epoch 7: Test Accuracy: 93.46%
2024-03-13 12:40:47,234:INFO:Model saved with accuracy: 93.46%
2024-03-13 12:41:29,625:INFO:Epoch 8: Test Accuracy: 93.35%
2024-03-13 12:42:11,792:INFO:Epoch 9: Test Accuracy: 93.11%
2024-03-13 12:42:54,468:INFO:Epoch 10: Test Accuracy: 93.78%
2024-03-13 12:42:56,114:INFO:Model saved with accuracy: 93.78%
2024-03-13 12:43:38,062:INFO:Epoch 11: Test Accuracy: 93.25%
2024-03-13 12:44:20,356:INFO:Epoch 12: Test Accuracy: 93.72%
2024-03-13 12:45:02,688:INFO:Epoch 13: Test Accuracy: 93.79%
2024-03-13 12:45:04,577:INFO:Model saved with accuracy: 93.79%
2024-03-13 12:45:46,638:INFO:Epoch 14: Test Accuracy: 93.57%
2024-03-13 12:46:29,154:INFO:Epoch 15: Test Accuracy: 93.55%
2024-03-13 12:47:11,237:INFO:Epoch 16: Test Accuracy: 93.71%
2024-03-13 12:47:53,610:INFO:Epoch 17: Test Accuracy: 93.81%
2024-03-13 12:47:55,459:INFO:Model saved with accuracy: 93.81%
2024-03-13 12:48:38,125:INFO:Epoch 18: Test Accuracy: 93.41%
2024-03-13 12:49:19,917:INFO:Epoch 19: Test Accuracy: 93.93%
2024-03-13 12:49:21,461:INFO:Model saved with accuracy: 93.93%
2024-03-13 12:50:03,957:INFO:Epoch 20: Test Accuracy: 93.84%
2024-03-13 12:50:45,762:INFO:Epoch 21: Test Accuracy: 93.91%
2024-03-13 12:51:27,557:INFO:Epoch 22: Test Accuracy: 93.86%
2024-03-13 12:52:10,337:INFO:Epoch 23: Test Accuracy: 93.82%
2024-03-13 12:52:52,779:INFO:Epoch 24: Test Accuracy: 93.32%
2024-03-13 12:53:35,423:INFO:Epoch 25: Test Accuracy: 93.82%
2024-03-13 12:54:19,837:INFO:Epoch 26: Test Accuracy: 93.89%
2024-03-13 12:55:04,350:INFO:Epoch 27: Test Accuracy: 94.18%
2024-03-13 12:55:06,872:INFO:Model saved with accuracy: 94.18%
2024-03-13 12:55:50,731:INFO:Epoch 28: Test Accuracy: 94.13%
2024-03-13 12:56:35,248:INFO:Epoch 29: Test Accuracy: 93.97%
2024-03-13 12:57:19,541:INFO:Epoch 30: Test Accuracy: 93.77%
2024-03-13 12:58:02,855:INFO:Epoch 31: Test Accuracy: 93.82%
2024-03-13 12:58:46,961:INFO:Epoch 32: Test Accuracy: 93.88%
2024-03-13 12:59:30,454:INFO:Epoch 33: Test Accuracy: 93.46%
2024-03-13 13:00:14,091:INFO:Epoch 34: Test Accuracy: 93.92%
2024-03-13 13:00:57,920:INFO:Epoch 35: Test Accuracy: 93.61%
2024-03-13 13:01:41,602:INFO:Epoch 36: Test Accuracy: 93.53%
2024-03-13 13:02:25,679:INFO:Epoch 37: Test Accuracy: 93.7%
2024-03-13 13:03:09,277:INFO:Epoch 38: Test Accuracy: 93.67%
2024-03-13 13:03:52,678:INFO:Epoch 39: Test Accuracy: 93.59%
2024-03-13 13:04:36,399:INFO:Epoch 40: Test Accuracy: 93.93%
2024-03-13 13:05:20,382:INFO:Epoch 41: Test Accuracy: 93.69%
2024-03-13 13:06:04,921:INFO:Epoch 42: Test Accuracy: 94.19%
2024-03-13 13:06:06,980:INFO:Model saved with accuracy: 94.19%
2024-03-13 13:06:51,433:INFO:Epoch 43: Test Accuracy: 93.5%
2024-03-13 13:07:35,209:INFO:Epoch 44: Test Accuracy: 93.86%
2024-03-13 13:08:19,462:INFO:Epoch 45: Test Accuracy: 93.4%
2024-03-13 13:09:03,619:INFO:Epoch 46: Test Accuracy: 93.94%
2024-03-13 13:09:47,526:INFO:Epoch 47: Test Accuracy: 93.32%
2024-03-13 13:10:31,773:INFO:Epoch 48: Test Accuracy: 93.54%
2024-03-13 13:11:15,689:INFO:Epoch 49: Test Accuracy: 93.66%
2024-03-13 13:11:59,979:INFO:Epoch 50: Test Accuracy: 93.19%
2024-03-13 13:12:44,347:INFO:Epoch 51: Test Accuracy: 93.91%
2024-03-13 13:13:28,673:INFO:Epoch 52: Test Accuracy: 93.5%
2024-03-13 13:14:12,376:INFO:Epoch 53: Test Accuracy: 93.14%
2024-03-13 13:14:56,345:INFO:Epoch 54: Test Accuracy: 92.87%
2024-03-13 13:15:39,789:INFO:Epoch 55: Test Accuracy: 93.67%
2024-03-13 13:16:22,752:INFO:Epoch 56: Test Accuracy: 93.43%
2024-03-13 13:17:05,784:INFO:Epoch 57: Test Accuracy: 93.52%
2024-03-13 13:17:49,068:INFO:Epoch 58: Test Accuracy: 93.17%
2024-03-13 13:18:32,615:INFO:Epoch 59: Test Accuracy: 93.59%
2024-03-13 13:19:15,873:INFO:Epoch 60: Test Accuracy: 92.82%
2024-03-13 13:20:00,007:INFO:Epoch 61: Test Accuracy: 93.67%
2024-03-13 13:20:44,525:INFO:Epoch 62: Test Accuracy: 93.28%
2024-03-13 13:21:29,787:INFO:Epoch 63: Test Accuracy: 93.39%
2024-03-13 13:22:15,177:INFO:Epoch 64: Test Accuracy: 93.29%
2024-03-13 13:22:59,594:INFO:Epoch 65: Test Accuracy: 93.08%
2024-03-13 13:23:44,081:INFO:Epoch 66: Test Accuracy: 92.7%
2024-03-13 13:24:28,608:INFO:Epoch 67: Test Accuracy: 92.98%
2024-03-13 13:25:13,310:INFO:Epoch 68: Test Accuracy: 93.56%
2024-03-13 13:25:58,502:INFO:Epoch 69: Test Accuracy: 93.4%
2024-03-13 13:26:43,951:INFO:Epoch 70: Test Accuracy: 93.42%
2024-03-13 13:27:29,827:INFO:Epoch 71: Test Accuracy: 93.43%
2024-03-13 13:28:14,697:INFO:Epoch 72: Test Accuracy: 93.12%
2024-03-13 13:28:59,947:INFO:Epoch 73: Test Accuracy: 93.24%
2024-03-13 13:29:45,148:INFO:Epoch 74: Test Accuracy: 93.0%
2024-03-13 13:30:31,071:INFO:Epoch 75: Test Accuracy: 93.38%
2024-03-13 13:31:16,466:INFO:Epoch 76: Test Accuracy: 92.81%
2024-03-13 13:32:01,955:INFO:Epoch 77: Test Accuracy: 92.91%
2024-03-13 13:32:47,315:INFO:Epoch 78: Test Accuracy: 93.28%
2024-03-13 13:33:32,953:INFO:Epoch 79: Test Accuracy: 93.4%
2024-03-13 13:34:18,283:INFO:Epoch 80: Test Accuracy: 93.26%
2024-03-13 13:35:04,188:INFO:Epoch 81: Test Accuracy: 92.18%
2024-03-13 13:35:49,562:INFO:Epoch 82: Test Accuracy: 93.3%
2024-03-13 13:36:34,908:INFO:Epoch 83: Test Accuracy: 93.19%
2024-03-13 13:37:19,907:INFO:Epoch 84: Test Accuracy: 92.94%
2024-03-13 13:38:04,794:INFO:Epoch 85: Test Accuracy: 92.99%
2024-03-13 13:38:49,742:INFO:Epoch 86: Test Accuracy: 93.24%
2024-03-13 13:39:35,019:INFO:Epoch 87: Test Accuracy: 93.1%
2024-03-13 13:40:19,817:INFO:Epoch 88: Test Accuracy: 93.36%
2024-03-13 13:41:04,759:INFO:Epoch 89: Test Accuracy: 92.83%
2024-03-13 13:41:49,884:INFO:Epoch 90: Test Accuracy: 92.64%
2024-03-13 13:42:33,796:INFO:Epoch 91: Test Accuracy: 92.81%
2024-03-13 13:43:18,057:INFO:Epoch 92: Test Accuracy: 92.77%
2024-03-13 13:44:02,157:INFO:Epoch 93: Test Accuracy: 93.21%
2024-03-13 13:44:46,262:INFO:Epoch 94: Test Accuracy: 92.67%
2024-03-13 13:45:30,395:INFO:Epoch 95: Test Accuracy: 92.81%
2024-03-13 13:46:14,718:INFO:Epoch 96: Test Accuracy: 93.01%
2024-03-13 13:46:58,529:INFO:Epoch 97: Test Accuracy: 92.68%
2024-03-13 13:47:42,797:INFO:Epoch 98: Test Accuracy: 92.72%
2024-03-13 13:48:27,009:INFO:Epoch 99: Test Accuracy: 92.88%
2024-03-13 13:49:09,084:INFO:Finished Training with: random_label1-0.0