2024-03-13 15:23:12,428:INFO:Start Training with: sym-0.6 w/o sample selection
2024-03-13 15:23:14,671:INFO:Epoch 0: Test Accuracy: 7.02%
2024-03-13 15:23:17,135:INFO:Model saved with accuracy: 7.02%
2024-03-13 15:24:00,569:INFO:Epoch 1: Test Accuracy: 72.6%
2024-03-13 15:24:02,201:INFO:Model saved with accuracy: 72.60%
2024-03-13 15:24:45,154:INFO:Epoch 2: Test Accuracy: 83.9%
2024-03-13 15:24:47,442:INFO:Model saved with accuracy: 83.90%
2024-03-13 15:25:30,897:INFO:Epoch 3: Test Accuracy: 86.44%
2024-03-13 15:25:33,022:INFO:Model saved with accuracy: 86.44%
2024-03-13 15:26:16,877:INFO:Epoch 4: Test Accuracy: 88.09%
2024-03-13 15:26:18,752:INFO:Model saved with accuracy: 88.09%
2024-03-13 15:27:01,889:INFO:Epoch 5: Test Accuracy: 89.32%
2024-03-13 15:27:03,771:INFO:Model saved with accuracy: 89.32%
2024-03-13 15:27:47,723:INFO:Epoch 6: Test Accuracy: 88.8%
2024-03-13 15:28:31,593:INFO:Epoch 7: Test Accuracy: 90.05%
2024-03-13 15:28:33,884:INFO:Model saved with accuracy: 90.05%
2024-03-13 15:29:17,118:INFO:Epoch 8: Test Accuracy: 89.78%
2024-03-13 15:30:00,659:INFO:Epoch 9: Test Accuracy: 91.96%
2024-03-13 15:30:02,551:INFO:Model saved with accuracy: 91.96%
2024-03-13 15:30:46,302:INFO:Epoch 10: Test Accuracy: 92.06%
2024-03-13 15:30:48,115:INFO:Model saved with accuracy: 92.06%
2024-03-13 15:31:31,606:INFO:Epoch 11: Test Accuracy: 91.92%
2024-03-13 15:32:15,262:INFO:Epoch 12: Test Accuracy: 92.0%
2024-03-13 15:32:58,854:INFO:Epoch 13: Test Accuracy: 91.94%
2024-03-13 15:33:42,031:INFO:Epoch 14: Test Accuracy: 92.06%
2024-03-13 15:34:25,768:INFO:Epoch 15: Test Accuracy: 92.17%
2024-03-13 15:34:27,742:INFO:Model saved with accuracy: 92.17%
2024-03-13 15:35:10,977:INFO:Epoch 16: Test Accuracy: 92.18%
2024-03-13 15:35:13,110:INFO:Model saved with accuracy: 92.18%
2024-03-13 15:35:56,473:INFO:Epoch 17: Test Accuracy: 91.73%
2024-03-13 15:36:40,115:INFO:Epoch 18: Test Accuracy: 91.96%
2024-03-13 15:37:23,809:INFO:Epoch 19: Test Accuracy: 92.01%
2024-03-13 15:38:07,103:INFO:Epoch 20: Test Accuracy: 91.87%
2024-03-13 15:38:50,827:INFO:Epoch 21: Test Accuracy: 91.78%
2024-03-13 15:39:34,779:INFO:Epoch 22: Test Accuracy: 91.97%
2024-03-13 15:40:17,816:INFO:Epoch 23: Test Accuracy: 91.83%
2024-03-13 15:41:01,063:INFO:Epoch 24: Test Accuracy: 91.83%
2024-03-13 15:41:44,863:INFO:Epoch 25: Test Accuracy: 91.99%
2024-03-13 15:42:28,262:INFO:Epoch 26: Test Accuracy: 91.93%
2024-03-13 15:43:11,925:INFO:Epoch 27: Test Accuracy: 91.84%
2024-03-13 15:43:55,226:INFO:Epoch 28: Test Accuracy: 91.75%
2024-03-13 15:44:39,537:INFO:Epoch 29: Test Accuracy: 91.83%
2024-03-13 15:45:23,418:INFO:Epoch 30: Test Accuracy: 91.84%
2024-03-13 15:46:06,633:INFO:Epoch 31: Test Accuracy: 91.78%
2024-03-13 15:46:50,295:INFO:Epoch 32: Test Accuracy: 91.41%
2024-03-13 15:47:33,726:INFO:Epoch 33: Test Accuracy: 91.55%
2024-03-13 15:48:16,806:INFO:Epoch 34: Test Accuracy: 91.55%
2024-03-13 15:49:00,187:INFO:Epoch 35: Test Accuracy: 91.42%
2024-03-13 15:49:44,050:INFO:Epoch 36: Test Accuracy: 91.39%
2024-03-13 15:50:27,343:INFO:Epoch 37: Test Accuracy: 91.18%
2024-03-13 15:51:11,362:INFO:Epoch 38: Test Accuracy: 91.42%
2024-03-13 15:51:55,327:INFO:Epoch 39: Test Accuracy: 90.85%
2024-03-13 15:52:38,987:INFO:Epoch 40: Test Accuracy: 91.07%
2024-03-13 15:53:22,534:INFO:Epoch 41: Test Accuracy: 90.61%
2024-03-13 15:54:06,184:INFO:Epoch 42: Test Accuracy: 90.93%
2024-03-13 15:54:49,959:INFO:Epoch 43: Test Accuracy: 90.52%
2024-03-13 15:55:33,555:INFO:Epoch 44: Test Accuracy: 90.91%
2024-03-13 15:56:17,008:INFO:Epoch 45: Test Accuracy: 90.81%
2024-03-13 15:57:00,430:INFO:Epoch 46: Test Accuracy: 90.66%
2024-03-13 15:57:44,325:INFO:Epoch 47: Test Accuracy: 90.36%
2024-03-13 15:58:28,066:INFO:Epoch 48: Test Accuracy: 89.96%
2024-03-13 15:59:11,647:INFO:Epoch 49: Test Accuracy: 90.08%
2024-03-13 15:59:55,841:INFO:Epoch 50: Test Accuracy: 90.0%
2024-03-13 16:00:39,846:INFO:Epoch 51: Test Accuracy: 90.34%
2024-03-13 16:01:23,513:INFO:Epoch 52: Test Accuracy: 89.79%
2024-03-13 16:02:07,488:INFO:Epoch 53: Test Accuracy: 89.72%
2024-03-13 16:02:50,694:INFO:Epoch 54: Test Accuracy: 89.11%
2024-03-13 16:03:34,427:INFO:Epoch 55: Test Accuracy: 89.45%
2024-03-13 16:04:18,440:INFO:Epoch 56: Test Accuracy: 89.54%
2024-03-13 16:05:01,736:INFO:Epoch 57: Test Accuracy: 88.32%
2024-03-13 16:05:45,613:INFO:Epoch 58: Test Accuracy: 88.49%
2024-03-13 16:06:29,323:INFO:Epoch 59: Test Accuracy: 89.07%
2024-03-13 16:07:13,100:INFO:Epoch 60: Test Accuracy: 88.26%
2024-03-13 16:07:56,895:INFO:Epoch 61: Test Accuracy: 88.2%
2024-03-13 16:08:40,795:INFO:Epoch 62: Test Accuracy: 88.29%
2024-03-13 16:09:24,528:INFO:Epoch 63: Test Accuracy: 87.69%
2024-03-13 16:10:08,329:INFO:Epoch 64: Test Accuracy: 87.82%
2024-03-13 16:10:52,401:INFO:Epoch 65: Test Accuracy: 88.24%
2024-03-13 16:11:36,508:INFO:Epoch 66: Test Accuracy: 87.35%
2024-03-13 16:12:20,590:INFO:Epoch 67: Test Accuracy: 87.39%
2024-03-13 16:13:04,025:INFO:Epoch 68: Test Accuracy: 86.87%
2024-03-13 16:13:47,898:INFO:Epoch 69: Test Accuracy: 87.11%
2024-03-13 16:14:32,368:INFO:Epoch 70: Test Accuracy: 86.77%
2024-03-13 16:15:16,610:INFO:Epoch 71: Test Accuracy: 86.14%
2024-03-13 16:16:01,043:INFO:Epoch 72: Test Accuracy: 83.38%
2024-03-13 16:16:45,004:INFO:Epoch 73: Test Accuracy: 85.59%
2024-03-13 16:17:29,566:INFO:Epoch 74: Test Accuracy: 85.95%
2024-03-13 16:18:13,627:INFO:Epoch 75: Test Accuracy: 84.65%
2024-03-13 16:18:58,289:INFO:Epoch 76: Test Accuracy: 85.59%
2024-03-13 16:19:42,822:INFO:Epoch 77: Test Accuracy: 85.03%
2024-03-13 16:20:26,683:INFO:Epoch 78: Test Accuracy: 82.58%
2024-03-13 16:21:11,199:INFO:Epoch 79: Test Accuracy: 83.48%
2024-03-13 16:21:54,938:INFO:Epoch 80: Test Accuracy: 82.5%
2024-03-13 16:22:39,130:INFO:Epoch 81: Test Accuracy: 80.01%
2024-03-13 16:23:23,085:INFO:Epoch 82: Test Accuracy: 81.83%
2024-03-13 16:24:07,510:INFO:Epoch 83: Test Accuracy: 82.69%
2024-03-13 16:24:52,063:INFO:Epoch 84: Test Accuracy: 78.19%
2024-03-13 16:25:35,941:INFO:Epoch 85: Test Accuracy: 75.71%
2024-03-13 16:26:20,444:INFO:Epoch 86: Test Accuracy: 78.72%
2024-03-13 16:27:04,249:INFO:Epoch 87: Test Accuracy: 81.35%
2024-03-13 16:27:48,481:INFO:Epoch 88: Test Accuracy: 77.62%
2024-03-13 16:28:32,182:INFO:Epoch 89: Test Accuracy: 76.75%
2024-03-13 16:29:16,521:INFO:Epoch 90: Test Accuracy: 77.4%
2024-03-13 16:30:00,972:INFO:Epoch 91: Test Accuracy: 69.11%
2024-03-13 16:30:45,344:INFO:Epoch 92: Test Accuracy: 68.8%
2024-03-13 16:31:29,923:INFO:Epoch 93: Test Accuracy: 76.24%
2024-03-13 16:32:13,614:INFO:Epoch 94: Test Accuracy: 70.34%
2024-03-13 16:32:57,878:INFO:Epoch 95: Test Accuracy: 74.25%
2024-03-13 16:33:42,292:INFO:Epoch 96: Test Accuracy: 71.51%
2024-03-13 16:34:27,219:INFO:Epoch 97: Test Accuracy: 76.1%
2024-03-13 16:35:11,671:INFO:Epoch 98: Test Accuracy: 71.97%
2024-03-13 16:35:56,531:INFO:Epoch 99: Test Accuracy: 69.02%
2024-03-13 16:36:38,772:INFO:Finished Training with: sym-0.6
2024-03-13 01:56:04,112:INFO:Start Training with: sym-0.6 w/ sample selection 0.8
2024-03-13 01:56:06,308:INFO:Epoch 0: Test Accuracy: 11.12%
2024-03-13 01:56:08,503:INFO:Model saved with accuracy: 11.12%
2024-03-13 01:56:52,875:INFO:Epoch 1: Test Accuracy: 81.36%
2024-03-13 01:56:54,712:INFO:Model saved with accuracy: 81.36%
2024-03-13 01:57:38,932:INFO:Epoch 2: Test Accuracy: 86.25%
2024-03-13 01:57:40,456:INFO:Model saved with accuracy: 86.25%
2024-03-13 01:58:25,313:INFO:Epoch 3: Test Accuracy: 88.95%
2024-03-13 01:58:27,936:INFO:Model saved with accuracy: 88.95%
2024-03-13 01:59:12,173:INFO:Epoch 4: Test Accuracy: 88.6%
2024-03-13 01:59:56,210:INFO:Epoch 5: Test Accuracy: 90.73%
2024-03-13 01:59:58,499:INFO:Model saved with accuracy: 90.73%
2024-03-13 02:00:30,442:INFO:Epoch 6: Test Accuracy: 89.82%
2024-03-13 02:01:01,829:INFO:Epoch 7: Test Accuracy: 89.53%
2024-03-13 02:01:33,933:INFO:Epoch 8: Test Accuracy: 90.4%
2024-03-13 02:02:06,119:INFO:Epoch 9: Test Accuracy: 90.39%
2024-03-13 02:02:38,162:INFO:Epoch 10: Test Accuracy: 90.1%
2024-03-13 02:03:10,758:INFO:Epoch 11: Test Accuracy: 90.79%
2024-03-13 02:03:12,715:INFO:Model saved with accuracy: 90.79%
2024-03-13 02:03:44,913:INFO:Epoch 12: Test Accuracy: 90.96%
2024-03-13 02:03:45,916:INFO:Model saved with accuracy: 90.96%
2024-03-13 02:04:17,796:INFO:Epoch 13: Test Accuracy: 89.56%
2024-03-13 02:04:50,032:INFO:Epoch 14: Test Accuracy: 90.94%
2024-03-13 02:05:21,797:INFO:Epoch 15: Test Accuracy: 91.41%
2024-03-13 02:05:24,189:INFO:Model saved with accuracy: 91.41%
2024-03-13 02:05:56,290:INFO:Epoch 16: Test Accuracy: 91.25%
2024-03-13 02:06:28,167:INFO:Epoch 17: Test Accuracy: 90.91%
2024-03-13 02:07:00,400:INFO:Epoch 18: Test Accuracy: 91.81%
2024-03-13 02:07:02,441:INFO:Model saved with accuracy: 91.81%
2024-03-13 02:07:33,910:INFO:Epoch 19: Test Accuracy: 91.04%
2024-03-13 02:08:06,936:INFO:Epoch 20: Test Accuracy: 90.4%
2024-03-13 02:08:39,093:INFO:Epoch 21: Test Accuracy: 91.44%
2024-03-13 02:09:11,214:INFO:Epoch 22: Test Accuracy: 88.89%
2024-03-13 02:09:43,480:INFO:Epoch 23: Test Accuracy: 91.16%
2024-03-13 02:10:16,221:INFO:Epoch 24: Test Accuracy: 90.95%
2024-03-13 02:10:48,633:INFO:Epoch 25: Test Accuracy: 90.03%
2024-03-13 02:11:21,439:INFO:Epoch 26: Test Accuracy: 91.45%
2024-03-13 02:11:53,391:INFO:Epoch 27: Test Accuracy: 90.92%
2024-03-13 02:12:26,259:INFO:Epoch 28: Test Accuracy: 89.92%
2024-03-13 02:12:58,040:INFO:Epoch 29: Test Accuracy: 91.19%
2024-03-13 02:13:30,261:INFO:Epoch 30: Test Accuracy: 91.7%
2024-03-13 02:14:02,600:INFO:Epoch 31: Test Accuracy: 89.74%
2024-03-13 02:14:34,662:INFO:Epoch 32: Test Accuracy: 91.84%
2024-03-13 02:14:35,937:INFO:Model saved with accuracy: 91.84%
2024-03-13 02:15:08,599:INFO:Epoch 33: Test Accuracy: 91.93%
2024-03-13 02:15:10,764:INFO:Model saved with accuracy: 91.93%
2024-03-13 02:15:42,419:INFO:Epoch 34: Test Accuracy: 91.83%
2024-03-13 02:16:15,458:INFO:Epoch 35: Test Accuracy: 92.1%
2024-03-13 02:16:17,317:INFO:Model saved with accuracy: 92.10%
2024-03-13 02:16:49,883:INFO:Epoch 36: Test Accuracy: 90.17%
2024-03-13 02:17:22,678:INFO:Epoch 37: Test Accuracy: 91.3%
2024-03-13 02:17:55,014:INFO:Epoch 38: Test Accuracy: 87.81%
2024-03-13 02:18:27,887:INFO:Epoch 39: Test Accuracy: 91.59%
2024-03-13 02:18:59,657:INFO:Epoch 40: Test Accuracy: 91.55%
2024-03-13 02:19:32,540:INFO:Epoch 41: Test Accuracy: 92.11%
2024-03-13 02:19:34,313:INFO:Model saved with accuracy: 92.11%
2024-03-13 02:20:06,523:INFO:Epoch 42: Test Accuracy: 91.57%
2024-03-13 02:20:39,277:INFO:Epoch 43: Test Accuracy: 90.94%
2024-03-13 02:21:11,307:INFO:Epoch 44: Test Accuracy: 91.08%
2024-03-13 02:21:44,124:INFO:Epoch 45: Test Accuracy: 91.7%
2024-03-13 02:22:16,530:INFO:Epoch 46: Test Accuracy: 91.25%
2024-03-13 02:22:48,977:INFO:Epoch 47: Test Accuracy: 91.26%
2024-03-13 02:23:21,630:INFO:Epoch 48: Test Accuracy: 92.06%
2024-03-13 02:23:54,701:INFO:Epoch 49: Test Accuracy: 90.6%
2024-03-13 02:24:26,979:INFO:Epoch 50: Test Accuracy: 91.66%
2024-03-13 02:25:00,156:INFO:Epoch 51: Test Accuracy: 90.43%
2024-03-13 02:25:32,572:INFO:Epoch 52: Test Accuracy: 91.67%
2024-03-13 02:26:05,405:INFO:Epoch 53: Test Accuracy: 91.46%
2024-03-13 02:26:37,710:INFO:Epoch 54: Test Accuracy: 91.45%
2024-03-13 02:27:10,448:INFO:Epoch 55: Test Accuracy: 90.99%
2024-03-13 02:27:43,045:INFO:Epoch 56: Test Accuracy: 90.94%
2024-03-13 02:28:15,588:INFO:Epoch 57: Test Accuracy: 91.8%
2024-03-13 02:28:47,937:INFO:Epoch 58: Test Accuracy: 91.25%
2024-03-13 02:29:20,868:INFO:Epoch 59: Test Accuracy: 90.84%
2024-03-13 02:29:53,109:INFO:Epoch 60: Test Accuracy: 90.94%
2024-03-13 02:30:26,086:INFO:Epoch 61: Test Accuracy: 91.46%
2024-03-13 02:30:58,683:INFO:Epoch 62: Test Accuracy: 91.34%
2024-03-13 02:31:31,847:INFO:Epoch 63: Test Accuracy: 90.81%
2024-03-13 02:32:04,675:INFO:Epoch 64: Test Accuracy: 91.11%
2024-03-13 02:32:37,695:INFO:Epoch 65: Test Accuracy: 90.58%
2024-03-13 02:33:09,875:INFO:Epoch 66: Test Accuracy: 90.48%
2024-03-13 02:33:42,696:INFO:Epoch 67: Test Accuracy: 88.32%
2024-03-13 02:34:15,196:INFO:Epoch 68: Test Accuracy: 91.38%
2024-03-13 02:34:47,508:INFO:Epoch 69: Test Accuracy: 90.43%
2024-03-13 02:35:20,217:INFO:Epoch 70: Test Accuracy: 91.21%
2024-03-13 02:35:52,767:INFO:Epoch 71: Test Accuracy: 90.47%
2024-03-13 02:36:25,394:INFO:Epoch 72: Test Accuracy: 90.4%
2024-03-13 02:36:58,037:INFO:Epoch 73: Test Accuracy: 90.53%
2024-03-13 02:37:31,133:INFO:Epoch 74: Test Accuracy: 90.09%
2024-03-13 02:38:03,627:INFO:Epoch 75: Test Accuracy: 90.47%
2024-03-13 02:38:37,005:INFO:Epoch 76: Test Accuracy: 90.51%
2024-03-13 02:39:09,986:INFO:Epoch 77: Test Accuracy: 90.44%
2024-03-13 02:39:43,405:INFO:Epoch 78: Test Accuracy: 89.36%
2024-03-13 02:40:15,922:INFO:Epoch 79: Test Accuracy: 90.67%
2024-03-13 02:40:48,846:INFO:Epoch 80: Test Accuracy: 90.11%
2024-03-13 02:41:21,068:INFO:Epoch 81: Test Accuracy: 89.84%
2024-03-13 02:41:53,980:INFO:Epoch 82: Test Accuracy: 90.15%
2024-03-13 02:42:26,568:INFO:Epoch 83: Test Accuracy: 90.13%
2024-03-13 02:43:00,005:INFO:Epoch 84: Test Accuracy: 90.24%
2024-03-13 02:43:32,314:INFO:Epoch 85: Test Accuracy: 89.81%
2024-03-13 02:44:05,477:INFO:Epoch 86: Test Accuracy: 90.36%
2024-03-13 02:44:38,015:INFO:Epoch 87: Test Accuracy: 90.14%
2024-03-13 02:45:11,245:INFO:Epoch 88: Test Accuracy: 90.18%
2024-03-13 02:45:44,047:INFO:Epoch 89: Test Accuracy: 89.92%
2024-03-13 02:46:17,175:INFO:Epoch 90: Test Accuracy: 89.75%
2024-03-13 02:46:49,944:INFO:Epoch 91: Test Accuracy: 90.2%
2024-03-13 02:47:23,201:INFO:Epoch 92: Test Accuracy: 89.45%
2024-03-13 02:47:56,148:INFO:Epoch 93: Test Accuracy: 89.37%
2024-03-13 02:48:29,555:INFO:Epoch 94: Test Accuracy: 90.19%
2024-03-13 02:49:01,949:INFO:Epoch 95: Test Accuracy: 89.48%
2024-03-13 02:49:35,228:INFO:Epoch 96: Test Accuracy: 89.94%
2024-03-13 02:50:08,199:INFO:Epoch 97: Test Accuracy: 88.53%
2024-03-13 02:50:41,542:INFO:Epoch 98: Test Accuracy: 89.14%
2024-03-13 02:51:14,436:INFO:Epoch 99: Test Accuracy: 89.54%
2024-03-13 02:51:45,595:INFO:Finished Training with: sym-0.6 w/ sample selection 0.8
2024-03-13 20:32:45,210:INFO:Start Training with: sym-0.6 w/ sample selection 0.8 pm
2024-03-13 20:32:47,497:INFO:Epoch 0: Test Accuracy: 10.76%
2024-03-13 20:32:49,465:INFO:Model saved with accuracy: 10.76%
2024-03-13 20:33:37,409:INFO:Epoch 1: Test Accuracy: 78.68%
2024-03-13 20:33:39,157:INFO:Model saved with accuracy: 78.68%
2024-03-13 20:34:26,683:INFO:Epoch 2: Test Accuracy: 86.12%
2024-03-13 20:34:28,860:INFO:Model saved with accuracy: 86.12%
2024-03-13 20:35:17,852:INFO:Epoch 3: Test Accuracy: 87.95%
2024-03-13 20:35:19,276:INFO:Model saved with accuracy: 87.95%
2024-03-13 20:36:08,757:INFO:Epoch 4: Test Accuracy: 88.37%
2024-03-13 20:36:10,652:INFO:Model saved with accuracy: 88.37%
2024-03-13 20:36:59,606:INFO:Epoch 5: Test Accuracy: 90.16%
2024-03-13 20:37:01,283:INFO:Model saved with accuracy: 90.16%
2024-03-13 20:37:36,796:INFO:Epoch 6: Test Accuracy: 89.19%
2024-03-13 20:38:12,391:INFO:Epoch 7: Test Accuracy: 89.87%
2024-03-13 20:38:48,178:INFO:Epoch 8: Test Accuracy: 88.43%
2024-03-13 20:39:23,499:INFO:Epoch 9: Test Accuracy: 89.36%
2024-03-13 20:39:56,382:INFO:Epoch 10: Test Accuracy: 89.45%
2024-03-13 20:40:30,451:INFO:Epoch 11: Test Accuracy: 85.39%
2024-03-13 20:41:03,633:INFO:Epoch 12: Test Accuracy: 89.71%
2024-03-13 20:41:38,168:INFO:Epoch 13: Test Accuracy: 91.11%
2024-03-13 20:41:40,136:INFO:Model saved with accuracy: 91.11%
2024-03-13 20:42:16,750:INFO:Epoch 14: Test Accuracy: 91.23%
2024-03-13 20:42:18,524:INFO:Model saved with accuracy: 91.23%
2024-03-13 20:42:54,173:INFO:Epoch 15: Test Accuracy: 81.84%
2024-03-13 20:43:31,112:INFO:Epoch 16: Test Accuracy: 90.69%
2024-03-13 20:44:06,828:INFO:Epoch 17: Test Accuracy: 91.25%
2024-03-13 20:44:08,768:INFO:Model saved with accuracy: 91.25%
2024-03-13 20:44:44,978:INFO:Epoch 18: Test Accuracy: 89.81%
2024-03-13 20:45:22,551:INFO:Epoch 19: Test Accuracy: 90.38%
2024-03-13 20:46:00,136:INFO:Epoch 20: Test Accuracy: 91.34%
2024-03-13 20:46:01,647:INFO:Model saved with accuracy: 91.34%
2024-03-13 20:46:39,013:INFO:Epoch 21: Test Accuracy: 90.82%
2024-03-13 20:47:16,119:INFO:Epoch 22: Test Accuracy: 89.72%
2024-03-13 20:47:52,782:INFO:Epoch 23: Test Accuracy: 91.48%
2024-03-13 20:47:54,706:INFO:Model saved with accuracy: 91.48%
2024-03-13 20:48:31,240:INFO:Epoch 24: Test Accuracy: 91.36%
2024-03-13 20:49:07,325:INFO:Epoch 25: Test Accuracy: 85.18%
2024-03-13 20:49:45,202:INFO:Epoch 26: Test Accuracy: 91.47%
2024-03-13 20:50:21,298:INFO:Epoch 27: Test Accuracy: 92.28%
2024-03-13 20:50:23,587:INFO:Model saved with accuracy: 92.28%
2024-03-13 20:51:00,346:INFO:Epoch 28: Test Accuracy: 92.06%
2024-03-13 20:51:36,207:INFO:Epoch 29: Test Accuracy: 91.52%
2024-03-13 20:52:11,996:INFO:Epoch 30: Test Accuracy: 91.73%
2024-03-13 20:52:49,093:INFO:Epoch 31: Test Accuracy: 91.1%
2024-03-13 20:53:25,780:INFO:Epoch 32: Test Accuracy: 91.78%
2024-03-13 20:54:02,179:INFO:Epoch 33: Test Accuracy: 91.13%
2024-03-13 20:54:38,128:INFO:Epoch 34: Test Accuracy: 91.91%
2024-03-13 20:55:14,880:INFO:Epoch 35: Test Accuracy: 91.04%
2024-03-13 20:55:50,072:INFO:Epoch 36: Test Accuracy: 91.26%
2024-03-13 20:56:25,393:INFO:Epoch 37: Test Accuracy: 90.9%
2024-03-13 20:57:02,456:INFO:Epoch 38: Test Accuracy: 91.47%
2024-03-13 20:57:39,274:INFO:Epoch 39: Test Accuracy: 91.54%
2024-03-13 20:58:15,980:INFO:Epoch 40: Test Accuracy: 91.57%
2024-03-13 20:58:52,593:INFO:Epoch 41: Test Accuracy: 91.32%
2024-03-13 20:59:29,444:INFO:Epoch 42: Test Accuracy: 91.03%
2024-03-13 21:00:06,543:INFO:Epoch 43: Test Accuracy: 86.35%
2024-03-13 21:00:43,071:INFO:Epoch 44: Test Accuracy: 91.38%
2024-03-13 21:01:20,166:INFO:Epoch 45: Test Accuracy: 90.88%
2024-03-13 21:01:56,833:INFO:Epoch 46: Test Accuracy: 91.74%
2024-03-13 21:02:34,220:INFO:Epoch 47: Test Accuracy: 91.71%
2024-03-13 21:03:11,095:INFO:Epoch 48: Test Accuracy: 90.86%
2024-03-13 21:03:47,821:INFO:Epoch 49: Test Accuracy: 91.16%
2024-03-13 21:04:25,002:INFO:Epoch 50: Test Accuracy: 91.34%
2024-03-13 21:05:02,142:INFO:Epoch 51: Test Accuracy: 90.83%
2024-03-13 21:05:40,041:INFO:Epoch 52: Test Accuracy: 91.63%
2024-03-13 21:06:15,950:INFO:Epoch 53: Test Accuracy: 91.33%
2024-03-13 21:06:53,502:INFO:Epoch 54: Test Accuracy: 90.44%
2024-03-13 21:07:30,954:INFO:Epoch 55: Test Accuracy: 90.28%
2024-03-13 21:08:07,007:INFO:Epoch 56: Test Accuracy: 91.42%
2024-03-13 21:08:44,517:INFO:Epoch 57: Test Accuracy: 91.21%
2024-03-13 21:09:21,541:INFO:Epoch 58: Test Accuracy: 91.57%
2024-03-13 21:09:59,553:INFO:Epoch 59: Test Accuracy: 91.48%
2024-03-13 21:10:37,755:INFO:Epoch 60: Test Accuracy: 90.84%
2024-03-13 21:11:16,270:INFO:Epoch 61: Test Accuracy: 89.45%
2024-03-13 21:11:54,017:INFO:Epoch 62: Test Accuracy: 90.65%
2024-03-13 21:12:32,905:INFO:Epoch 63: Test Accuracy: 87.19%
2024-03-13 21:13:11,498:INFO:Epoch 64: Test Accuracy: 70.24%
2024-03-13 21:13:49,096:INFO:Epoch 65: Test Accuracy: 91.16%
2024-03-13 21:14:28,231:INFO:Epoch 66: Test Accuracy: 89.25%
2024-03-13 21:15:05,622:INFO:Epoch 67: Test Accuracy: 90.22%
2024-03-13 21:15:44,192:INFO:Epoch 68: Test Accuracy: 88.69%
2024-03-13 21:16:21,840:INFO:Epoch 69: Test Accuracy: 90.24%
2024-03-13 21:17:00,056:INFO:Epoch 70: Test Accuracy: 89.28%
2024-03-13 21:17:37,420:INFO:Epoch 71: Test Accuracy: 89.96%
2024-03-13 21:18:14,767:INFO:Epoch 72: Test Accuracy: 89.6%
2024-03-13 21:18:52,863:INFO:Epoch 73: Test Accuracy: 88.33%
2024-03-13 21:19:29,098:INFO:Epoch 74: Test Accuracy: 89.33%
2024-03-13 21:20:04,763:INFO:Epoch 75: Test Accuracy: 89.29%
2024-03-13 21:20:40,174:INFO:Epoch 76: Test Accuracy: 89.83%
2024-03-13 21:21:16,207:INFO:Epoch 77: Test Accuracy: 89.19%
2024-03-13 21:21:51,130:INFO:Epoch 78: Test Accuracy: 89.76%
2024-03-13 21:22:29,911:INFO:Epoch 79: Test Accuracy: 86.37%
2024-03-13 21:23:08,447:INFO:Epoch 80: Test Accuracy: 89.94%
2024-03-13 21:23:47,230:INFO:Epoch 81: Test Accuracy: 90.06%
2024-03-13 21:24:25,422:INFO:Epoch 82: Test Accuracy: 90.07%
2024-03-13 21:25:04,651:INFO:Epoch 83: Test Accuracy: 89.92%
2024-03-13 21:25:45,639:INFO:Epoch 84: Test Accuracy: 90.02%
2024-03-13 21:26:31,080:INFO:Epoch 85: Test Accuracy: 90.14%
2024-03-13 21:27:15,670:INFO:Epoch 86: Test Accuracy: 89.46%
2024-03-13 21:27:58,344:INFO:Epoch 87: Test Accuracy: 89.01%
2024-03-13 21:28:41,133:INFO:Epoch 88: Test Accuracy: 87.67%
2024-03-13 21:29:24,314:INFO:Epoch 89: Test Accuracy: 89.64%
2024-03-13 21:30:06,398:INFO:Epoch 90: Test Accuracy: 89.82%
2024-03-13 21:30:48,935:INFO:Epoch 91: Test Accuracy: 88.95%
2024-03-13 21:31:33,255:INFO:Epoch 92: Test Accuracy: 88.87%
2024-03-13 21:32:17,635:INFO:Epoch 93: Test Accuracy: 88.83%
2024-03-13 21:33:11,289:INFO:Epoch 94: Test Accuracy: 89.0%
2024-03-13 21:34:06,144:INFO:Epoch 95: Test Accuracy: 88.2%
2024-03-13 21:34:59,838:INFO:Epoch 96: Test Accuracy: 87.18%
2024-03-13 21:35:52,827:INFO:Epoch 97: Test Accuracy: 88.19%
2024-03-13 21:36:46,485:INFO:Epoch 98: Test Accuracy: 88.85%
2024-03-13 21:37:40,670:INFO:Epoch 99: Test Accuracy: 88.17%
2024-03-13 21:38:32,959:INFO:Finished Training with: sym-0.6
2024-03-14 09:56:48,396:INFO:Start Training with: sym-0.6 w/ sample selection 0.8 0.9
2024-03-14 09:56:51,280:INFO:Epoch 1: Test Accuracy: 90.53%
2024-03-14 09:56:52,730:INFO:Model saved with accuracy: 90.53%
2024-03-14 09:57:40,529:INFO:Epoch 2: Test Accuracy: 90.71%
2024-03-14 09:57:42,153:INFO:Model saved with accuracy: 90.71%
2024-03-14 09:58:31,113:INFO:Epoch 3: Test Accuracy: 89.95%
2024-03-14 09:59:20,570:INFO:Epoch 4: Test Accuracy: 91.54%
2024-03-14 09:59:22,509:INFO:Model saved with accuracy: 91.54%
2024-03-14 10:00:12,902:INFO:Epoch 5: Test Accuracy: 92.44%
2024-03-14 10:00:14,784:INFO:Model saved with accuracy: 92.44%
2024-03-14 10:01:04,913:INFO:Epoch 6: Test Accuracy: 92.71%
2024-03-14 10:01:07,403:INFO:Model saved with accuracy: 92.71%
2024-03-14 10:01:43,665:INFO:Epoch 7: Test Accuracy: 91.88%
2024-03-14 10:02:20,077:INFO:Epoch 8: Test Accuracy: 91.42%
2024-03-14 10:02:55,690:INFO:Epoch 9: Test Accuracy: 92.17%
2024-03-14 10:03:33,513:INFO:Epoch 10: Test Accuracy: 92.22%
2024-03-14 10:04:14,011:INFO:Epoch 11: Test Accuracy: 91.95%
2024-03-14 10:04:50,939:INFO:Epoch 12: Test Accuracy: 92.26%
2024-03-14 10:05:27,739:INFO:Epoch 13: Test Accuracy: 92.71%
2024-03-14 10:06:03,612:INFO:Epoch 14: Test Accuracy: 92.25%
2024-03-14 10:06:41,139:INFO:Epoch 15: Test Accuracy: 92.4%
2024-03-14 10:07:17,399:INFO:Epoch 16: Test Accuracy: 92.55%
2024-03-14 10:07:55,586:INFO:Epoch 17: Test Accuracy: 92.4%
2024-03-14 10:08:31,222:INFO:Epoch 18: Test Accuracy: 92.4%
2024-03-14 10:09:07,548:INFO:Epoch 19: Test Accuracy: 92.59%
2024-03-14 10:09:43,563:INFO:Epoch 20: Test Accuracy: 92.11%
2024-03-14 10:10:22,945:INFO:Epoch 21: Test Accuracy: 91.93%
2024-03-14 10:10:59,898:INFO:Epoch 22: Test Accuracy: 91.73%
2024-03-14 10:11:35,676:INFO:Epoch 23: Test Accuracy: 91.72%
2024-03-14 10:12:10,929:INFO:Epoch 24: Test Accuracy: 91.78%
2024-03-14 10:12:47,877:INFO:Epoch 25: Test Accuracy: 92.34%
2024-03-14 10:13:24,890:INFO:Epoch 26: Test Accuracy: 92.37%
2024-03-14 10:14:02,322:INFO:Epoch 27: Test Accuracy: 92.05%
2024-03-14 10:14:39,241:INFO:Epoch 28: Test Accuracy: 92.97%
2024-03-14 10:14:41,410:INFO:Model saved with accuracy: 92.97%
2024-03-14 10:15:19,196:INFO:Epoch 29: Test Accuracy: 92.76%
2024-03-14 10:15:55,561:INFO:Epoch 30: Test Accuracy: 92.07%
2024-03-14 10:16:34,963:INFO:Epoch 31: Test Accuracy: 91.61%
2024-03-14 10:17:11,856:INFO:Epoch 32: Test Accuracy: 92.5%
2024-03-14 10:17:48,934:INFO:Epoch 33: Test Accuracy: 92.54%
2024-03-14 10:18:26,786:INFO:Epoch 34: Test Accuracy: 92.11%
2024-03-14 10:19:03,858:INFO:Epoch 35: Test Accuracy: 92.38%
2024-03-14 10:19:40,738:INFO:Epoch 36: Test Accuracy: 92.45%
2024-03-14 10:20:17,247:INFO:Epoch 37: Test Accuracy: 92.25%
2024-03-14 10:20:54,808:INFO:Epoch 38: Test Accuracy: 92.67%
2024-03-14 10:21:31,759:INFO:Epoch 39: Test Accuracy: 92.22%
2024-03-14 10:22:07,921:INFO:Epoch 40: Test Accuracy: 92.5%
2024-03-14 10:22:49,477:INFO:Epoch 41: Test Accuracy: 92.63%
2024-03-14 10:23:27,667:INFO:Epoch 42: Test Accuracy: 92.57%
2024-03-14 10:24:05,446:INFO:Epoch 43: Test Accuracy: 91.91%
2024-03-14 10:24:42,313:INFO:Epoch 44: Test Accuracy: 91.9%
2024-03-14 10:25:19,389:INFO:Epoch 45: Test Accuracy: 92.04%
2024-03-14 10:25:56,695:INFO:Epoch 46: Test Accuracy: 91.95%
2024-03-14 10:26:33,735:INFO:Epoch 47: Test Accuracy: 92.64%
2024-03-14 10:27:09,211:INFO:Epoch 48: Test Accuracy: 92.18%
2024-03-14 10:27:47,437:INFO:Epoch 49: Test Accuracy: 92.14%
2024-03-14 10:28:23,690:INFO:Epoch 50: Test Accuracy: 92.59%
2024-03-14 10:29:01,694:INFO:Epoch 51: Test Accuracy: 87.65%
2024-03-14 10:29:36,564:INFO:Epoch 52: Test Accuracy: 91.83%
2024-03-14 10:30:10,667:INFO:Epoch 53: Test Accuracy: 91.82%
2024-03-14 10:30:46,714:INFO:Epoch 54: Test Accuracy: 91.75%
2024-03-14 10:31:21,222:INFO:Epoch 55: Test Accuracy: 89.16%
2024-03-14 10:31:57,278:INFO:Epoch 56: Test Accuracy: 91.34%
2024-03-14 10:32:32,262:INFO:Epoch 57: Test Accuracy: 89.48%
2024-03-14 10:33:07,300:INFO:Epoch 58: Test Accuracy: 90.95%
2024-03-14 10:33:42,384:INFO:Epoch 59: Test Accuracy: 90.68%
2024-03-14 10:34:18,960:INFO:Epoch 60: Test Accuracy: 91.56%
2024-03-14 10:34:59,771:INFO:Epoch 61: Test Accuracy: 91.42%
2024-03-14 10:35:36,485:INFO:Epoch 62: Test Accuracy: 90.88%
2024-03-14 10:36:13,031:INFO:Epoch 63: Test Accuracy: 67.8%
2024-03-14 10:36:49,294:INFO:Epoch 64: Test Accuracy: 91.42%
2024-03-14 10:37:25,814:INFO:Epoch 65: Test Accuracy: 91.13%
2024-03-14 10:38:01,745:INFO:Epoch 66: Test Accuracy: 92.17%
2024-03-14 10:38:38,157:INFO:Epoch 67: Test Accuracy: 86.8%
2024-03-14 10:39:13,390:INFO:Epoch 68: Test Accuracy: 91.39%
2024-03-14 10:39:51,464:INFO:Epoch 69: Test Accuracy: 86.46%
2024-03-14 10:40:27,999:INFO:Epoch 70: Test Accuracy: 90.86%
2024-03-14 10:41:12,231:INFO:Epoch 71: Test Accuracy: 91.51%
2024-03-14 10:41:47,177:INFO:Epoch 72: Test Accuracy: 91.4%
2024-03-14 10:42:19,253:INFO:Epoch 73: Test Accuracy: 84.64%
2024-03-14 10:42:50,850:INFO:Epoch 74: Test Accuracy: 91.5%
2024-03-14 10:43:22,144:INFO:Epoch 75: Test Accuracy: 90.44%
2024-03-14 10:43:55,446:INFO:Epoch 76: Test Accuracy: 91.72%
2024-03-14 10:44:30,116:INFO:Epoch 77: Test Accuracy: 90.93%
2024-03-14 10:45:02,705:INFO:Epoch 78: Test Accuracy: 91.37%
2024-03-14 10:45:36,640:INFO:Epoch 79: Test Accuracy: 90.95%
2024-03-14 10:46:08,450:INFO:Epoch 80: Test Accuracy: 91.03%
2024-03-14 10:46:42,249:INFO:Epoch 81: Test Accuracy: 92.0%
2024-03-14 10:47:16,629:INFO:Epoch 82: Test Accuracy: 91.58%
2024-03-14 10:47:49,495:INFO:Epoch 83: Test Accuracy: 90.67%
2024-03-14 10:48:21,284:INFO:Epoch 84: Test Accuracy: 91.12%
2024-03-14 10:48:52,960:INFO:Epoch 85: Test Accuracy: 85.53%
2024-03-14 10:49:27,028:INFO:Epoch 86: Test Accuracy: 91.17%
2024-03-14 10:50:00,586:INFO:Epoch 87: Test Accuracy: 90.97%
2024-03-14 10:50:33,705:INFO:Epoch 88: Test Accuracy: 91.36%
2024-03-14 10:51:07,972:INFO:Epoch 89: Test Accuracy: 91.57%
2024-03-14 10:51:41,031:INFO:Epoch 90: Test Accuracy: 89.84%
2024-03-14 10:52:17,051:INFO:Epoch 91: Test Accuracy: 90.81%
2024-03-14 10:52:49,564:INFO:Epoch 92: Test Accuracy: 90.23%
2024-03-14 10:53:22,170:INFO:Epoch 93: Test Accuracy: 91.44%
2024-03-14 10:53:53,381:INFO:Epoch 94: Test Accuracy: 91.15%
2024-03-14 10:54:24,413:INFO:Epoch 95: Test Accuracy: 89.59%
2024-03-14 10:54:56,661:INFO:Epoch 96: Test Accuracy: 90.73%
2024-03-14 10:55:33,772:INFO:Epoch 97: Test Accuracy: 89.18%
2024-03-14 10:56:11,883:INFO:Epoch 98: Test Accuracy: 91.0%
2024-03-14 10:56:52,132:INFO:Epoch 99: Test Accuracy: 90.66%
2024-03-14 10:57:30,730:INFO:Finished Training with: sym-0.6
2024-03-14 01:57:45,542:INFO:Start Training with: sym-0.6 w/ sample selection 0.8 0.9 pm
2024-03-14 01:57:48,136:INFO:Epoch 1: Test Accuracy: 90.53%
2024-03-14 01:57:48,898:INFO:Model saved with accuracy: 90.53%
2024-03-14 01:58:32,918:INFO:Epoch 2: Test Accuracy: 91.16%
2024-03-14 01:58:34,933:INFO:Model saved with accuracy: 91.16%
2024-03-14 01:59:19,435:INFO:Epoch 3: Test Accuracy: 91.23%
2024-03-14 01:59:21,012:INFO:Model saved with accuracy: 91.23%
2024-03-14 02:00:05,174:INFO:Epoch 4: Test Accuracy: 91.17%
2024-03-14 02:00:49,190:INFO:Epoch 5: Test Accuracy: 92.34%
2024-03-14 02:00:51,019:INFO:Model saved with accuracy: 92.34%
2024-03-14 02:01:34,969:INFO:Epoch 6: Test Accuracy: 92.53%
2024-03-14 02:01:36,863:INFO:Model saved with accuracy: 92.53%
2024-03-14 02:02:08,729:INFO:Epoch 7: Test Accuracy: 92.22%
2024-03-14 02:02:41,096:INFO:Epoch 8: Test Accuracy: 92.1%
2024-03-14 02:03:12,916:INFO:Epoch 9: Test Accuracy: 91.76%
2024-03-14 02:03:44,878:INFO:Epoch 10: Test Accuracy: 92.36%
2024-03-14 02:04:20,108:INFO:Epoch 11: Test Accuracy: 92.4%
2024-03-14 02:04:51,776:INFO:Epoch 12: Test Accuracy: 92.38%
2024-03-14 02:05:23,440:INFO:Epoch 13: Test Accuracy: 91.53%
2024-03-14 02:05:55,054:INFO:Epoch 14: Test Accuracy: 91.66%
2024-03-14 02:06:28,380:INFO:Epoch 15: Test Accuracy: 92.33%
2024-03-14 02:07:00,473:INFO:Epoch 16: Test Accuracy: 84.78%
2024-03-14 02:07:32,017:INFO:Epoch 17: Test Accuracy: 92.42%
2024-03-14 02:08:04,134:INFO:Epoch 18: Test Accuracy: 91.88%
2024-03-14 02:08:35,724:INFO:Epoch 19: Test Accuracy: 92.13%
2024-03-14 02:09:07,767:INFO:Epoch 20: Test Accuracy: 92.73%
2024-03-14 02:09:09,728:INFO:Model saved with accuracy: 92.73%
2024-03-14 02:09:45,452:INFO:Epoch 21: Test Accuracy: 92.53%
2024-03-14 02:10:17,948:INFO:Epoch 22: Test Accuracy: 91.89%
2024-03-14 02:10:49,509:INFO:Epoch 23: Test Accuracy: 92.39%
2024-03-14 02:11:21,516:INFO:Epoch 24: Test Accuracy: 92.39%
2024-03-14 02:11:53,782:INFO:Epoch 25: Test Accuracy: 92.0%
2024-03-14 02:12:25,456:INFO:Epoch 26: Test Accuracy: 92.3%
2024-03-14 02:12:58,382:INFO:Epoch 27: Test Accuracy: 92.45%
2024-03-14 02:13:30,940:INFO:Epoch 28: Test Accuracy: 92.38%
2024-03-14 02:14:03,781:INFO:Epoch 29: Test Accuracy: 92.65%
2024-03-14 02:14:36,221:INFO:Epoch 30: Test Accuracy: 92.26%
2024-03-14 02:15:11,646:INFO:Epoch 31: Test Accuracy: 92.46%
2024-03-14 02:15:44,152:INFO:Epoch 32: Test Accuracy: 92.37%
2024-03-14 02:16:16,075:INFO:Epoch 33: Test Accuracy: 92.79%
2024-03-14 02:16:17,881:INFO:Model saved with accuracy: 92.79%
2024-03-14 02:16:50,000:INFO:Epoch 34: Test Accuracy: 91.91%
2024-03-14 02:17:22,662:INFO:Epoch 35: Test Accuracy: 92.19%
2024-03-14 02:17:54,379:INFO:Epoch 36: Test Accuracy: 92.51%
2024-03-14 02:18:26,398:INFO:Epoch 37: Test Accuracy: 92.48%
2024-03-14 02:18:57,946:INFO:Epoch 38: Test Accuracy: 92.29%
2024-03-14 02:19:29,641:INFO:Epoch 39: Test Accuracy: 92.68%
2024-03-14 02:20:01,329:INFO:Epoch 40: Test Accuracy: 92.46%
2024-03-14 02:20:38,486:INFO:Epoch 41: Test Accuracy: 91.74%
2024-03-14 02:21:10,412:INFO:Epoch 42: Test Accuracy: 92.35%
2024-03-14 02:21:42,495:INFO:Epoch 43: Test Accuracy: 89.67%
2024-03-14 02:22:14,621:INFO:Epoch 44: Test Accuracy: 92.0%
2024-03-14 02:22:46,747:INFO:Epoch 45: Test Accuracy: 91.72%
2024-03-14 02:23:18,781:INFO:Epoch 46: Test Accuracy: 91.39%
2024-03-14 02:23:51,094:INFO:Epoch 47: Test Accuracy: 92.38%
2024-03-14 02:24:23,594:INFO:Epoch 48: Test Accuracy: 91.9%
2024-03-14 02:24:56,108:INFO:Epoch 49: Test Accuracy: 91.02%
2024-03-14 02:25:27,957:INFO:Epoch 50: Test Accuracy: 90.75%
2024-03-14 02:26:02,250:INFO:Epoch 51: Test Accuracy: 92.12%
2024-03-14 02:26:32,590:INFO:Epoch 52: Test Accuracy: 88.24%
2024-03-14 02:27:02,987:INFO:Epoch 53: Test Accuracy: 91.76%
2024-03-14 02:27:34,179:INFO:Epoch 54: Test Accuracy: 90.64%
2024-03-14 02:28:05,305:INFO:Epoch 55: Test Accuracy: 90.0%
2024-03-14 02:28:35,117:INFO:Epoch 56: Test Accuracy: 89.61%
2024-03-14 02:29:05,213:INFO:Epoch 57: Test Accuracy: 91.43%
2024-03-14 02:29:36,082:INFO:Epoch 58: Test Accuracy: 91.95%
2024-03-14 02:30:07,034:INFO:Epoch 59: Test Accuracy: 88.68%
2024-03-14 02:30:38,093:INFO:Epoch 60: Test Accuracy: 91.6%
2024-03-14 02:31:12,419:INFO:Epoch 61: Test Accuracy: 84.32%
2024-03-14 02:31:44,146:INFO:Epoch 62: Test Accuracy: 91.26%
2024-03-14 02:32:14,717:INFO:Epoch 63: Test Accuracy: 89.95%
2024-03-14 02:32:45,369:INFO:Epoch 64: Test Accuracy: 91.37%
2024-03-14 02:33:16,426:INFO:Epoch 65: Test Accuracy: 89.8%
2024-03-14 02:33:46,845:INFO:Epoch 66: Test Accuracy: 87.2%
2024-03-14 02:34:17,090:INFO:Epoch 67: Test Accuracy: 91.29%
2024-03-14 02:34:48,243:INFO:Epoch 68: Test Accuracy: 91.48%
2024-03-14 02:35:19,686:INFO:Epoch 69: Test Accuracy: 90.7%
2024-03-14 02:35:49,424:INFO:Epoch 70: Test Accuracy: 91.77%
2024-03-14 02:36:23,104:INFO:Epoch 71: Test Accuracy: 91.19%
2024-03-14 02:36:53,784:INFO:Epoch 72: Test Accuracy: 89.97%
2024-03-14 02:37:24,270:INFO:Epoch 73: Test Accuracy: 57.16%
2024-03-14 02:37:54,815:INFO:Epoch 74: Test Accuracy: 91.46%
2024-03-14 02:38:26,333:INFO:Epoch 75: Test Accuracy: 88.45%
2024-03-14 02:38:57,909:INFO:Epoch 76: Test Accuracy: 89.55%
2024-03-14 02:39:28,700:INFO:Epoch 77: Test Accuracy: 90.88%
2024-03-14 02:39:59,276:INFO:Epoch 78: Test Accuracy: 90.99%
2024-03-14 02:40:29,849:INFO:Epoch 79: Test Accuracy: 90.7%
2024-03-14 02:41:00,373:INFO:Epoch 80: Test Accuracy: 79.0%
2024-03-14 02:41:34,798:INFO:Epoch 81: Test Accuracy: 90.24%
2024-03-14 02:42:06,839:INFO:Epoch 82: Test Accuracy: 91.11%
2024-03-14 02:42:37,495:INFO:Epoch 83: Test Accuracy: 91.6%
2024-03-14 02:43:08,632:INFO:Epoch 84: Test Accuracy: 90.74%
2024-03-14 02:43:40,069:INFO:Epoch 85: Test Accuracy: 89.17%
2024-03-14 02:44:10,916:INFO:Epoch 86: Test Accuracy: 88.66%
2024-03-14 02:44:41,043:INFO:Epoch 87: Test Accuracy: 85.91%
2024-03-14 02:45:11,746:INFO:Epoch 88: Test Accuracy: 90.7%
2024-03-14 02:45:43,507:INFO:Epoch 89: Test Accuracy: 90.75%
2024-03-14 02:46:15,070:INFO:Epoch 90: Test Accuracy: 91.75%
2024-03-14 02:46:51,112:INFO:Epoch 91: Test Accuracy: 91.27%
2024-03-14 02:47:22,092:INFO:Epoch 92: Test Accuracy: 90.53%
2024-03-14 02:47:54,007:INFO:Epoch 93: Test Accuracy: 91.34%
2024-03-14 02:48:24,729:INFO:Epoch 94: Test Accuracy: 86.35%
2024-03-14 02:48:55,921:INFO:Epoch 95: Test Accuracy: 81.29%
2024-03-14 02:49:27,116:INFO:Epoch 96: Test Accuracy: 90.3%
2024-03-14 02:49:57,721:INFO:Epoch 97: Test Accuracy: 91.17%
2024-03-14 02:50:28,686:INFO:Epoch 98: Test Accuracy: 90.52%
2024-03-14 02:50:59,028:INFO:Epoch 99: Test Accuracy: 90.27%
2024-03-14 02:51:27,451:INFO:Finished Training with: sym-0.6
2024-03-14 16:30:16,166:INFO:Start Training with: sym-0.6 w/ sample selection 0.8 0.9 pm simple
2024-03-14 16:30:19,450:INFO:Epoch 0: Test Accuracy: 10.38%
2024-03-14 16:30:21,065:INFO:Model saved with accuracy: 10.38%
2024-03-14 16:31:15,958:INFO:Epoch 1: Test Accuracy: 54.98%
2024-03-14 16:31:17,716:INFO:Model saved with accuracy: 54.98%
2024-03-14 16:32:06,829:INFO:Epoch 2: Test Accuracy: 70.32%
2024-03-14 16:32:08,419:INFO:Model saved with accuracy: 70.32%
2024-03-14 16:32:57,880:INFO:Epoch 3: Test Accuracy: 77.97%
2024-03-14 16:32:59,642:INFO:Model saved with accuracy: 77.97%
2024-03-14 16:33:51,407:INFO:Epoch 4: Test Accuracy: 81.46%
2024-03-14 16:33:53,169:INFO:Model saved with accuracy: 81.46%
2024-03-14 16:34:44,480:INFO:Epoch 5: Test Accuracy: 85.4%
2024-03-14 16:34:46,081:INFO:Model saved with accuracy: 85.40%
2024-03-14 16:35:38,200:INFO:Epoch 6: Test Accuracy: 86.06%
2024-03-14 16:35:40,330:INFO:Model saved with accuracy: 86.06%
2024-03-14 16:36:15,346:INFO:Epoch 7: Test Accuracy: 84.74%
2024-03-14 16:36:52,352:INFO:Epoch 8: Test Accuracy: 85.85%
2024-03-14 16:37:29,691:INFO:Epoch 9: Test Accuracy: 87.49%
2024-03-14 16:37:32,120:INFO:Model saved with accuracy: 87.49%
2024-03-14 16:38:07,047:INFO:Epoch 10: Test Accuracy: 86.69%
2024-03-14 16:41:19,533:INFO:Epoch 11: Test Accuracy: 88.29%
2024-03-14 16:41:21,095:INFO:Model saved with accuracy: 88.29%
2024-03-14 16:41:59,814:INFO:Epoch 12: Test Accuracy: 88.78%
2024-03-14 16:42:01,676:INFO:Model saved with accuracy: 88.78%
2024-03-14 16:42:36,248:INFO:Epoch 13: Test Accuracy: 86.87%
2024-03-14 16:43:12,029:INFO:Epoch 14: Test Accuracy: 89.11%
2024-03-14 16:43:13,997:INFO:Model saved with accuracy: 89.11%
2024-03-14 16:43:52,401:INFO:Epoch 15: Test Accuracy: 77.37%
2024-03-14 16:44:28,226:INFO:Epoch 16: Test Accuracy: 87.87%
2024-03-14 16:45:02,898:INFO:Epoch 17: Test Accuracy: 89.85%
2024-03-14 16:45:05,114:INFO:Model saved with accuracy: 89.85%
2024-03-14 16:45:42,301:INFO:Epoch 18: Test Accuracy: 89.61%
2024-03-14 16:46:19,158:INFO:Epoch 19: Test Accuracy: 89.75%
2024-03-14 16:46:54,755:INFO:Epoch 20: Test Accuracy: 89.71%
2024-03-14 16:47:35,090:INFO:Epoch 21: Test Accuracy: 90.71%
2024-03-14 16:47:36,885:INFO:Model saved with accuracy: 90.71%
2024-03-14 16:48:15,735:INFO:Epoch 22: Test Accuracy: 89.71%
2024-03-14 16:48:52,571:INFO:Epoch 23: Test Accuracy: 90.69%
2024-03-14 16:49:27,928:INFO:Epoch 24: Test Accuracy: 89.99%
2024-03-14 16:50:05,782:INFO:Epoch 25: Test Accuracy: 90.4%
2024-03-14 16:50:42,211:INFO:Epoch 26: Test Accuracy: 89.3%
2024-03-14 16:51:17,219:INFO:Epoch 27: Test Accuracy: 91.09%
2024-03-14 16:51:19,293:INFO:Model saved with accuracy: 91.09%
2024-03-14 16:51:56,662:INFO:Epoch 28: Test Accuracy: 91.52%
2024-03-14 16:51:58,524:INFO:Model saved with accuracy: 91.52%
2024-03-14 16:52:36,878:INFO:Epoch 29: Test Accuracy: 90.56%
2024-03-14 16:53:12,401:INFO:Epoch 30: Test Accuracy: 90.04%
2024-03-14 16:53:52,140:INFO:Epoch 31: Test Accuracy: 90.88%
2024-03-14 16:54:29,421:INFO:Epoch 32: Test Accuracy: 91.18%
2024-03-14 16:55:07,396:INFO:Epoch 33: Test Accuracy: 90.25%
2024-03-14 16:55:43,403:INFO:Epoch 34: Test Accuracy: 91.12%
2024-03-14 16:56:20,214:INFO:Epoch 35: Test Accuracy: 91.44%
2024-03-14 16:56:59,229:INFO:Epoch 36: Test Accuracy: 90.15%
2024-03-14 16:57:35,280:INFO:Epoch 37: Test Accuracy: 89.53%
2024-03-14 16:58:10,293:INFO:Epoch 38: Test Accuracy: 88.95%
2024-03-14 16:58:48,621:INFO:Epoch 39: Test Accuracy: 90.79%
2024-03-14 16:59:25,490:INFO:Epoch 40: Test Accuracy: 90.59%
2024-03-14 17:00:05,413:INFO:Epoch 41: Test Accuracy: 90.63%
2024-03-14 17:00:41,830:INFO:Epoch 42: Test Accuracy: 90.85%
2024-03-14 17:01:20,228:INFO:Epoch 43: Test Accuracy: 90.19%
2024-03-14 17:01:56,634:INFO:Epoch 44: Test Accuracy: 89.15%
2024-03-14 17:02:32,171:INFO:Epoch 45: Test Accuracy: 91.75%
2024-03-14 17:02:33,771:INFO:Model saved with accuracy: 91.75%
2024-03-14 17:03:11,578:INFO:Epoch 46: Test Accuracy: 91.32%
2024-03-14 17:03:49,364:INFO:Epoch 47: Test Accuracy: 90.92%
2024-03-14 17:04:25,559:INFO:Epoch 48: Test Accuracy: 89.14%
2024-03-14 17:05:02,028:INFO:Epoch 49: Test Accuracy: 87.31%
2024-03-14 17:05:41,461:INFO:Epoch 50: Test Accuracy: 90.78%
2024-03-14 17:06:18,051:INFO:Epoch 51: Test Accuracy: 84.66%
2024-03-14 17:06:52,235:INFO:Epoch 52: Test Accuracy: 89.56%
2024-03-14 17:07:29,329:INFO:Epoch 53: Test Accuracy: 89.44%
2024-03-14 17:08:03,893:INFO:Epoch 54: Test Accuracy: 88.31%
2024-03-14 17:08:38,096:INFO:Epoch 55: Test Accuracy: 68.41%
2024-03-14 17:09:14,669:INFO:Epoch 56: Test Accuracy: 90.7%
2024-03-14 17:09:49,038:INFO:Epoch 57: Test Accuracy: 85.16%
2024-03-14 17:10:22,905:INFO:Epoch 58: Test Accuracy: 90.97%
2024-03-14 17:11:00,406:INFO:Epoch 59: Test Accuracy: 87.32%
2024-03-14 17:11:34,459:INFO:Epoch 60: Test Accuracy: 89.93%
2024-03-14 17:12:12,575:INFO:Epoch 61: Test Accuracy: 89.97%
2024-03-14 17:12:48,979:INFO:Epoch 62: Test Accuracy: 86.52%
2024-03-14 17:13:23,993:INFO:Epoch 63: Test Accuracy: 88.91%
2024-03-14 17:13:57,584:INFO:Epoch 64: Test Accuracy: 89.98%
2024-03-14 17:14:34,638:INFO:Epoch 65: Test Accuracy: 88.13%
2024-03-14 17:15:09,611:INFO:Epoch 66: Test Accuracy: 89.3%
2024-03-14 17:15:44,128:INFO:Epoch 67: Test Accuracy: 90.64%
2024-03-14 17:16:21,287:INFO:Epoch 68: Test Accuracy: 89.38%
2024-03-14 17:16:55,787:INFO:Epoch 69: Test Accuracy: 88.81%
2024-03-14 17:17:29,421:INFO:Epoch 70: Test Accuracy: 89.72%
2024-03-14 17:18:10,136:INFO:Epoch 71: Test Accuracy: 89.63%
2024-03-14 17:18:45,420:INFO:Epoch 72: Test Accuracy: 77.31%
2024-03-14 17:19:18,689:INFO:Epoch 73: Test Accuracy: 89.61%
2024-03-14 17:19:54,915:INFO:Epoch 74: Test Accuracy: 86.58%
2024-03-14 17:20:25,863:INFO:Epoch 75: Test Accuracy: 90.52%
2024-03-14 17:20:55,942:INFO:Epoch 76: Test Accuracy: 89.97%
2024-03-14 17:21:26,071:INFO:Epoch 77: Test Accuracy: 71.61%
2024-03-14 17:21:55,834:INFO:Epoch 78: Test Accuracy: 89.93%
2024-03-14 17:22:25,324:INFO:Epoch 79: Test Accuracy: 89.93%
2024-03-14 17:22:54,639:INFO:Epoch 80: Test Accuracy: 88.77%
2024-03-14 17:23:29,324:INFO:Epoch 81: Test Accuracy: 89.09%
2024-03-14 17:23:59,091:INFO:Epoch 82: Test Accuracy: 89.04%
2024-03-14 17:24:29,340:INFO:Epoch 83: Test Accuracy: 89.77%
2024-03-14 17:24:59,441:INFO:Epoch 84: Test Accuracy: 37.29%
2024-03-14 17:25:29,732:INFO:Epoch 85: Test Accuracy: 90.57%
2024-03-14 17:25:59,285:INFO:Epoch 86: Test Accuracy: 23.06%
2024-03-14 17:26:28,716:INFO:Epoch 87: Test Accuracy: 90.69%
2024-03-14 17:26:58,394:INFO:Epoch 88: Test Accuracy: 90.48%
2024-03-14 17:27:28,701:INFO:Epoch 89: Test Accuracy: 90.46%
2024-03-14 17:27:58,450:INFO:Epoch 90: Test Accuracy: 87.47%
2024-03-14 17:28:32,300:INFO:Epoch 91: Test Accuracy: 89.89%
2024-03-14 17:29:02,490:INFO:Epoch 92: Test Accuracy: 90.21%
2024-03-14 17:29:33,276:INFO:Epoch 93: Test Accuracy: 90.51%
2024-03-14 17:30:03,369:INFO:Epoch 94: Test Accuracy: 91.05%
2024-03-14 17:30:33,442:INFO:Epoch 95: Test Accuracy: 90.05%
2024-03-14 17:31:04,074:INFO:Epoch 96: Test Accuracy: 83.91%
2024-03-14 17:31:33,507:INFO:Epoch 97: Test Accuracy: 88.98%
2024-03-14 17:32:02,840:INFO:Epoch 98: Test Accuracy: 89.61%
2024-03-14 17:32:33,170:INFO:Epoch 99: Test Accuracy: 90.55%
2024-03-14 17:33:01,405:INFO:Finished Training with: sym-0.6
2024-03-14 16:30:16,166:INFO:Start Training with: sym-0.6 w/ sample selection 0.8 0.9 pm m0.9
2024-03-14 16:30:19,450:INFO:Epoch 0: Test Accuracy: 10.38%
2024-03-14 16:30:21,065:INFO:Model saved with accuracy: 10.38%
2024-03-14 16:31:15,958:INFO:Epoch 1: Test Accuracy: 54.98%
2024-03-14 16:31:17,716:INFO:Model saved with accuracy: 54.98%
2024-03-14 16:32:06,829:INFO:Epoch 2: Test Accuracy: 70.32%
2024-03-14 16:32:08,419:INFO:Model saved with accuracy: 70.32%
2024-03-14 16:32:57,880:INFO:Epoch 3: Test Accuracy: 77.97%
2024-03-14 16:32:59,642:INFO:Model saved with accuracy: 77.97%
2024-03-14 16:33:51,407:INFO:Epoch 4: Test Accuracy: 81.46%
2024-03-14 16:33:53,169:INFO:Model saved with accuracy: 81.46%
2024-03-14 16:34:44,480:INFO:Epoch 5: Test Accuracy: 85.4%
2024-03-14 16:34:46,081:INFO:Model saved with accuracy: 85.40%
2024-03-14 16:35:38,200:INFO:Epoch 6: Test Accuracy: 86.06%
2024-03-14 16:35:40,330:INFO:Model saved with accuracy: 86.06%
2024-03-14 16:36:15,346:INFO:Epoch 7: Test Accuracy: 84.74%
2024-03-14 16:36:52,352:INFO:Epoch 8: Test Accuracy: 85.85%
2024-03-14 16:37:29,691:INFO:Epoch 9: Test Accuracy: 87.49%
2024-03-14 16:37:32,120:INFO:Model saved with accuracy: 87.49%
2024-03-14 16:38:07,047:INFO:Epoch 10: Test Accuracy: 86.69%
2024-03-14 17:42:17,297:INFO:Epoch 11: Test Accuracy: 88.29%
2024-03-14 17:42:17,546:INFO:Model saved with accuracy: 88.29%
2024-03-14 17:42:47,323:INFO:Epoch 12: Test Accuracy: 87.96%
2024-03-14 17:43:16,990:INFO:Epoch 13: Test Accuracy: 88.96%
2024-03-14 17:43:18,519:INFO:Model saved with accuracy: 88.96%
2024-03-14 17:43:49,781:INFO:Epoch 14: Test Accuracy: 89.03%
2024-03-14 17:43:51,681:INFO:Model saved with accuracy: 89.03%
2024-03-14 17:44:23,195:INFO:Epoch 15: Test Accuracy: 81.26%
2024-03-14 17:44:54,185:INFO:Epoch 16: Test Accuracy: 89.06%
2024-03-14 17:44:56,603:INFO:Model saved with accuracy: 89.06%
2024-03-14 17:45:27,949:INFO:Epoch 17: Test Accuracy: 87.61%
2024-03-14 17:45:59,229:INFO:Epoch 18: Test Accuracy: 86.14%
2024-03-14 17:46:30,263:INFO:Epoch 19: Test Accuracy: 87.2%
2024-03-14 17:47:01,150:INFO:Epoch 20: Test Accuracy: 90.3%
2024-03-14 17:47:02,559:INFO:Model saved with accuracy: 90.30%
2024-03-14 17:47:37,853:INFO:Epoch 21: Test Accuracy: 89.65%
2024-03-14 17:48:08,715:INFO:Epoch 22: Test Accuracy: 89.15%
2024-03-14 17:48:39,824:INFO:Epoch 23: Test Accuracy: 90.6%
2024-03-14 17:48:43,138:INFO:Model saved with accuracy: 90.60%
2024-03-14 17:49:14,837:INFO:Epoch 24: Test Accuracy: 90.37%
2024-03-14 17:49:46,760:INFO:Epoch 25: Test Accuracy: 89.54%
2024-03-14 17:50:18,731:INFO:Epoch 26: Test Accuracy: 90.34%
2024-03-14 17:50:50,460:INFO:Epoch 27: Test Accuracy: 90.43%
2024-03-14 17:51:21,590:INFO:Epoch 28: Test Accuracy: 85.31%
2024-03-14 17:51:52,409:INFO:Epoch 29: Test Accuracy: 89.01%
2024-03-14 17:52:23,876:INFO:Epoch 30: Test Accuracy: 86.17%
2024-03-14 17:52:58,987:INFO:Epoch 31: Test Accuracy: 90.34%
2024-03-14 17:53:30,058:INFO:Epoch 32: Test Accuracy: 91.17%
2024-03-14 17:53:32,310:INFO:Model saved with accuracy: 91.17%
2024-03-14 17:54:04,059:INFO:Epoch 33: Test Accuracy: 89.55%
2024-03-14 17:54:35,561:INFO:Epoch 34: Test Accuracy: 90.15%
2024-03-14 17:55:07,508:INFO:Epoch 35: Test Accuracy: 90.9%
2024-03-14 17:55:38,689:INFO:Epoch 36: Test Accuracy: 91.06%
2024-03-14 17:56:10,019:INFO:Epoch 37: Test Accuracy: 86.88%
2024-03-14 17:56:41,482:INFO:Epoch 38: Test Accuracy: 91.09%
2024-03-14 17:57:12,721:INFO:Epoch 39: Test Accuracy: 90.96%
2024-03-14 17:57:44,193:INFO:Epoch 40: Test Accuracy: 88.53%
2024-03-14 17:58:20,862:INFO:Epoch 41: Test Accuracy: 90.79%
2024-03-14 17:58:53,443:INFO:Epoch 42: Test Accuracy: 91.05%
2024-03-14 17:59:25,141:INFO:Epoch 43: Test Accuracy: 90.88%
2024-03-14 17:59:57,103:INFO:Epoch 44: Test Accuracy: 90.56%
2024-03-14 18:00:29,676:INFO:Epoch 45: Test Accuracy: 90.65%
2024-03-14 18:01:01,769:INFO:Epoch 46: Test Accuracy: 90.86%
2024-03-14 18:01:33,966:INFO:Epoch 47: Test Accuracy: 91.05%
2024-03-14 18:02:05,959:INFO:Epoch 48: Test Accuracy: 90.45%
2024-03-14 18:02:37,970:INFO:Epoch 49: Test Accuracy: 91.79%
2024-03-14 18:02:39,476:INFO:Model saved with accuracy: 91.79%
2024-03-14 18:03:10,989:INFO:Epoch 50: Test Accuracy: 91.69%
2024-03-14 18:03:43,932:INFO:Epoch 51: Test Accuracy: 89.85%
2024-03-14 18:04:14,256:INFO:Epoch 52: Test Accuracy: 91.17%
2024-03-14 18:04:44,477:INFO:Epoch 53: Test Accuracy: 89.13%
2024-03-14 18:05:14,631:INFO:Epoch 54: Test Accuracy: 88.56%
2024-03-14 18:05:44,639:INFO:Epoch 55: Test Accuracy: 90.3%
2024-03-14 18:06:14,742:INFO:Epoch 56: Test Accuracy: 89.11%
2024-03-14 18:06:45,064:INFO:Epoch 57: Test Accuracy: 90.79%
2024-03-14 18:07:15,653:INFO:Epoch 58: Test Accuracy: 89.62%
2024-03-14 18:07:45,742:INFO:Epoch 59: Test Accuracy: 87.24%
2024-03-14 18:08:17,841:INFO:Epoch 60: Test Accuracy: 89.37%
2024-03-14 18:09:00,103:INFO:Epoch 61: Test Accuracy: 90.7%
2024-03-14 18:09:37,348:INFO:Epoch 62: Test Accuracy: 89.35%
2024-03-14 18:10:15,099:INFO:Epoch 63: Test Accuracy: 82.8%
2024-03-14 18:10:51,861:INFO:Epoch 64: Test Accuracy: 88.98%
2024-03-14 18:11:29,264:INFO:Epoch 65: Test Accuracy: 89.55%
2024-03-14 18:12:03,021:INFO:Epoch 66: Test Accuracy: 88.27%
2024-03-14 18:12:33,168:INFO:Epoch 67: Test Accuracy: 86.27%
2024-03-14 18:13:02,818:INFO:Epoch 68: Test Accuracy: 89.69%
2024-03-14 18:13:33,113:INFO:Epoch 69: Test Accuracy: 89.2%
2024-03-14 18:14:02,245:INFO:Epoch 70: Test Accuracy: 90.1%
2024-03-14 18:14:36,419:INFO:Epoch 71: Test Accuracy: 80.96%
2024-03-14 18:15:07,034:INFO:Epoch 72: Test Accuracy: 90.48%
2024-03-14 18:15:36,719:INFO:Epoch 73: Test Accuracy: 90.18%
2024-03-14 18:16:07,188:INFO:Epoch 74: Test Accuracy: 88.45%
2024-03-14 18:16:38,852:INFO:Epoch 75: Test Accuracy: 89.7%
2024-03-14 18:17:10,295:INFO:Epoch 76: Test Accuracy: 88.77%
2024-03-14 18:17:42,884:INFO:Epoch 77: Test Accuracy: 86.77%
2024-03-14 18:18:15,344:INFO:Epoch 78: Test Accuracy: 89.08%
2024-03-14 18:18:48,120:INFO:Epoch 79: Test Accuracy: 89.33%
2024-03-14 18:19:19,788:INFO:Epoch 80: Test Accuracy: 89.42%
2024-03-14 18:19:55,330:INFO:Epoch 81: Test Accuracy: 90.68%
2024-03-14 18:20:26,439:INFO:Epoch 82: Test Accuracy: 90.42%
2024-03-14 18:20:56,722:INFO:Epoch 83: Test Accuracy: 86.92%
2024-03-14 18:21:26,929:INFO:Epoch 84: Test Accuracy: 91.3%
2024-03-14 18:21:57,379:INFO:Epoch 85: Test Accuracy: 90.42%
2024-03-14 18:22:28,075:INFO:Epoch 86: Test Accuracy: 89.85%
2024-03-14 18:22:59,913:INFO:Epoch 87: Test Accuracy: 90.35%
2024-03-14 18:23:31,195:INFO:Epoch 88: Test Accuracy: 91.03%
2024-03-14 18:24:02,281:INFO:Epoch 89: Test Accuracy: 89.18%
2024-03-14 18:24:33,398:INFO:Epoch 90: Test Accuracy: 90.21%
2024-03-14 18:25:07,715:INFO:Epoch 91: Test Accuracy: 91.03%
2024-03-14 18:25:39,190:INFO:Epoch 92: Test Accuracy: 67.74%
2024-03-14 18:26:11,327:INFO:Epoch 93: Test Accuracy: 90.44%
2024-03-14 18:26:44,254:INFO:Epoch 94: Test Accuracy: 90.98%
2024-03-14 18:27:15,577:INFO:Epoch 95: Test Accuracy: 91.41%
2024-03-14 18:27:47,156:INFO:Epoch 96: Test Accuracy: 90.53%
2024-03-14 18:28:17,868:INFO:Epoch 97: Test Accuracy: 91.29%
2024-03-14 18:28:48,986:INFO:Epoch 98: Test Accuracy: 87.8%
2024-03-14 18:29:20,909:INFO:Epoch 99: Test Accuracy: 88.94%
2024-03-14 18:29:48,855:INFO:Finished Training with: sym-0.6
