 2024-03-12 23:42:02,108:INFO:Training Configuration: batch_size=128, epochs=100, lr=0.01, weight_decay=1e-05, lambda1=0.01, hash_bits=64, model_name=resnet34, device=cuda
2024-03-12 23:42:03,834:INFO:Start Training with: sym-0.2
2024-03-12 23:42:06,109:INFO:Epoch 0: Test Accuracy: 9.38%
2024-03-12 23:42:07,399:INFO:Model saved with accuracy: 9.38%
2024-03-12 23:42:53,332:INFO:Epoch 1: Test Accuracy: 86.89%
2024-03-12 23:42:55,220:INFO:Model saved with accuracy: 86.89%
2024-03-12 23:43:41,723:INFO:Epoch 2: Test Accuracy: 89.99%
2024-03-12 23:43:44,302:INFO:Model saved with accuracy: 89.99%
2024-03-12 23:44:30,413:INFO:Epoch 3: Test Accuracy: 91.37%
2024-03-12 23:44:32,471:INFO:Model saved with accuracy: 91.37%
2024-03-12 23:45:19,309:INFO:Epoch 4: Test Accuracy: 90.59%
2024-03-12 23:46:06,206:INFO:Epoch 5: Test Accuracy: 94.01%
2024-03-12 23:46:08,298:INFO:Model saved with accuracy: 94.01%
2024-03-12 23:46:49,242:INFO:Epoch 6: Test Accuracy: 94.04%
2024-03-12 23:46:51,271:INFO:Model saved with accuracy: 94.04%
2024-03-12 23:47:32,312:INFO:Epoch 7: Test Accuracy: 94.38%
2024-03-12 23:47:33,864:INFO:Model saved with accuracy: 94.38%
2024-03-12 23:48:15,626:INFO:Epoch 8: Test Accuracy: 94.16%
2024-03-12 23:48:56,942:INFO:Epoch 9: Test Accuracy: 94.31%
2024-03-12 23:49:38,730:INFO:Epoch 10: Test Accuracy: 94.49%
2024-03-12 23:49:40,281:INFO:Model saved with accuracy: 94.49%
2024-03-12 23:50:21,809:INFO:Epoch 11: Test Accuracy: 94.56%
2024-03-12 23:50:23,010:INFO:Model saved with accuracy: 94.56%
2024-03-12 23:51:04,065:INFO:Epoch 12: Test Accuracy: 94.54%
2024-03-12 23:51:46,074:INFO:Epoch 13: Test Accuracy: 94.55%
2024-03-12 23:52:27,289:INFO:Epoch 14: Test Accuracy: 94.55%
2024-03-12 23:53:08,099:INFO:Epoch 15: Test Accuracy: 94.58%
2024-03-12 23:53:12,274:INFO:Model saved with accuracy: 94.58%
2024-03-12 23:53:54,000:INFO:Epoch 16: Test Accuracy: 94.14%
2024-03-12 23:54:35,609:INFO:Epoch 17: Test Accuracy: 94.25%
2024-03-12 23:55:17,782:INFO:Epoch 18: Test Accuracy: 94.38%
2024-03-12 23:56:00,029:INFO:Epoch 19: Test Accuracy: 94.86%
2024-03-12 23:56:02,006:INFO:Model saved with accuracy: 94.86%
2024-03-12 23:56:43,511:INFO:Epoch 20: Test Accuracy: 94.83%
2024-03-12 23:57:25,490:INFO:Epoch 21: Test Accuracy: 94.81%
2024-03-12 23:58:07,262:INFO:Epoch 22: Test Accuracy: 95.05%
2024-03-12 23:58:09,941:INFO:Model saved with accuracy: 95.05%
2024-03-12 23:58:51,276:INFO:Epoch 23: Test Accuracy: 94.83%
2024-03-12 23:59:32,852:INFO:Epoch 24: Test Accuracy: 94.63%
2024-03-13 00:00:14,078:INFO:Epoch 25: Test Accuracy: 94.9%
2024-03-13 00:00:55,625:INFO:Epoch 26: Test Accuracy: 94.55%
2024-03-13 00:01:37,196:INFO:Epoch 27: Test Accuracy: 94.98%
2024-03-13 00:02:18,591:INFO:Epoch 28: Test Accuracy: 95.04%
2024-03-13 00:03:00,785:INFO:Epoch 29: Test Accuracy: 95.22%
2024-03-13 00:03:03,114:INFO:Model saved with accuracy: 95.22%
2024-03-13 00:03:44,988:INFO:Epoch 30: Test Accuracy: 95.02%
2024-03-13 00:04:26,638:INFO:Epoch 31: Test Accuracy: 95.17%
2024-03-13 00:05:08,537:INFO:Epoch 32: Test Accuracy: 94.73%
2024-03-13 00:05:49,877:INFO:Epoch 33: Test Accuracy: 94.74%
2024-03-13 00:06:31,880:INFO:Epoch 34: Test Accuracy: 95.02%
2024-03-13 00:07:14,105:INFO:Epoch 35: Test Accuracy: 95.28%
2024-03-13 00:07:15,931:INFO:Model saved with accuracy: 95.28%
2024-03-13 00:07:57,805:INFO:Epoch 36: Test Accuracy: 95.17%
2024-03-13 00:08:39,625:INFO:Epoch 37: Test Accuracy: 95.03%
2024-03-13 00:09:21,743:INFO:Epoch 38: Test Accuracy: 95.04%
2024-03-13 00:10:03,638:INFO:Epoch 39: Test Accuracy: 95.25%
2024-03-13 00:10:46,112:INFO:Epoch 40: Test Accuracy: 95.14%
2024-03-13 00:11:28,007:INFO:Epoch 41: Test Accuracy: 95.12%
2024-03-13 00:12:09,537:INFO:Epoch 42: Test Accuracy: 95.11%
2024-03-13 00:12:51,702:INFO:Epoch 43: Test Accuracy: 95.13%
2024-03-13 00:13:33,225:INFO:Epoch 44: Test Accuracy: 94.96%
2024-03-13 00:14:15,041:INFO:Epoch 45: Test Accuracy: 95.12%
2024-03-13 00:14:57,334:INFO:Epoch 46: Test Accuracy: 94.86%
2024-03-13 00:15:38,630:INFO:Epoch 47: Test Accuracy: 94.93%
2024-03-13 00:16:20,899:INFO:Epoch 48: Test Accuracy: 94.79%
2024-03-13 00:17:03,308:INFO:Epoch 49: Test Accuracy: 95.13%
2024-03-13 00:17:45,465:INFO:Epoch 50: Test Accuracy: 94.67%
2024-03-13 00:18:27,666:INFO:Epoch 51: Test Accuracy: 95.1%
2024-03-13 00:19:09,045:INFO:Epoch 52: Test Accuracy: 95.26%
2024-03-13 00:19:51,283:INFO:Epoch 53: Test Accuracy: 95.05%
2024-03-13 00:20:33,254:INFO:Epoch 54: Test Accuracy: 95.27%
2024-03-13 00:21:15,089:INFO:Epoch 55: Test Accuracy: 95.01%
2024-03-13 00:21:57,103:INFO:Epoch 56: Test Accuracy: 95.18%
2024-03-13 00:22:39,109:INFO:Epoch 57: Test Accuracy: 95.04%
2024-03-13 00:23:21,504:INFO:Epoch 58: Test Accuracy: 95.03%
2024-03-13 00:24:03,817:INFO:Epoch 59: Test Accuracy: 95.28%
2024-03-13 00:24:45,594:INFO:Epoch 60: Test Accuracy: 94.78%
2024-03-13 00:25:28,198:INFO:Epoch 61: Test Accuracy: 95.28%
2024-03-13 00:26:10,296:INFO:Epoch 62: Test Accuracy: 95.17%
2024-03-13 00:26:51,900:INFO:Epoch 63: Test Accuracy: 94.52%
2024-03-13 00:27:34,553:INFO:Epoch 64: Test Accuracy: 95.19%
2024-03-13 00:28:16,612:INFO:Epoch 65: Test Accuracy: 95.27%
2024-03-13 00:28:58,772:INFO:Epoch 66: Test Accuracy: 94.77%
2024-03-13 00:29:41,165:INFO:Epoch 67: Test Accuracy: 95.28%
2024-03-13 00:30:22,948:INFO:Epoch 68: Test Accuracy: 95.06%
2024-03-13 00:31:04,893:INFO:Epoch 69: Test Accuracy: 94.86%
2024-03-13 00:31:46,977:INFO:Epoch 70: Test Accuracy: 95.18%
2024-03-13 00:32:28,591:INFO:Epoch 71: Test Accuracy: 95.03%
2024-03-13 00:33:10,931:INFO:Epoch 72: Test Accuracy: 95.11%
2024-03-13 00:33:52,934:INFO:Epoch 73: Test Accuracy: 95.04%
2024-03-13 00:34:35,215:INFO:Epoch 74: Test Accuracy: 94.78%
2024-03-13 00:35:17,238:INFO:Epoch 75: Test Accuracy: 94.87%
2024-03-13 00:35:59,125:INFO:Epoch 76: Test Accuracy: 94.97%
2024-03-13 00:36:41,580:INFO:Epoch 77: Test Accuracy: 95.24%
2024-03-13 00:37:24,143:INFO:Epoch 78: Test Accuracy: 94.89%
2024-03-13 00:38:06,196:INFO:Epoch 79: Test Accuracy: 94.91%
2024-03-13 00:38:48,316:INFO:Epoch 80: Test Accuracy: 95.1%
2024-03-13 00:39:30,736:INFO:Epoch 81: Test Accuracy: 95.02%
2024-03-13 00:40:12,405:INFO:Epoch 82: Test Accuracy: 94.96%
2024-03-13 00:40:55,028:INFO:Epoch 83: Test Accuracy: 94.93%
2024-03-13 00:41:36,785:INFO:Epoch 84: Test Accuracy: 95.26%
2024-03-13 00:42:19,039:INFO:Epoch 85: Test Accuracy: 95.19%
2024-03-13 00:43:01,652:INFO:Epoch 86: Test Accuracy: 95.14%
2024-03-13 00:43:43,214:INFO:Epoch 87: Test Accuracy: 94.82%
2024-03-13 00:44:25,313:INFO:Epoch 88: Test Accuracy: 95.06%
2024-03-13 00:45:07,636:INFO:Epoch 89: Test Accuracy: 94.99%
2024-03-13 00:45:49,808:INFO:Epoch 90: Test Accuracy: 95.1%
2024-03-13 00:46:32,027:INFO:Epoch 91: Test Accuracy: 94.91%
2024-03-13 00:47:13,500:INFO:Epoch 92: Test Accuracy: 94.48%
2024-03-13 00:47:55,826:INFO:Epoch 93: Test Accuracy: 94.87%
2024-03-13 00:48:38,444:INFO:Epoch 94: Test Accuracy: 95.2%
2024-03-13 00:49:20,260:INFO:Epoch 95: Test Accuracy: 95.27%
2024-03-13 00:50:02,629:INFO:Epoch 96: Test Accuracy: 95.26%
2024-03-13 00:50:45,108:INFO:Epoch 97: Test Accuracy: 95.35%
2024-03-13 00:50:47,176:INFO:Model saved with accuracy: 95.35%
2024-03-13 00:51:29,522:INFO:Epoch 98: Test Accuracy: 94.69%
2024-03-13 00:52:12,657:INFO:Epoch 99: Test Accuracy: 95.01%
2024-03-13 00:52:52,678:INFO:Finished Training with: sym-0.2
2024-03-13 00:52:54,405:INFO:Start Training with: sym-0.4
2024-03-13 00:52:57,099:INFO:Epoch 0: Test Accuracy: 10.98%
2024-03-13 00:52:58,718:INFO:Model saved with accuracy: 10.98%
2024-03-13 00:53:43,173:INFO:Epoch 1: Test Accuracy: 87.78%
2024-03-13 00:53:45,318:INFO:Model saved with accuracy: 87.78%
2024-03-13 00:54:30,721:INFO:Epoch 2: Test Accuracy: 89.54%
2024-03-13 00:54:32,762:INFO:Model saved with accuracy: 89.54%
2024-03-13 00:55:18,260:INFO:Epoch 3: Test Accuracy: 90.71%
2024-03-13 00:55:20,453:INFO:Model saved with accuracy: 90.71%
2024-03-13 00:56:05,000:INFO:Epoch 4: Test Accuracy: 90.71%
2024-03-13 00:56:50,572:INFO:Epoch 5: Test Accuracy: 92.92%
2024-03-13 00:56:51,861:INFO:Model saved with accuracy: 92.92%
2024-03-13 00:57:28,565:INFO:Epoch 6: Test Accuracy: 91.79%
2024-03-13 00:58:05,221:INFO:Epoch 7: Test Accuracy: 92.38%
2024-03-13 00:58:42,375:INFO:Epoch 8: Test Accuracy: 93.23%
2024-03-13 00:58:43,343:INFO:Model saved with accuracy: 93.23%
2024-03-13 00:59:19,703:INFO:Epoch 9: Test Accuracy: 92.54%
2024-03-13 00:59:56,532:INFO:Epoch 10: Test Accuracy: 92.45%
2024-03-13 01:00:32,995:INFO:Epoch 11: Test Accuracy: 93.35%
2024-03-13 01:00:34,797:INFO:Model saved with accuracy: 93.35%
2024-03-13 01:01:11,399:INFO:Epoch 12: Test Accuracy: 92.93%
2024-03-13 01:01:48,056:INFO:Epoch 13: Test Accuracy: 93.15%
2024-03-13 01:02:25,033:INFO:Epoch 14: Test Accuracy: 93.27%
2024-03-13 01:03:02,007:INFO:Epoch 15: Test Accuracy: 93.42%
2024-03-13 01:03:04,074:INFO:Model saved with accuracy: 93.42%
2024-03-13 01:03:40,902:INFO:Epoch 16: Test Accuracy: 93.71%
2024-03-13 01:03:42,255:INFO:Model saved with accuracy: 93.71%
2024-03-13 01:04:19,129:INFO:Epoch 17: Test Accuracy: 93.27%
2024-03-13 01:04:55,803:INFO:Epoch 18: Test Accuracy: 93.21%
2024-03-13 01:05:32,896:INFO:Epoch 19: Test Accuracy: 89.73%
2024-03-13 01:06:10,259:INFO:Epoch 20: Test Accuracy: 93.5%
2024-03-13 01:06:47,845:INFO:Epoch 21: Test Accuracy: 93.77%
2024-03-13 01:06:49,875:INFO:Model saved with accuracy: 93.77%
2024-03-13 01:07:26,627:INFO:Epoch 22: Test Accuracy: 93.28%
2024-03-13 01:08:03,680:INFO:Epoch 23: Test Accuracy: 93.56%
2024-03-13 01:08:41,118:INFO:Epoch 24: Test Accuracy: 93.85%
2024-03-13 01:08:43,086:INFO:Model saved with accuracy: 93.85%
2024-03-13 01:09:19,177:INFO:Epoch 25: Test Accuracy: 93.74%
2024-03-13 01:09:56,285:INFO:Epoch 26: Test Accuracy: 93.51%
2024-03-13 01:10:33,170:INFO:Epoch 27: Test Accuracy: 93.62%
2024-03-13 01:11:10,427:INFO:Epoch 28: Test Accuracy: 93.38%
2024-03-13 01:11:46,884:INFO:Epoch 29: Test Accuracy: 93.34%
2024-03-13 01:12:24,710:INFO:Epoch 30: Test Accuracy: 93.49%
2024-03-13 01:13:02,290:INFO:Epoch 31: Test Accuracy: 87.97%
2024-03-13 01:13:39,019:INFO:Epoch 32: Test Accuracy: 93.72%
2024-03-13 01:14:16,333:INFO:Epoch 33: Test Accuracy: 93.85%
2024-03-13 01:14:53,430:INFO:Epoch 34: Test Accuracy: 94.15%
2024-03-13 01:14:55,238:INFO:Model saved with accuracy: 94.15%
2024-03-13 01:15:32,755:INFO:Epoch 35: Test Accuracy: 93.9%
2024-03-13 01:16:09,074:INFO:Epoch 36: Test Accuracy: 93.9%
2024-03-13 01:16:46,570:INFO:Epoch 37: Test Accuracy: 93.56%
2024-03-13 01:17:23,245:INFO:Epoch 38: Test Accuracy: 93.46%
2024-03-13 01:18:00,092:INFO:Epoch 39: Test Accuracy: 93.87%
2024-03-13 01:18:37,190:INFO:Epoch 40: Test Accuracy: 93.38%
2024-03-13 01:19:14,527:INFO:Epoch 41: Test Accuracy: 93.49%
2024-03-13 01:19:52,312:INFO:Epoch 42: Test Accuracy: 93.76%
2024-03-13 01:20:28,951:INFO:Epoch 43: Test Accuracy: 92.86%
2024-03-13 01:21:06,984:INFO:Epoch 44: Test Accuracy: 93.73%
2024-03-13 01:21:43,498:INFO:Epoch 45: Test Accuracy: 93.72%
2024-03-13 01:22:21,022:INFO:Epoch 46: Test Accuracy: 93.83%
2024-03-13 01:22:58,101:INFO:Epoch 47: Test Accuracy: 92.53%
2024-03-13 01:23:35,593:INFO:Epoch 48: Test Accuracy: 93.39%
2024-03-13 01:24:12,409:INFO:Epoch 49: Test Accuracy: 93.21%
2024-03-13 01:24:49,408:INFO:Epoch 50: Test Accuracy: 93.54%
2024-03-13 01:25:26,535:INFO:Epoch 51: Test Accuracy: 93.88%
2024-03-13 01:26:02,924:INFO:Epoch 52: Test Accuracy: 92.89%
2024-03-13 01:26:40,837:INFO:Epoch 53: Test Accuracy: 93.54%
2024-03-13 01:27:18,457:INFO:Epoch 54: Test Accuracy: 93.6%
2024-03-13 01:27:56,211:INFO:Epoch 55: Test Accuracy: 93.35%
2024-03-13 01:28:33,138:INFO:Epoch 56: Test Accuracy: 93.45%
2024-03-13 01:29:11,112:INFO:Epoch 57: Test Accuracy: 93.2%
2024-03-13 01:29:47,949:INFO:Epoch 58: Test Accuracy: 93.65%
2024-03-13 01:30:25,474:INFO:Epoch 59: Test Accuracy: 93.61%
2024-03-13 01:31:03,523:INFO:Epoch 60: Test Accuracy: 93.55%
2024-03-13 01:31:40,345:INFO:Epoch 61: Test Accuracy: 90.83%
2024-03-13 01:32:17,909:INFO:Epoch 62: Test Accuracy: 93.27%
2024-03-13 01:32:54,892:INFO:Epoch 63: Test Accuracy: 93.57%
2024-03-13 01:33:32,539:INFO:Epoch 64: Test Accuracy: 93.4%
2024-03-13 01:34:09,661:INFO:Epoch 65: Test Accuracy: 93.46%
2024-03-13 01:34:47,169:INFO:Epoch 66: Test Accuracy: 93.5%
2024-03-13 01:35:24,567:INFO:Epoch 67: Test Accuracy: 91.94%
2024-03-13 01:36:01,816:INFO:Epoch 68: Test Accuracy: 93.4%
2024-03-13 01:36:39,120:INFO:Epoch 69: Test Accuracy: 92.38%
2024-03-13 01:37:16,701:INFO:Epoch 70: Test Accuracy: 93.38%
2024-03-13 01:37:54,181:INFO:Epoch 71: Test Accuracy: 93.46%
2024-03-13 01:38:31,417:INFO:Epoch 72: Test Accuracy: 93.14%
2024-03-13 01:39:09,317:INFO:Epoch 73: Test Accuracy: 93.45%
2024-03-13 01:39:46,511:INFO:Epoch 74: Test Accuracy: 92.89%
2024-03-13 01:40:24,225:INFO:Epoch 75: Test Accuracy: 93.27%
2024-03-13 01:41:01,578:INFO:Epoch 76: Test Accuracy: 92.7%
2024-03-13 01:41:39,103:INFO:Epoch 77: Test Accuracy: 93.31%
2024-03-13 01:42:17,132:INFO:Epoch 78: Test Accuracy: 92.85%
2024-03-13 01:42:54,195:INFO:Epoch 79: Test Accuracy: 93.08%
2024-03-13 01:43:31,811:INFO:Epoch 80: Test Accuracy: 93.55%
2024-03-13 01:44:09,084:INFO:Epoch 81: Test Accuracy: 93.44%
2024-03-13 01:44:46,937:INFO:Epoch 82: Test Accuracy: 93.36%
2024-03-13 01:45:24,507:INFO:Epoch 83: Test Accuracy: 93.34%
2024-03-13 01:46:02,758:INFO:Epoch 84: Test Accuracy: 92.66%
2024-03-13 01:46:40,644:INFO:Epoch 85: Test Accuracy: 93.48%
2024-03-13 01:47:17,747:INFO:Epoch 86: Test Accuracy: 93.04%
2024-03-13 01:47:55,502:INFO:Epoch 87: Test Accuracy: 93.35%
2024-03-13 01:48:33,396:INFO:Epoch 88: Test Accuracy: 93.11%
2024-03-13 01:49:11,483:INFO:Epoch 89: Test Accuracy: 93.65%
2024-03-13 01:49:48,241:INFO:Epoch 90: Test Accuracy: 92.93%
2024-03-13 01:50:26,019:INFO:Epoch 91: Test Accuracy: 93.46%
2024-03-13 01:51:03,252:INFO:Epoch 92: Test Accuracy: 93.49%
2024-03-13 01:51:40,407:INFO:Epoch 93: Test Accuracy: 92.97%
2024-03-13 01:52:18,239:INFO:Epoch 94: Test Accuracy: 92.04%
2024-03-13 01:52:55,212:INFO:Epoch 95: Test Accuracy: 93.26%
2024-03-13 01:53:33,021:INFO:Epoch 96: Test Accuracy: 92.15%
2024-03-13 01:54:10,276:INFO:Epoch 97: Test Accuracy: 92.74%
2024-03-13 01:54:48,708:INFO:Epoch 98: Test Accuracy: 93.47%
2024-03-13 01:55:26,517:INFO:Epoch 99: Test Accuracy: 92.86%
2024-03-13 01:56:02,352:INFO:Finished Training with: sym-0.4
2024-03-13 01:56:04,112:INFO:Start Training with: sym-0.6
2024-03-13 01:56:06,308:INFO:Epoch 0: Test Accuracy: 11.12%
2024-03-13 01:56:08,503:INFO:Model saved with accuracy: 11.12%
2024-03-13 01:56:52,875:INFO:Epoch 1: Test Accuracy: 81.36%
2024-03-13 01:56:54,712:INFO:Model saved with accuracy: 81.36%
2024-03-13 01:57:38,932:INFO:Epoch 2: Test Accuracy: 86.25%
2024-03-13 01:57:40,456:INFO:Model saved with accuracy: 86.25%
2024-03-13 01:58:25,313:INFO:Epoch 3: Test Accuracy: 88.95%
2024-03-13 01:58:27,936:INFO:Model saved with accuracy: 88.95%
2024-03-13 01:59:12,173:INFO:Epoch 4: Test Accuracy: 88.6%
2024-03-13 01:59:56,210:INFO:Epoch 5: Test Accuracy: 90.73%
2024-03-13 01:59:58,499:INFO:Model saved with accuracy: 90.73%
2024-03-13 02:00:30,442:INFO:Epoch 6: Test Accuracy: 89.82%
2024-03-13 02:01:01,829:INFO:Epoch 7: Test Accuracy: 89.53%
2024-03-13 02:01:33,933:INFO:Epoch 8: Test Accuracy: 90.4%
2024-03-13 02:02:06,119:INFO:Epoch 9: Test Accuracy: 90.39%
2024-03-13 02:02:38,162:INFO:Epoch 10: Test Accuracy: 90.1%
2024-03-13 02:03:10,758:INFO:Epoch 11: Test Accuracy: 90.79%
2024-03-13 02:03:12,715:INFO:Model saved with accuracy: 90.79%
2024-03-13 02:03:44,913:INFO:Epoch 12: Test Accuracy: 90.96%
2024-03-13 02:03:45,916:INFO:Model saved with accuracy: 90.96%
2024-03-13 02:04:17,796:INFO:Epoch 13: Test Accuracy: 89.56%
2024-03-13 02:04:50,032:INFO:Epoch 14: Test Accuracy: 90.94%
2024-03-13 02:05:21,797:INFO:Epoch 15: Test Accuracy: 91.41%
2024-03-13 02:05:24,189:INFO:Model saved with accuracy: 91.41%
2024-03-13 02:05:56,290:INFO:Epoch 16: Test Accuracy: 91.25%
2024-03-13 02:06:28,167:INFO:Epoch 17: Test Accuracy: 90.91%
2024-03-13 02:07:00,400:INFO:Epoch 18: Test Accuracy: 91.81%
2024-03-13 02:07:02,441:INFO:Model saved with accuracy: 91.81%
2024-03-13 02:07:33,910:INFO:Epoch 19: Test Accuracy: 91.04%
2024-03-13 02:08:06,936:INFO:Epoch 20: Test Accuracy: 90.4%
2024-03-13 02:08:39,093:INFO:Epoch 21: Test Accuracy: 91.44%
2024-03-13 02:09:11,214:INFO:Epoch 22: Test Accuracy: 88.89%
2024-03-13 02:09:43,480:INFO:Epoch 23: Test Accuracy: 91.16%
2024-03-13 02:10:16,221:INFO:Epoch 24: Test Accuracy: 90.95%
2024-03-13 02:10:48,633:INFO:Epoch 25: Test Accuracy: 90.03%
2024-03-13 02:11:21,439:INFO:Epoch 26: Test Accuracy: 91.45%
2024-03-13 02:11:53,391:INFO:Epoch 27: Test Accuracy: 90.92%
2024-03-13 02:12:26,259:INFO:Epoch 28: Test Accuracy: 89.92%
2024-03-13 02:12:58,040:INFO:Epoch 29: Test Accuracy: 91.19%
2024-03-13 02:13:30,261:INFO:Epoch 30: Test Accuracy: 91.7%
2024-03-13 02:14:02,600:INFO:Epoch 31: Test Accuracy: 89.74%
2024-03-13 02:14:34,662:INFO:Epoch 32: Test Accuracy: 91.84%
2024-03-13 02:14:35,937:INFO:Model saved with accuracy: 91.84%
2024-03-13 02:15:08,599:INFO:Epoch 33: Test Accuracy: 91.93%
2024-03-13 02:15:10,764:INFO:Model saved with accuracy: 91.93%
2024-03-13 02:15:42,419:INFO:Epoch 34: Test Accuracy: 91.83%
2024-03-13 02:16:15,458:INFO:Epoch 35: Test Accuracy: 92.1%
2024-03-13 02:16:17,317:INFO:Model saved with accuracy: 92.10%
2024-03-13 02:16:49,883:INFO:Epoch 36: Test Accuracy: 90.17%
2024-03-13 02:17:22,678:INFO:Epoch 37: Test Accuracy: 91.3%
2024-03-13 02:17:55,014:INFO:Epoch 38: Test Accuracy: 87.81%
2024-03-13 02:18:27,887:INFO:Epoch 39: Test Accuracy: 91.59%
2024-03-13 02:18:59,657:INFO:Epoch 40: Test Accuracy: 91.55%
2024-03-13 02:19:32,540:INFO:Epoch 41: Test Accuracy: 92.11%
2024-03-13 02:19:34,313:INFO:Model saved with accuracy: 92.11%
2024-03-13 02:20:06,523:INFO:Epoch 42: Test Accuracy: 91.57%
2024-03-13 02:20:39,277:INFO:Epoch 43: Test Accuracy: 90.94%
2024-03-13 02:21:11,307:INFO:Epoch 44: Test Accuracy: 91.08%
2024-03-13 02:21:44,124:INFO:Epoch 45: Test Accuracy: 91.7%
2024-03-13 02:22:16,530:INFO:Epoch 46: Test Accuracy: 91.25%
2024-03-13 02:22:48,977:INFO:Epoch 47: Test Accuracy: 91.26%
2024-03-13 02:23:21,630:INFO:Epoch 48: Test Accuracy: 92.06%
2024-03-13 02:23:54,701:INFO:Epoch 49: Test Accuracy: 90.6%
2024-03-13 02:24:26,979:INFO:Epoch 50: Test Accuracy: 91.66%
2024-03-13 02:25:00,156:INFO:Epoch 51: Test Accuracy: 90.43%
2024-03-13 02:25:32,572:INFO:Epoch 52: Test Accuracy: 91.67%
2024-03-13 02:26:05,405:INFO:Epoch 53: Test Accuracy: 91.46%
2024-03-13 02:26:37,710:INFO:Epoch 54: Test Accuracy: 91.45%
2024-03-13 02:27:10,448:INFO:Epoch 55: Test Accuracy: 90.99%
2024-03-13 02:27:43,045:INFO:Epoch 56: Test Accuracy: 90.94%
2024-03-13 02:28:15,588:INFO:Epoch 57: Test Accuracy: 91.8%
2024-03-13 02:28:47,937:INFO:Epoch 58: Test Accuracy: 91.25%
2024-03-13 02:29:20,868:INFO:Epoch 59: Test Accuracy: 90.84%
2024-03-13 02:29:53,109:INFO:Epoch 60: Test Accuracy: 90.94%
2024-03-13 02:30:26,086:INFO:Epoch 61: Test Accuracy: 91.46%
2024-03-13 02:30:58,683:INFO:Epoch 62: Test Accuracy: 91.34%
2024-03-13 02:31:31,847:INFO:Epoch 63: Test Accuracy: 90.81%
2024-03-13 02:32:04,675:INFO:Epoch 64: Test Accuracy: 91.11%
2024-03-13 02:32:37,695:INFO:Epoch 65: Test Accuracy: 90.58%
2024-03-13 02:33:09,875:INFO:Epoch 66: Test Accuracy: 90.48%
2024-03-13 02:33:42,696:INFO:Epoch 67: Test Accuracy: 88.32%
2024-03-13 02:34:15,196:INFO:Epoch 68: Test Accuracy: 91.38%
2024-03-13 02:34:47,508:INFO:Epoch 69: Test Accuracy: 90.43%
2024-03-13 02:35:20,217:INFO:Epoch 70: Test Accuracy: 91.21%
2024-03-13 02:35:52,767:INFO:Epoch 71: Test Accuracy: 90.47%
2024-03-13 02:36:25,394:INFO:Epoch 72: Test Accuracy: 90.4%
2024-03-13 02:36:58,037:INFO:Epoch 73: Test Accuracy: 90.53%
2024-03-13 02:37:31,133:INFO:Epoch 74: Test Accuracy: 90.09%
2024-03-13 02:38:03,627:INFO:Epoch 75: Test Accuracy: 90.47%
2024-03-13 02:38:37,005:INFO:Epoch 76: Test Accuracy: 90.51%
2024-03-13 02:39:09,986:INFO:Epoch 77: Test Accuracy: 90.44%
2024-03-13 02:39:43,405:INFO:Epoch 78: Test Accuracy: 89.36%
2024-03-13 02:40:15,922:INFO:Epoch 79: Test Accuracy: 90.67%
2024-03-13 02:40:48,846:INFO:Epoch 80: Test Accuracy: 90.11%
2024-03-13 02:41:21,068:INFO:Epoch 81: Test Accuracy: 89.84%
2024-03-13 02:41:53,980:INFO:Epoch 82: Test Accuracy: 90.15%
2024-03-13 02:42:26,568:INFO:Epoch 83: Test Accuracy: 90.13%
2024-03-13 02:43:00,005:INFO:Epoch 84: Test Accuracy: 90.24%
2024-03-13 02:43:32,314:INFO:Epoch 85: Test Accuracy: 89.81%
2024-03-13 02:44:05,477:INFO:Epoch 86: Test Accuracy: 90.36%
2024-03-13 02:44:38,015:INFO:Epoch 87: Test Accuracy: 90.14%
2024-03-13 02:45:11,245:INFO:Epoch 88: Test Accuracy: 90.18%
2024-03-13 02:45:44,047:INFO:Epoch 89: Test Accuracy: 89.92%
2024-03-13 02:46:17,175:INFO:Epoch 90: Test Accuracy: 89.75%
2024-03-13 02:46:49,944:INFO:Epoch 91: Test Accuracy: 90.2%
2024-03-13 02:47:23,201:INFO:Epoch 92: Test Accuracy: 89.45%
2024-03-13 02:47:56,148:INFO:Epoch 93: Test Accuracy: 89.37%
2024-03-13 02:48:29,555:INFO:Epoch 94: Test Accuracy: 90.19%
2024-03-13 02:49:01,949:INFO:Epoch 95: Test Accuracy: 89.48%
2024-03-13 02:49:35,228:INFO:Epoch 96: Test Accuracy: 89.94%
2024-03-13 02:50:08,199:INFO:Epoch 97: Test Accuracy: 88.53%
2024-03-13 02:50:41,542:INFO:Epoch 98: Test Accuracy: 89.14%
2024-03-13 02:51:14,436:INFO:Epoch 99: Test Accuracy: 89.54%
2024-03-13 02:51:45,595:INFO:Finished Training with: sym-0.6
2024-03-13 02:51:47,577:INFO:Start Training with: sym-0.8
2024-03-13 02:51:49,677:INFO:Epoch 0: Test Accuracy: 7.89%
2024-03-13 02:51:51,321:INFO:Model saved with accuracy: 7.89%
2024-03-13 02:52:34,785:INFO:Epoch 1: Test Accuracy: 14.94%
2024-03-13 02:52:36,400:INFO:Model saved with accuracy: 14.94%
2024-03-13 02:53:19,879:INFO:Epoch 2: Test Accuracy: 18.32%
2024-03-13 02:53:21,419:INFO:Model saved with accuracy: 18.32%
2024-03-13 02:54:05,138:INFO:Epoch 3: Test Accuracy: 29.02%
2024-03-13 02:54:06,851:INFO:Model saved with accuracy: 29.02%
2024-03-13 02:54:50,081:INFO:Epoch 4: Test Accuracy: 33.28%
2024-03-13 02:54:51,117:INFO:Model saved with accuracy: 33.28%
2024-03-13 02:55:34,618:INFO:Epoch 5: Test Accuracy: 38.17%
2024-03-13 02:55:36,862:INFO:Model saved with accuracy: 38.17%
2024-03-13 02:56:01,693:INFO:Epoch 6: Test Accuracy: 18.4%
2024-03-13 02:56:27,500:INFO:Epoch 7: Test Accuracy: 21.78%
2024-03-13 02:56:52,332:INFO:Epoch 8: Test Accuracy: 19.99%
2024-03-13 02:57:18,004:INFO:Epoch 9: Test Accuracy: 21.03%
2024-03-13 02:57:43,154:INFO:Epoch 10: Test Accuracy: 21.78%
2024-03-13 02:58:08,332:INFO:Epoch 11: Test Accuracy: 23.36%
2024-03-13 02:58:34,340:INFO:Epoch 12: Test Accuracy: 23.17%
2024-03-13 02:58:59,566:INFO:Epoch 13: Test Accuracy: 25.47%
2024-03-13 02:59:25,242:INFO:Epoch 14: Test Accuracy: 25.92%
2024-03-13 02:59:51,577:INFO:Epoch 15: Test Accuracy: 27.29%
2024-03-13 03:00:17,171:INFO:Epoch 16: Test Accuracy: 27.06%
2024-03-13 03:00:43,456:INFO:Epoch 17: Test Accuracy: 28.24%
2024-03-13 03:01:08,921:INFO:Epoch 18: Test Accuracy: 31.06%
2024-03-13 03:01:34,326:INFO:Epoch 19: Test Accuracy: 30.34%
2024-03-13 03:02:00,872:INFO:Epoch 20: Test Accuracy: 29.64%
2024-03-13 03:02:26,478:INFO:Epoch 21: Test Accuracy: 28.36%
2024-03-13 03:02:52,766:INFO:Epoch 22: Test Accuracy: 30.8%
2024-03-13 03:03:18,232:INFO:Epoch 23: Test Accuracy: 31.25%
2024-03-13 03:03:43,702:INFO:Epoch 24: Test Accuracy: 32.79%
2024-03-13 03:04:10,184:INFO:Epoch 25: Test Accuracy: 32.07%
2024-03-13 03:04:36,036:INFO:Epoch 26: Test Accuracy: 31.67%
2024-03-13 03:05:01,652:INFO:Epoch 27: Test Accuracy: 31.93%
2024-03-13 03:05:27,866:INFO:Epoch 28: Test Accuracy: 32.41%
2024-03-13 03:05:53,552:INFO:Epoch 29: Test Accuracy: 32.92%
2024-03-13 03:06:20,181:INFO:Epoch 30: Test Accuracy: 33.32%
2024-03-13 03:06:46,194:INFO:Epoch 31: Test Accuracy: 34.33%
2024-03-13 03:07:11,913:INFO:Epoch 32: Test Accuracy: 33.74%
2024-03-13 03:07:38,587:INFO:Epoch 33: Test Accuracy: 32.74%
2024-03-13 03:08:04,014:INFO:Epoch 34: Test Accuracy: 34.58%
2024-03-13 03:08:30,910:INFO:Epoch 35: Test Accuracy: 33.59%
2024-03-13 03:08:56,623:INFO:Epoch 36: Test Accuracy: 34.51%
2024-03-13 03:09:22,380:INFO:Epoch 37: Test Accuracy: 33.66%
2024-03-13 03:09:49,297:INFO:Epoch 38: Test Accuracy: 34.62%
2024-03-13 03:10:15,224:INFO:Epoch 39: Test Accuracy: 35.57%
2024-03-13 03:10:41,006:INFO:Epoch 40: Test Accuracy: 35.41%
2024-03-13 03:11:06,716:INFO:Epoch 41: Test Accuracy: 38.16%
2024-03-13 03:11:32,977:INFO:Epoch 42: Test Accuracy: 49.87%
2024-03-13 03:11:35,047:INFO:Model saved with accuracy: 49.87%
2024-03-13 03:12:01,681:INFO:Epoch 43: Test Accuracy: 52.64%
2024-03-13 03:12:03,586:INFO:Model saved with accuracy: 52.64%
2024-03-13 03:12:29,908:INFO:Epoch 44: Test Accuracy: 53.6%
2024-03-13 03:12:31,820:INFO:Model saved with accuracy: 53.60%
2024-03-13 03:12:58,665:INFO:Epoch 45: Test Accuracy: 53.28%
2024-03-13 03:13:24,775:INFO:Epoch 46: Test Accuracy: 50.21%
2024-03-13 03:13:51,142:INFO:Epoch 47: Test Accuracy: 50.51%
2024-03-13 03:14:18,154:INFO:Epoch 48: Test Accuracy: 50.81%
2024-03-13 03:14:43,821:INFO:Epoch 49: Test Accuracy: 51.13%
2024-03-13 03:15:10,386:INFO:Epoch 50: Test Accuracy: 52.25%
2024-03-13 03:15:36,826:INFO:Epoch 51: Test Accuracy: 49.41%
2024-03-13 03:16:02,947:INFO:Epoch 52: Test Accuracy: 50.41%
2024-03-13 03:16:29,347:INFO:Epoch 53: Test Accuracy: 48.52%
2024-03-13 03:16:55,680:INFO:Epoch 54: Test Accuracy: 50.91%
2024-03-13 03:17:21,921:INFO:Epoch 55: Test Accuracy: 50.09%
2024-03-13 03:17:48,843:INFO:Epoch 56: Test Accuracy: 48.12%
2024-03-13 03:18:15,207:INFO:Epoch 57: Test Accuracy: 42.96%
2024-03-13 03:18:42,076:INFO:Epoch 58: Test Accuracy: 49.79%
2024-03-13 03:19:08,358:INFO:Epoch 59: Test Accuracy: 48.69%
2024-03-13 03:19:35,037:INFO:Epoch 60: Test Accuracy: 49.89%
2024-03-13 03:20:01,883:INFO:Epoch 61: Test Accuracy: 50.52%
2024-03-13 03:20:28,103:INFO:Epoch 62: Test Accuracy: 51.41%
2024-03-13 03:20:55,114:INFO:Epoch 63: Test Accuracy: 48.69%
2024-03-13 03:21:21,685:INFO:Epoch 64: Test Accuracy: 49.73%
2024-03-13 03:21:48,194:INFO:Epoch 65: Test Accuracy: 51.32%
2024-03-13 03:22:15,069:INFO:Epoch 66: Test Accuracy: 49.36%
2024-03-13 03:22:41,427:INFO:Epoch 67: Test Accuracy: 47.51%
2024-03-13 03:23:08,716:INFO:Epoch 68: Test Accuracy: 48.82%
2024-03-13 03:23:34,919:INFO:Epoch 69: Test Accuracy: 46.78%
2024-03-13 03:24:00,931:INFO:Epoch 70: Test Accuracy: 49.57%
2024-03-13 03:24:28,034:INFO:Epoch 71: Test Accuracy: 48.98%
2024-03-13 03:24:54,554:INFO:Epoch 72: Test Accuracy: 49.01%
2024-03-13 03:25:21,550:INFO:Epoch 73: Test Accuracy: 47.66%
2024-03-13 03:25:48,351:INFO:Epoch 74: Test Accuracy: 45.69%
2024-03-13 03:26:15,315:INFO:Epoch 75: Test Accuracy: 49.11%
2024-03-13 03:26:42,848:INFO:Epoch 76: Test Accuracy: 49.14%
2024-03-13 03:27:09,803:INFO:Epoch 77: Test Accuracy: 49.94%
2024-03-13 03:27:37,255:INFO:Epoch 78: Test Accuracy: 48.25%
2024-03-13 03:28:03,812:INFO:Epoch 79: Test Accuracy: 47.67%
2024-03-13 03:28:30,376:INFO:Epoch 80: Test Accuracy: 49.93%
2024-03-13 03:28:57,295:INFO:Epoch 81: Test Accuracy: 48.32%
2024-03-13 03:29:23,778:INFO:Epoch 82: Test Accuracy: 47.66%
2024-03-13 03:29:50,737:INFO:Epoch 83: Test Accuracy: 47.3%
2024-03-13 03:30:17,233:INFO:Epoch 84: Test Accuracy: 49.65%
2024-03-13 03:30:44,235:INFO:Epoch 85: Test Accuracy: 48.2%
2024-03-13 03:31:11,694:INFO:Epoch 86: Test Accuracy: 49.79%
2024-03-13 03:31:38,484:INFO:Epoch 87: Test Accuracy: 48.37%
2024-03-13 03:32:05,684:INFO:Epoch 88: Test Accuracy: 48.62%
2024-03-13 03:32:32,749:INFO:Epoch 89: Test Accuracy: 46.04%
2024-03-13 03:32:59,784:INFO:Epoch 90: Test Accuracy: 42.75%
2024-03-13 03:33:26,838:INFO:Epoch 91: Test Accuracy: 46.0%
2024-03-13 03:33:53,619:INFO:Epoch 92: Test Accuracy: 47.64%
2024-03-13 03:34:20,830:INFO:Epoch 93: Test Accuracy: 46.91%
2024-03-13 03:34:47,551:INFO:Epoch 94: Test Accuracy: 46.01%
2024-03-13 03:35:13,937:INFO:Epoch 95: Test Accuracy: 45.68%
2024-03-13 03:35:41,392:INFO:Epoch 96: Test Accuracy: 46.28%
2024-03-13 03:36:08,647:INFO:Epoch 97: Test Accuracy: 43.55%
2024-03-13 03:36:36,239:INFO:Epoch 98: Test Accuracy: 42.11%
2024-03-13 03:37:03,003:INFO:Epoch 99: Test Accuracy: 43.62%
2024-03-13 03:37:27,475:INFO:Finished Training with: sym-0.8
2024-03-13 03:37:28,841:INFO:Start Training with: sym-0.0
2024-03-13 03:37:31,135:INFO:Epoch 0: Test Accuracy: 8.48%
2024-03-13 03:37:33,884:INFO:Model saved with accuracy: 8.48%
2024-03-13 03:38:21,007:INFO:Epoch 1: Test Accuracy: 89.67%
2024-03-13 03:38:22,901:INFO:Model saved with accuracy: 89.67%
2024-03-13 03:39:10,441:INFO:Epoch 2: Test Accuracy: 92.55%
2024-03-13 03:39:12,496:INFO:Model saved with accuracy: 92.55%
2024-03-13 03:40:00,600:INFO:Epoch 3: Test Accuracy: 92.22%
2024-03-13 03:40:48,379:INFO:Epoch 4: Test Accuracy: 92.57%
2024-03-13 03:40:50,566:INFO:Model saved with accuracy: 92.57%
2024-03-13 03:41:38,555:INFO:Epoch 5: Test Accuracy: 95.21%
2024-03-13 03:41:40,725:INFO:Model saved with accuracy: 95.21%
2024-03-13 03:42:26,762:INFO:Epoch 6: Test Accuracy: 95.0%
2024-03-13 03:43:12,938:INFO:Epoch 7: Test Accuracy: 95.15%
2024-03-13 03:43:59,174:INFO:Epoch 8: Test Accuracy: 95.3%
2024-03-13 03:44:01,199:INFO:Model saved with accuracy: 95.30%
2024-03-13 03:44:47,764:INFO:Epoch 9: Test Accuracy: 95.24%
2024-03-13 03:45:34,414:INFO:Epoch 10: Test Accuracy: 95.45%
2024-03-13 03:45:35,661:INFO:Model saved with accuracy: 95.45%
2024-03-13 03:46:22,231:INFO:Epoch 11: Test Accuracy: 95.46%
2024-03-13 03:46:24,122:INFO:Model saved with accuracy: 95.46%
2024-03-13 03:47:10,557:INFO:Epoch 12: Test Accuracy: 95.39%
2024-03-13 03:47:57,574:INFO:Epoch 13: Test Accuracy: 95.69%
2024-03-13 03:47:59,407:INFO:Model saved with accuracy: 95.69%
2024-03-13 03:48:45,236:INFO:Epoch 14: Test Accuracy: 95.8%
2024-03-13 03:48:46,497:INFO:Model saved with accuracy: 95.80%
2024-03-13 03:49:33,089:INFO:Epoch 15: Test Accuracy: 95.63%
2024-03-13 03:50:19,912:INFO:Epoch 16: Test Accuracy: 95.69%
2024-03-13 03:51:06,370:INFO:Epoch 17: Test Accuracy: 95.78%
2024-03-13 03:51:52,400:INFO:Epoch 18: Test Accuracy: 95.76%
2024-03-13 03:52:38,867:INFO:Epoch 19: Test Accuracy: 95.79%
2024-03-13 03:53:25,944:INFO:Epoch 20: Test Accuracy: 95.89%
2024-03-13 03:53:28,139:INFO:Model saved with accuracy: 95.89%
2024-03-13 03:54:14,972:INFO:Epoch 21: Test Accuracy: 95.65%
2024-03-13 03:55:02,479:INFO:Epoch 22: Test Accuracy: 95.96%
2024-03-13 03:55:04,644:INFO:Model saved with accuracy: 95.96%
2024-03-13 03:55:51,880:INFO:Epoch 23: Test Accuracy: 96.07%
2024-03-13 03:55:53,997:INFO:Model saved with accuracy: 96.07%
2024-03-13 03:56:40,103:INFO:Epoch 24: Test Accuracy: 95.94%
2024-03-13 03:57:26,465:INFO:Epoch 25: Test Accuracy: 95.97%
2024-03-13 03:58:13,050:INFO:Epoch 26: Test Accuracy: 95.79%
2024-03-13 03:58:59,959:INFO:Epoch 27: Test Accuracy: 95.94%
2024-03-13 03:59:46,523:INFO:Epoch 28: Test Accuracy: 96.14%
2024-03-13 03:59:47,833:INFO:Model saved with accuracy: 96.14%
2024-03-13 04:00:34,657:INFO:Epoch 29: Test Accuracy: 95.98%
2024-03-13 04:01:21,782:INFO:Epoch 30: Test Accuracy: 96.0%
2024-03-13 04:02:08,725:INFO:Epoch 31: Test Accuracy: 95.98%
2024-03-13 04:02:56,133:INFO:Epoch 32: Test Accuracy: 96.06%
2024-03-13 04:03:43,297:INFO:Epoch 33: Test Accuracy: 95.75%
2024-03-13 04:04:29,782:INFO:Epoch 34: Test Accuracy: 96.04%
2024-03-13 04:05:16,416:INFO:Epoch 35: Test Accuracy: 95.7%
2024-03-13 04:06:03,033:INFO:Epoch 36: Test Accuracy: 95.65%
2024-03-13 04:06:50,412:INFO:Epoch 37: Test Accuracy: 96.24%
2024-03-13 04:06:52,122:INFO:Model saved with accuracy: 96.24%
2024-03-13 04:07:38,814:INFO:Epoch 38: Test Accuracy: 95.99%
2024-03-13 04:08:25,716:INFO:Epoch 39: Test Accuracy: 95.93%
2024-03-13 04:09:12,446:INFO:Epoch 40: Test Accuracy: 96.25%
2024-03-13 04:09:14,203:INFO:Model saved with accuracy: 96.25%
2024-03-13 04:10:01,139:INFO:Epoch 41: Test Accuracy: 96.03%
2024-03-13 04:10:48,136:INFO:Epoch 42: Test Accuracy: 96.0%
2024-03-13 04:11:35,528:INFO:Epoch 43: Test Accuracy: 96.07%
2024-03-13 04:12:22,628:INFO:Epoch 44: Test Accuracy: 95.8%
2024-03-13 04:13:09,221:INFO:Epoch 45: Test Accuracy: 96.13%
2024-03-13 04:13:56,442:INFO:Epoch 46: Test Accuracy: 95.81%
2024-03-13 04:14:43,703:INFO:Epoch 47: Test Accuracy: 96.11%
2024-03-13 04:15:30,451:INFO:Epoch 48: Test Accuracy: 95.95%
2024-03-13 04:16:17,649:INFO:Epoch 49: Test Accuracy: 96.27%
2024-03-13 04:16:19,240:INFO:Model saved with accuracy: 96.27%
2024-03-13 04:17:06,909:INFO:Epoch 50: Test Accuracy: 96.34%
2024-03-13 04:17:09,066:INFO:Model saved with accuracy: 96.34%
2024-03-13 04:17:56,336:INFO:Epoch 51: Test Accuracy: 96.06%
2024-03-13 04:18:42,801:INFO:Epoch 52: Test Accuracy: 96.01%
2024-03-13 04:19:29,906:INFO:Epoch 53: Test Accuracy: 96.22%
2024-03-13 04:20:16,958:INFO:Epoch 54: Test Accuracy: 96.33%
2024-03-13 04:21:03,822:INFO:Epoch 55: Test Accuracy: 96.21%
2024-03-13 04:21:51,098:INFO:Epoch 56: Test Accuracy: 96.12%
2024-03-13 04:22:38,024:INFO:Epoch 57: Test Accuracy: 96.15%
2024-03-13 04:23:24,974:INFO:Epoch 58: Test Accuracy: 96.13%
2024-03-13 04:24:12,250:INFO:Epoch 59: Test Accuracy: 95.97%
2024-03-13 04:24:59,250:INFO:Epoch 60: Test Accuracy: 96.1%
2024-03-13 04:25:46,743:INFO:Epoch 61: Test Accuracy: 96.28%
2024-03-13 04:26:33,471:INFO:Epoch 62: Test Accuracy: 96.25%
2024-03-13 04:27:20,961:INFO:Epoch 63: Test Accuracy: 95.83%
2024-03-13 04:28:07,869:INFO:Epoch 64: Test Accuracy: 96.08%
2024-03-13 04:28:54,624:INFO:Epoch 65: Test Accuracy: 87.99%
2024-03-13 04:29:41,768:INFO:Epoch 66: Test Accuracy: 96.12%
2024-03-13 04:30:29,071:INFO:Epoch 67: Test Accuracy: 96.33%
2024-03-13 04:31:16,224:INFO:Epoch 68: Test Accuracy: 96.36%
2024-03-13 04:31:17,877:INFO:Model saved with accuracy: 96.36%
2024-03-13 04:32:04,713:INFO:Epoch 69: Test Accuracy: 96.19%
2024-03-13 04:32:52,157:INFO:Epoch 70: Test Accuracy: 96.46%
2024-03-13 04:32:54,441:INFO:Model saved with accuracy: 96.46%
2024-03-13 04:33:42,362:INFO:Epoch 71: Test Accuracy: 96.31%
2024-03-13 04:34:28,958:INFO:Epoch 72: Test Accuracy: 96.31%
2024-03-13 04:35:16,235:INFO:Epoch 73: Test Accuracy: 96.36%
2024-03-13 04:36:03,288:INFO:Epoch 74: Test Accuracy: 96.26%
2024-03-13 04:36:50,192:INFO:Epoch 75: Test Accuracy: 96.53%
2024-03-13 04:36:52,400:INFO:Model saved with accuracy: 96.53%
2024-03-13 04:37:39,677:INFO:Epoch 76: Test Accuracy: 96.25%
2024-03-13 04:38:27,232:INFO:Epoch 77: Test Accuracy: 96.45%
2024-03-13 04:39:14,707:INFO:Epoch 78: Test Accuracy: 96.55%
2024-03-13 04:39:17,113:INFO:Model saved with accuracy: 96.55%
2024-03-13 04:40:04,284:INFO:Epoch 79: Test Accuracy: 96.15%
2024-03-13 04:40:51,961:INFO:Epoch 80: Test Accuracy: 96.38%
2024-03-13 04:41:39,169:INFO:Epoch 81: Test Accuracy: 96.54%
2024-03-13 04:42:26,471:INFO:Epoch 82: Test Accuracy: 96.49%
2024-03-13 04:43:13,813:INFO:Epoch 83: Test Accuracy: 96.41%
2024-03-13 04:44:01,054:INFO:Epoch 84: Test Accuracy: 96.34%
2024-03-13 04:44:48,182:INFO:Epoch 85: Test Accuracy: 96.22%
2024-03-13 04:45:35,078:INFO:Epoch 86: Test Accuracy: 96.43%
2024-03-13 04:46:22,436:INFO:Epoch 87: Test Accuracy: 96.53%
2024-03-13 04:47:09,970:INFO:Epoch 88: Test Accuracy: 96.54%
2024-03-13 04:47:56,839:INFO:Epoch 89: Test Accuracy: 96.42%
2024-03-13 04:48:44,627:INFO:Epoch 90: Test Accuracy: 96.37%
2024-03-13 04:49:31,989:INFO:Epoch 91: Test Accuracy: 96.41%
2024-03-13 04:50:19,475:INFO:Epoch 92: Test Accuracy: 96.46%
2024-03-13 04:51:06,474:INFO:Epoch 93: Test Accuracy: 96.33%
2024-03-13 04:51:53,680:INFO:Epoch 94: Test Accuracy: 96.31%
2024-03-13 04:52:40,562:INFO:Epoch 95: Test Accuracy: 96.36%
2024-03-13 04:53:27,047:INFO:Epoch 96: Test Accuracy: 96.52%
2024-03-13 04:54:14,547:INFO:Epoch 97: Test Accuracy: 96.52%
2024-03-13 04:55:02,604:INFO:Epoch 98: Test Accuracy: 96.46%
2024-03-13 04:55:49,628:INFO:Epoch 99: Test Accuracy: 96.33%
2024-03-13 04:56:34,855:INFO:Finished Training with: sym-0.0
