2024-03-06 14:11:50,921:INFO:Training Configuration: batch_size=128, epochs=100, lr=0.02, weight_decay=1e-05, lambda1=0.02, hash_bits=64, model_name=resnet34, device=cuda
2024-03-06 14:11:52,507:INFO:Start Training with: Resize_128
2024-03-06 14:11:55,608:INFO:Epoch 0: Test Accuracy: 9.96%
2024-03-06 14:11:57,745:INFO:Model saved with accuracy: 9.96%
2024-03-06 14:12:24,353:INFO:Epoch 1: Test Accuracy: 90.02%
2024-03-06 14:12:25,223:INFO:Model saved with accuracy: 90.02%
2024-03-06 14:12:51,755:INFO:Epoch 2: Test Accuracy: 88.62%
2024-03-06 14:13:18,754:INFO:Epoch 3: Test Accuracy: 92.25%
2024-03-06 14:13:20,804:INFO:Model saved with accuracy: 92.25%
2024-03-06 14:13:47,195:INFO:Epoch 4: Test Accuracy: 91.06%
2024-03-06 14:14:13,748:INFO:Epoch 5: Test Accuracy: 91.6%
2024-03-06 14:14:40,514:INFO:Epoch 6: Test Accuracy: 93.17%
2024-03-06 14:14:42,505:INFO:Model saved with accuracy: 93.17%
2024-03-06 14:15:08,819:INFO:Epoch 7: Test Accuracy: 93.44%
2024-03-06 14:15:10,098:INFO:Model saved with accuracy: 93.44%
2024-03-06 14:15:36,413:INFO:Epoch 8: Test Accuracy: 92.48%
2024-03-06 14:16:02,993:INFO:Epoch 9: Test Accuracy: 92.65%
2024-03-06 14:16:29,678:INFO:Epoch 10: Test Accuracy: 92.6%
2024-03-06 14:16:55,987:INFO:Epoch 11: Test Accuracy: 93.19%
2024-03-06 14:17:22,708:INFO:Epoch 12: Test Accuracy: 92.58%
2024-03-06 14:17:49,488:INFO:Epoch 13: Test Accuracy: 93.07%
2024-03-06 14:18:16,318:INFO:Epoch 14: Test Accuracy: 93.1%
2024-03-06 14:18:42,521:INFO:Epoch 15: Test Accuracy: 93.06%
2024-03-06 14:19:08,785:INFO:Epoch 16: Test Accuracy: 92.02%
2024-03-06 14:19:35,533:INFO:Epoch 17: Test Accuracy: 92.94%
2024-03-06 14:20:02,268:INFO:Epoch 18: Test Accuracy: 92.42%
2024-03-06 14:20:29,085:INFO:Epoch 19: Test Accuracy: 93.51%
2024-03-06 14:20:30,513:INFO:Model saved with accuracy: 93.51%
2024-03-06 14:20:56,880:INFO:Epoch 20: Test Accuracy: 93.24%
2024-03-06 14:21:23,196:INFO:Epoch 21: Test Accuracy: 93.26%
2024-03-06 14:21:49,941:INFO:Epoch 22: Test Accuracy: 93.88%
2024-03-06 14:21:52,428:INFO:Model saved with accuracy: 93.88%
2024-03-06 14:22:19,320:INFO:Epoch 23: Test Accuracy: 93.58%
2024-03-06 14:22:45,651:INFO:Epoch 24: Test Accuracy: 93.24%
2024-03-06 14:23:12,117:INFO:Epoch 25: Test Accuracy: 91.52%
2024-03-06 14:23:39,124:INFO:Epoch 26: Test Accuracy: 93.17%
2024-03-06 14:24:05,951:INFO:Epoch 27: Test Accuracy: 93.93%
2024-03-06 14:24:07,903:INFO:Model saved with accuracy: 93.93%
2024-03-06 14:24:34,433:INFO:Epoch 28: Test Accuracy: 93.08%
2024-03-06 14:25:01,519:INFO:Epoch 29: Test Accuracy: 93.45%
2024-03-06 14:25:28,517:INFO:Epoch 30: Test Accuracy: 93.69%
2024-03-06 14:25:55,038:INFO:Epoch 31: Test Accuracy: 93.67%
2024-03-06 14:26:21,496:INFO:Epoch 32: Test Accuracy: 94.23%
2024-03-06 14:26:23,430:INFO:Model saved with accuracy: 94.23%
2024-03-06 14:26:50,134:INFO:Epoch 33: Test Accuracy: 93.01%
2024-03-06 14:27:17,111:INFO:Epoch 34: Test Accuracy: 93.4%
2024-03-06 14:27:43,932:INFO:Epoch 35: Test Accuracy: 93.74%
2024-03-06 14:28:10,739:INFO:Epoch 36: Test Accuracy: 93.87%
2024-03-06 14:28:37,242:INFO:Epoch 37: Test Accuracy: 93.15%
2024-03-06 14:29:04,193:INFO:Epoch 38: Test Accuracy: 93.43%
2024-03-06 14:29:30,783:INFO:Epoch 39: Test Accuracy: 93.33%
2024-03-06 14:29:57,703:INFO:Epoch 40: Test Accuracy: 93.48%
2024-03-06 14:30:24,536:INFO:Epoch 41: Test Accuracy: 93.45%
2024-03-06 14:30:51,047:INFO:Epoch 42: Test Accuracy: 93.29%
2024-03-06 14:31:18,068:INFO:Epoch 43: Test Accuracy: 93.58%
2024-03-06 14:31:44,805:INFO:Epoch 44: Test Accuracy: 93.57%
2024-03-06 14:32:12,204:INFO:Epoch 45: Test Accuracy: 92.95%
2024-03-06 14:32:40,357:INFO:Epoch 46: Test Accuracy: 93.81%
2024-03-06 14:33:08,704:INFO:Epoch 47: Test Accuracy: 93.12%
2024-03-06 14:33:37,137:INFO:Epoch 48: Test Accuracy: 93.97%
2024-03-06 14:34:05,211:INFO:Epoch 49: Test Accuracy: 94.0%
2024-03-06 14:34:33,503:INFO:Epoch 50: Test Accuracy: 94.28%
2024-03-06 14:34:35,815:INFO:Model saved with accuracy: 94.28%
2024-03-06 14:35:04,174:INFO:Epoch 51: Test Accuracy: 94.33%
2024-03-06 14:35:06,236:INFO:Model saved with accuracy: 94.33%
2024-03-06 14:35:34,624:INFO:Epoch 52: Test Accuracy: 94.41%
2024-03-06 14:35:36,401:INFO:Model saved with accuracy: 94.41%
2024-03-06 14:36:04,538:INFO:Epoch 53: Test Accuracy: 94.4%
2024-03-06 14:36:32,236:INFO:Epoch 54: Test Accuracy: 94.42%
2024-03-06 14:36:34,702:INFO:Model saved with accuracy: 94.42%
2024-03-06 14:37:02,730:INFO:Epoch 55: Test Accuracy: 94.44%
2024-03-06 14:37:05,085:INFO:Model saved with accuracy: 94.44%
2024-03-06 14:37:32,733:INFO:Epoch 56: Test Accuracy: 94.41%
2024-03-06 14:38:00,323:INFO:Epoch 57: Test Accuracy: 94.42%
2024-03-06 14:38:28,034:INFO:Epoch 58: Test Accuracy: 94.43%
2024-03-06 14:38:55,567:INFO:Epoch 59: Test Accuracy: 94.41%
2024-03-06 14:39:23,058:INFO:Epoch 60: Test Accuracy: 94.39%
2024-03-06 14:39:50,526:INFO:Epoch 61: Test Accuracy: 94.43%
2024-03-06 14:40:18,130:INFO:Epoch 62: Test Accuracy: 94.42%
2024-03-06 14:40:45,700:INFO:Epoch 63: Test Accuracy: 94.39%
2024-03-06 14:41:13,369:INFO:Epoch 64: Test Accuracy: 94.38%
2024-03-06 14:41:41,071:INFO:Epoch 65: Test Accuracy: 94.38%
2024-03-06 14:42:08,278:INFO:Epoch 66: Test Accuracy: 94.38%
2024-03-06 14:42:35,583:INFO:Epoch 67: Test Accuracy: 94.38%
2024-03-06 14:43:03,246:INFO:Epoch 68: Test Accuracy: 94.38%
2024-03-06 14:43:31,020:INFO:Epoch 69: Test Accuracy: 94.38%
2024-03-06 14:43:58,936:INFO:Epoch 70: Test Accuracy: 94.4%
2024-03-06 14:44:26,559:INFO:Epoch 71: Test Accuracy: 94.38%
2024-03-06 14:44:54,072:INFO:Epoch 72: Test Accuracy: 94.4%
2024-03-06 14:45:21,619:INFO:Epoch 73: Test Accuracy: 94.39%
2024-03-06 14:45:49,372:INFO:Epoch 74: Test Accuracy: 94.39%
2024-03-06 14:46:16,886:INFO:Epoch 75: Test Accuracy: 94.4%
2024-03-06 14:46:44,422:INFO:Epoch 76: Test Accuracy: 94.39%
2024-03-06 14:47:11,945:INFO:Epoch 77: Test Accuracy: 94.4%
2024-03-06 14:47:39,782:INFO:Epoch 78: Test Accuracy: 94.37%
2024-03-06 14:48:07,461:INFO:Epoch 79: Test Accuracy: 94.36%
2024-03-06 14:48:34,921:INFO:Epoch 80: Test Accuracy: 94.38%
2024-03-06 14:49:02,334:INFO:Epoch 81: Test Accuracy: 94.35%
2024-03-06 14:49:29,821:INFO:Epoch 82: Test Accuracy: 94.38%
2024-03-06 14:49:57,456:INFO:Epoch 83: Test Accuracy: 94.4%
2024-03-06 14:50:24,947:INFO:Epoch 84: Test Accuracy: 94.41%
2024-03-06 14:50:52,392:INFO:Epoch 85: Test Accuracy: 94.4%
2024-03-06 14:51:19,698:INFO:Epoch 86: Test Accuracy: 94.41%
2024-03-06 14:51:47,212:INFO:Epoch 87: Test Accuracy: 94.41%
2024-03-06 14:52:15,059:INFO:Epoch 88: Test Accuracy: 94.41%
2024-03-06 14:52:42,604:INFO:Epoch 89: Test Accuracy: 94.41%
2024-03-06 14:53:09,983:INFO:Epoch 90: Test Accuracy: 94.39%
2024-03-06 14:53:37,775:INFO:Epoch 91: Test Accuracy: 94.41%
2024-03-06 14:54:05,313:INFO:Epoch 92: Test Accuracy: 94.42%
2024-03-06 14:54:32,863:INFO:Epoch 93: Test Accuracy: 94.42%
2024-03-06 14:55:00,276:INFO:Epoch 94: Test Accuracy: 94.43%
2024-03-06 14:55:28,075:INFO:Epoch 95: Test Accuracy: 94.42%
2024-03-06 14:55:55,599:INFO:Epoch 96: Test Accuracy: 94.41%
2024-03-06 14:56:23,276:INFO:Epoch 97: Test Accuracy: 94.42%
2024-03-06 14:56:50,674:INFO:Epoch 98: Test Accuracy: 94.41%
2024-03-06 14:57:17,296:INFO:Epoch 99: Test Accuracy: 94.42%
2024-03-06 14:57:41,250:INFO:Finished Training with: Resize_128
2024-03-06 01:01:26,700:INFO:Start Training with: Resize_32
2024-03-06 01:01:28,352:INFO:Epoch 0: Test Accuracy: 8.5%
2024-03-06 01:01:29,763:INFO:Model saved with accuracy: 8.50%
2024-03-06 01:01:46,302:INFO:Epoch 1: Test Accuracy: 69.02%
2024-03-06 01:01:48,245:INFO:Model saved with accuracy: 69.02%
2024-03-06 01:02:04,667:INFO:Epoch 2: Test Accuracy: 77.39%
2024-03-06 01:02:06,026:INFO:Model saved with accuracy: 77.39%
2024-03-06 01:02:22,320:INFO:Epoch 3: Test Accuracy: 77.05%
2024-03-06 01:02:38,475:INFO:Epoch 4: Test Accuracy: 79.62%
2024-03-06 01:02:40,369:INFO:Model saved with accuracy: 79.62%
2024-03-06 01:02:56,498:INFO:Epoch 5: Test Accuracy: 80.09%
2024-03-06 01:02:58,548:INFO:Model saved with accuracy: 80.09%
2024-03-06 01:03:15,071:INFO:Epoch 6: Test Accuracy: 82.0%
2024-03-06 01:03:16,885:INFO:Model saved with accuracy: 82.00%
2024-03-06 01:03:33,863:INFO:Epoch 7: Test Accuracy: 82.82%
2024-03-06 01:03:35,646:INFO:Model saved with accuracy: 82.82%
2024-03-06 01:03:52,052:INFO:Epoch 8: Test Accuracy: 82.34%
2024-03-06 01:04:08,771:INFO:Epoch 9: Test Accuracy: 81.36%
2024-03-06 01:04:25,150:INFO:Epoch 10: Test Accuracy: 82.14%
2024-03-06 01:04:41,419:INFO:Epoch 11: Test Accuracy: 82.77%
2024-03-06 01:04:57,951:INFO:Epoch 12: Test Accuracy: 83.91%
2024-03-06 01:05:00,007:INFO:Model saved with accuracy: 83.91%
2024-03-06 01:05:16,687:INFO:Epoch 13: Test Accuracy: 84.85%
2024-03-06 01:05:18,570:INFO:Model saved with accuracy: 84.85%
2024-03-06 01:05:35,015:INFO:Epoch 14: Test Accuracy: 84.17%
2024-03-06 01:05:51,562:INFO:Epoch 15: Test Accuracy: 84.59%
2024-03-06 01:06:08,083:INFO:Epoch 16: Test Accuracy: 84.46%
2024-03-06 01:06:24,624:INFO:Epoch 17: Test Accuracy: 85.06%
2024-03-06 01:06:26,162:INFO:Model saved with accuracy: 85.06%
2024-03-06 01:06:42,607:INFO:Epoch 18: Test Accuracy: 83.47%
2024-03-06 01:06:59,139:INFO:Epoch 19: Test Accuracy: 85.65%
2024-03-06 01:07:00,777:INFO:Model saved with accuracy: 85.65%
2024-03-06 01:07:17,191:INFO:Epoch 20: Test Accuracy: 85.2%
2024-03-06 01:07:34,239:INFO:Epoch 21: Test Accuracy: 84.88%
2024-03-06 01:07:50,763:INFO:Epoch 22: Test Accuracy: 84.21%
2024-03-06 01:08:06,826:INFO:Epoch 23: Test Accuracy: 85.1%
2024-03-06 01:08:23,322:INFO:Epoch 24: Test Accuracy: 86.16%
2024-03-06 01:08:25,343:INFO:Model saved with accuracy: 86.16%
2024-03-06 01:08:41,517:INFO:Epoch 25: Test Accuracy: 85.69%
2024-03-06 01:08:58,012:INFO:Epoch 26: Test Accuracy: 86.04%
2024-03-06 01:09:14,259:INFO:Epoch 27: Test Accuracy: 86.01%
2024-03-06 01:09:30,456:INFO:Epoch 28: Test Accuracy: 86.55%
2024-03-06 01:09:32,997:INFO:Model saved with accuracy: 86.55%
2024-03-06 01:09:49,493:INFO:Epoch 29: Test Accuracy: 86.34%
2024-03-06 01:10:05,626:INFO:Epoch 30: Test Accuracy: 85.94%
2024-03-06 01:10:21,914:INFO:Epoch 31: Test Accuracy: 84.15%
2024-03-06 01:10:38,268:INFO:Epoch 32: Test Accuracy: 85.27%
2024-03-06 01:10:54,742:INFO:Epoch 33: Test Accuracy: 86.07%
2024-03-06 01:11:11,111:INFO:Epoch 34: Test Accuracy: 85.27%
2024-03-06 01:11:27,573:INFO:Epoch 35: Test Accuracy: 85.89%
2024-03-06 01:11:44,058:INFO:Epoch 36: Test Accuracy: 86.06%
2024-03-06 01:12:00,427:INFO:Epoch 37: Test Accuracy: 86.55%
2024-03-06 01:12:17,304:INFO:Epoch 38: Test Accuracy: 86.26%
2024-03-06 01:12:33,301:INFO:Epoch 39: Test Accuracy: 86.45%
2024-03-06 01:12:49,688:INFO:Epoch 40: Test Accuracy: 86.52%
2024-03-06 01:13:06,476:INFO:Epoch 41: Test Accuracy: 85.64%
2024-03-06 01:13:22,676:INFO:Epoch 42: Test Accuracy: 85.38%
2024-03-06 01:13:39,304:INFO:Epoch 43: Test Accuracy: 85.53%
2024-03-06 01:13:55,576:INFO:Epoch 44: Test Accuracy: 86.42%
2024-03-06 01:14:12,024:INFO:Epoch 45: Test Accuracy: 86.59%
2024-03-06 01:14:14,294:INFO:Model saved with accuracy: 86.59%
2024-03-06 01:14:30,476:INFO:Epoch 46: Test Accuracy: 86.47%
2024-03-06 01:14:47,231:INFO:Epoch 47: Test Accuracy: 85.59%
2024-03-06 01:15:03,671:INFO:Epoch 48: Test Accuracy: 85.93%
2024-03-06 01:15:19,817:INFO:Epoch 49: Test Accuracy: 86.48%
2024-03-06 01:15:36,010:INFO:Epoch 50: Test Accuracy: 85.82%
2024-03-06 01:15:52,305:INFO:Epoch 51: Test Accuracy: 86.34%
2024-03-06 01:16:09,029:INFO:Epoch 52: Test Accuracy: 85.96%
2024-03-06 01:16:25,707:INFO:Epoch 53: Test Accuracy: 86.5%
2024-03-06 01:16:42,245:INFO:Epoch 54: Test Accuracy: 85.47%
2024-03-06 01:16:58,514:INFO:Epoch 55: Test Accuracy: 86.07%
2024-03-06 01:17:14,731:INFO:Epoch 56: Test Accuracy: 86.03%
2024-03-06 01:17:31,112:INFO:Epoch 57: Test Accuracy: 86.25%
2024-03-06 01:17:47,291:INFO:Epoch 58: Test Accuracy: 86.21%
2024-03-06 01:18:04,055:INFO:Epoch 59: Test Accuracy: 86.37%
2024-03-06 01:18:20,256:INFO:Epoch 60: Test Accuracy: 85.42%
2024-03-06 01:18:36,532:INFO:Epoch 61: Test Accuracy: 86.06%
2024-03-06 01:18:53,188:INFO:Epoch 62: Test Accuracy: 86.65%
2024-03-06 01:18:54,901:INFO:Model saved with accuracy: 86.65%
2024-03-06 01:19:11,059:INFO:Epoch 63: Test Accuracy: 86.12%
2024-03-06 01:19:27,276:INFO:Epoch 64: Test Accuracy: 86.53%
2024-03-06 01:19:43,672:INFO:Epoch 65: Test Accuracy: 86.82%
2024-03-06 01:19:45,606:INFO:Model saved with accuracy: 86.82%
2024-03-06 01:20:01,910:INFO:Epoch 66: Test Accuracy: 86.63%
2024-03-06 01:20:18,477:INFO:Epoch 67: Test Accuracy: 86.59%
2024-03-06 01:20:35,009:INFO:Epoch 68: Test Accuracy: 86.69%
2024-03-06 01:20:51,271:INFO:Epoch 69: Test Accuracy: 86.37%
2024-03-06 01:21:07,869:INFO:Epoch 70: Test Accuracy: 86.89%
2024-03-06 01:21:09,716:INFO:Model saved with accuracy: 86.89%
2024-03-06 01:21:26,157:INFO:Epoch 71: Test Accuracy: 86.54%
2024-03-06 01:21:42,621:INFO:Epoch 72: Test Accuracy: 86.23%
2024-03-06 01:21:59,625:INFO:Epoch 73: Test Accuracy: 85.85%
2024-03-06 01:22:15,709:INFO:Epoch 74: Test Accuracy: 86.75%
2024-03-06 01:22:32,254:INFO:Epoch 75: Test Accuracy: 86.95%
2024-03-06 01:22:33,724:INFO:Model saved with accuracy: 86.95%
2024-03-06 01:22:50,161:INFO:Epoch 76: Test Accuracy: 86.57%
2024-03-06 01:23:06,192:INFO:Epoch 77: Test Accuracy: 86.78%
2024-03-06 01:23:22,355:INFO:Epoch 78: Test Accuracy: 85.98%
2024-03-06 01:23:38,925:INFO:Epoch 79: Test Accuracy: 86.11%
2024-03-06 01:23:55,745:INFO:Epoch 80: Test Accuracy: 87.01%
2024-03-06 01:23:57,669:INFO:Model saved with accuracy: 87.01%
2024-03-06 01:24:13,848:INFO:Epoch 81: Test Accuracy: 86.2%
2024-03-06 01:24:29,978:INFO:Epoch 82: Test Accuracy: 86.6%
2024-03-06 01:24:46,162:INFO:Epoch 83: Test Accuracy: 86.76%
2024-03-06 01:25:02,527:INFO:Epoch 84: Test Accuracy: 86.25%
2024-03-06 01:25:18,835:INFO:Epoch 85: Test Accuracy: 86.35%
2024-03-06 01:25:35,568:INFO:Epoch 86: Test Accuracy: 87.14%
2024-03-06 01:25:38,213:INFO:Model saved with accuracy: 87.14%
2024-03-06 01:25:54,815:INFO:Epoch 87: Test Accuracy: 87.33%
2024-03-06 01:25:56,399:INFO:Model saved with accuracy: 87.33%
2024-03-06 01:26:13,209:INFO:Epoch 88: Test Accuracy: 87.4%
2024-03-06 01:26:15,339:INFO:Model saved with accuracy: 87.40%
2024-03-06 01:26:31,788:INFO:Epoch 89: Test Accuracy: 87.18%
2024-03-06 01:26:47,781:INFO:Epoch 90: Test Accuracy: 87.0%
2024-03-06 01:27:03,975:INFO:Epoch 91: Test Accuracy: 86.59%
2024-03-06 01:27:20,556:INFO:Epoch 92: Test Accuracy: 86.66%
2024-03-06 01:27:37,384:INFO:Epoch 93: Test Accuracy: 86.72%
2024-03-06 01:27:53,776:INFO:Epoch 94: Test Accuracy: 86.92%
2024-03-06 01:28:10,171:INFO:Epoch 95: Test Accuracy: 86.89%
2024-03-06 01:28:26,490:INFO:Epoch 96: Test Accuracy: 87.13%
2024-03-06 01:28:42,944:INFO:Epoch 97: Test Accuracy: 86.87%
2024-03-06 01:28:59,306:INFO:Epoch 98: Test Accuracy: 86.9%
2024-03-06 01:29:15,728:INFO:Epoch 99: Test Accuracy: 86.93%
2024-03-06 01:29:30,282:INFO:Finished Training with: Resize_32