2024-02-29 23:57:40,427:INFO:Training Configuration: batch_size=64, epochs=100, lr=0.01, weight_decay=1e-05, lambda1=0.01, hash_bits=64, model_name=resnet34, device=cuda
2024-02-29 23:57:57,315:INFO:Epoch 0, Test Accuracy: 14.46%
2024-02-29 23:58:01,895:INFO:Model saved with accuracy: 14.46%
2024-02-29 23:59:54,019:INFO:Epoch 1, Test Accuracy: 91.65%
2024-02-29 23:59:57,007:INFO:Model saved with accuracy: 91.65%
2024-03-01 00:01:48,200:INFO:Epoch 2, Test Accuracy: 92.37%
2024-03-01 00:01:51,564:INFO:Model saved with accuracy: 92.37%
2024-03-01 00:03:41,463:INFO:Epoch 3, Test Accuracy: 92.41%
2024-03-01 00:03:45,163:INFO:Model saved with accuracy: 92.41%
2024-03-01 00:05:35,375:INFO:Epoch 4, Test Accuracy: 91.82%
2024-03-01 00:07:24,463:INFO:Epoch 5, Test Accuracy: 94.1%
2024-03-01 00:07:27,251:INFO:Model saved with accuracy: 94.10%
2024-03-01 00:09:13,027:INFO:Epoch 6, Test Accuracy: 93.74%
2024-03-01 00:10:59,726:INFO:Epoch 7, Test Accuracy: 94.26%
2024-03-01 00:11:03,384:INFO:Model saved with accuracy: 94.26%
2024-03-01 00:12:50,378:INFO:Epoch 8, Test Accuracy: 94.08%
2024-03-01 00:14:41,272:INFO:Epoch 9, Test Accuracy: 94.28%
2024-03-01 00:14:45,200:INFO:Model saved with accuracy: 94.28%
2024-03-01 00:16:32,676:INFO:Epoch 10, Test Accuracy: 94.49%
2024-03-01 00:16:36,042:INFO:Model saved with accuracy: 94.49%
2024-03-01 00:18:21,657:INFO:Epoch 11, Test Accuracy: 93.8%
2024-03-01 00:20:08,169:INFO:Epoch 12, Test Accuracy: 94.66%
2024-03-01 00:20:11,007:INFO:Model saved with accuracy: 94.66%
2024-03-01 00:21:58,555:INFO:Epoch 13, Test Accuracy: 93.82%
2024-03-01 00:23:46,951:INFO:Epoch 14, Test Accuracy: 94.56%
2024-03-01 00:25:32,815:INFO:Epoch 15, Test Accuracy: 94.9%
2024-03-01 00:25:36,221:INFO:Model saved with accuracy: 94.90%
2024-03-01 00:27:24,170:INFO:Epoch 16, Test Accuracy: 94.25%
2024-03-01 00:29:08,816:INFO:Epoch 17, Test Accuracy: 94.26%
2024-03-01 00:30:57,403:INFO:Epoch 18, Test Accuracy: 93.97%
2024-03-01 00:32:46,433:INFO:Epoch 19, Test Accuracy: 94.89%
2024-03-01 00:34:34,267:INFO:Epoch 20, Test Accuracy: 94.83%
2024-03-01 00:36:21,507:INFO:Epoch 21, Test Accuracy: 94.61%
2024-03-01 00:38:08,056:INFO:Epoch 22, Test Accuracy: 94.75%
2024-03-01 00:39:53,928:INFO:Epoch 23, Test Accuracy: 94.92%
2024-03-01 00:39:57,599:INFO:Model saved with accuracy: 94.92%
2024-03-01 00:41:45,412:INFO:Epoch 24, Test Accuracy: 94.27%
2024-03-01 00:43:32,284:INFO:Epoch 25, Test Accuracy: 95.07%
2024-03-01 00:43:35,381:INFO:Model saved with accuracy: 95.07%
2024-03-01 00:45:24,081:INFO:Epoch 26, Test Accuracy: 95.33%
2024-03-01 00:45:26,996:INFO:Model saved with accuracy: 95.33%
2024-03-01 00:47:12,138:INFO:Epoch 27, Test Accuracy: 94.44%
2024-03-01 00:49:00,000:INFO:Epoch 28, Test Accuracy: 93.28%
2024-03-01 00:50:45,411:INFO:Epoch 29, Test Accuracy: 94.01%
2024-03-01 00:52:33,781:INFO:Epoch 30, Test Accuracy: 94.36%
2024-03-01 00:54:22,135:INFO:Epoch 31, Test Accuracy: 94.76%
2024-03-01 00:56:11,199:INFO:Epoch 32, Test Accuracy: 95.41%
2024-03-01 00:56:14,091:INFO:Model saved with accuracy: 95.41%
2024-03-01 00:58:00,638:INFO:Epoch 33, Test Accuracy: 95.65%
2024-03-01 00:58:06,483:INFO:Model saved with accuracy: 95.65%
2024-03-01 00:59:58,041:INFO:Epoch 34, Test Accuracy: 95.61%
2024-03-01 01:01:46,132:INFO:Epoch 35, Test Accuracy: 95.73%
2024-03-01 01:01:49,542:INFO:Model saved with accuracy: 95.73%
2024-03-01 01:03:34,006:INFO:Epoch 36, Test Accuracy: 95.75%
2024-03-01 01:03:37,177:INFO:Model saved with accuracy: 95.75%
2024-03-01 01:05:26,920:INFO:Epoch 37, Test Accuracy: 95.78%
2024-03-01 01:05:29,636:INFO:Model saved with accuracy: 95.78%
2024-03-01 01:07:19,765:INFO:Epoch 38, Test Accuracy: 95.77%
2024-03-01 01:09:06,585:INFO:Epoch 39, Test Accuracy: 95.78%
2024-03-01 01:10:54,090:INFO:Epoch 40, Test Accuracy: 95.76%
2024-03-01 01:12:40,599:INFO:Epoch 41, Test Accuracy: 95.75%
2024-03-01 01:14:28,220:INFO:Epoch 42, Test Accuracy: 95.77%
2024-03-01 01:16:13,498:INFO:Epoch 43, Test Accuracy: 95.77%
2024-03-01 01:17:59,234:INFO:Epoch 44, Test Accuracy: 95.77%
2024-03-01 01:19:41,931:INFO:Epoch 45, Test Accuracy: 95.77%
2024-03-01 01:21:27,400:INFO:Epoch 46, Test Accuracy: 95.77%
2024-03-01 01:23:09,921:INFO:Epoch 47, Test Accuracy: 95.76%
2024-03-01 01:24:54,217:INFO:Epoch 48, Test Accuracy: 95.76%
2024-03-01 01:26:39,972:INFO:Epoch 49, Test Accuracy: 95.74%
2024-03-01 01:28:26,245:INFO:Epoch 50, Test Accuracy: 95.76%
2024-03-01 01:30:06,892:INFO:Epoch 51, Test Accuracy: 95.76%
2024-03-01 01:31:52,253:INFO:Epoch 52, Test Accuracy: 95.75%
2024-03-01 01:33:40,626:INFO:Epoch 53, Test Accuracy: 95.75%
2024-03-01 01:35:25,541:INFO:Epoch 54, Test Accuracy: 95.75%
2024-03-01 01:37:14,509:INFO:Epoch 55, Test Accuracy: 95.76%
2024-03-01 01:38:58,813:INFO:Epoch 56, Test Accuracy: 95.76%
2024-03-01 01:40:48,080:INFO:Epoch 57, Test Accuracy: 95.77%
2024-03-01 01:42:34,131:INFO:Epoch 58, Test Accuracy: 95.77%
2024-03-01 01:44:16,204:INFO:Epoch 59, Test Accuracy: 95.77%
2024-03-01 01:45:58,509:INFO:Epoch 60, Test Accuracy: 95.77%
2024-03-01 01:47:37,890:INFO:Epoch 61, Test Accuracy: 95.76%
2024-03-01 01:49:17,086:INFO:Epoch 62, Test Accuracy: 95.77%
2024-03-01 01:50:58,489:INFO:Epoch 63, Test Accuracy: 95.76%
2024-03-01 01:52:38,825:INFO:Epoch 64, Test Accuracy: 95.77%
2024-03-01 01:54:17,623:INFO:Epoch 65, Test Accuracy: 95.76%
2024-03-01 01:55:57,101:INFO:Epoch 66, Test Accuracy: 95.75%
2024-03-01 01:57:42,313:INFO:Epoch 67, Test Accuracy: 95.75%
2024-03-01 01:59:24,925:INFO:Epoch 68, Test Accuracy: 95.75%
2024-03-01 02:01:11,824:INFO:Epoch 69, Test Accuracy: 95.75%
2024-03-01 02:02:59,985:INFO:Epoch 70, Test Accuracy: 95.75%
2024-03-01 02:04:39,676:INFO:Epoch 71, Test Accuracy: 95.75%
2024-03-01 02:06:24,140:INFO:Epoch 72, Test Accuracy: 95.75%
2024-03-01 02:08:05,167:INFO:Epoch 73, Test Accuracy: 95.76%
2024-03-01 02:09:51,088:INFO:Epoch 74, Test Accuracy: 95.76%
2024-03-01 02:11:33,922:INFO:Epoch 75, Test Accuracy: 95.76%
2024-03-01 02:13:20,112:INFO:Epoch 76, Test Accuracy: 95.78%
2024-03-01 02:14:59,396:INFO:Epoch 77, Test Accuracy: 95.78%
2024-03-01 02:16:34,781:INFO:Epoch 78, Test Accuracy: 95.79%
2024-03-01 02:16:37,826:INFO:Model saved with accuracy: 95.79%
2024-03-01 02:18:21,939:INFO:Epoch 79, Test Accuracy: 95.78%
2024-03-01 02:20:12,135:INFO:Epoch 80, Test Accuracy: 95.78%
2024-03-01 02:21:54,215:INFO:Epoch 81, Test Accuracy: 95.77%
2024-03-01 02:23:38,672:INFO:Epoch 82, Test Accuracy: 95.77%
2024-03-01 02:25:26,193:INFO:Epoch 83, Test Accuracy: 95.77%
2024-03-01 02:27:05,400:INFO:Epoch 84, Test Accuracy: 95.78%
2024-03-01 02:28:44,728:INFO:Epoch 85, Test Accuracy: 95.78%
2024-03-01 02:30:30,557:INFO:Epoch 86, Test Accuracy: 95.79%
2024-03-01 02:32:10,679:INFO:Epoch 87, Test Accuracy: 95.79%
2024-03-01 02:33:53,294:INFO:Epoch 88, Test Accuracy: 95.79%
2024-03-01 02:35:34,978:INFO:Epoch 89, Test Accuracy: 95.79%
2024-03-01 02:37:17,184:INFO:Epoch 90, Test Accuracy: 95.79%
2024-03-01 02:38:52,442:INFO:Epoch 91, Test Accuracy: 95.79%
2024-03-01 02:40:36,453:INFO:Epoch 92, Test Accuracy: 95.79%
2024-03-01 02:42:21,342:INFO:Epoch 93, Test Accuracy: 95.79%
2024-03-01 02:44:06,465:INFO:Epoch 94, Test Accuracy: 95.79%
2024-03-01 02:45:47,150:INFO:Epoch 95, Test Accuracy: 95.79%
2024-03-01 02:47:31,430:INFO:Epoch 96, Test Accuracy: 95.79%
2024-03-01 02:49:08,205:INFO:Epoch 97, Test Accuracy: 95.79%
2024-03-01 02:50:52,637:INFO:Epoch 98, Test Accuracy: 95.79%
2024-03-01 02:52:39,907:INFO:Epoch 99, Test Accuracy: 95.78%
2024-03-01 02:54:08,038:INFO:Finished Training with noise_rate: 0.0
2024-03-01 02:54:08,038:INFO:Epoch accuracies with noise_rate 0.0: [14.46, 91.65, 92.37, 92.41, 91.82, 94.1, 93.74, 94.26, 94.08, 94.28, 94.49, 93.8, 94.66, 93.82, 94.56, 94.9, 94.25, 94.26, 93.97, 94.89, 94.83, 94.61, 94.75, 94.92, 94.27, 95.07, 95.33, 94.44, 93.28, 94.01, 94.36, 94.76, 95.41, 95.65, 95.61, 95.73, 95.75, 95.78, 95.77, 95.78, 95.76, 95.75, 95.77, 95.77, 95.77, 95.77, 95.77, 95.76, 95.76, 95.74, 95.76, 95.76, 95.75, 95.75, 95.75, 95.76, 95.76, 95.77, 95.77, 95.77, 95.77, 95.76, 95.77, 95.76, 95.77, 95.76, 95.75, 95.75, 95.75, 95.75, 95.75, 95.75, 95.75, 95.76, 95.76, 95.76, 95.78, 95.78, 95.79, 95.78, 95.78, 95.77, 95.77, 95.77, 95.78, 95.78, 95.79, 95.79, 95.79, 95.79, 95.79, 95.79, 95.79, 95.79, 95.79, 95.79, 95.79, 95.79, 95.79, 95.78]
2024-03-01 02:54:23,336:INFO:Epoch 0, Test Accuracy: 9.68%
2024-03-01 02:54:23,580:INFO:Model saved with accuracy: 9.68%
2024-03-01 02:56:08,556:INFO:Epoch 1, Test Accuracy: 88.64%
2024-03-01 02:56:11,889:INFO:Model saved with accuracy: 88.64%
2024-03-01 02:57:59,341:INFO:Epoch 2, Test Accuracy: 91.39%
2024-03-01 02:58:04,983:INFO:Model saved with accuracy: 91.39%
2024-03-01 02:59:53,620:INFO:Epoch 3, Test Accuracy: 92.39%
2024-03-01 02:59:57,029:INFO:Model saved with accuracy: 92.39%
2024-03-01 03:01:44,657:INFO:Epoch 4, Test Accuracy: 93.64%
2024-03-01 03:01:48,611:INFO:Model saved with accuracy: 93.64%
2024-03-01 03:03:36,414:INFO:Epoch 5, Test Accuracy: 93.61%
2024-03-01 03:05:16,865:INFO:Epoch 6, Test Accuracy: 94.34%
2024-03-01 03:05:20,368:INFO:Model saved with accuracy: 94.34%
2024-03-01 03:07:10,245:INFO:Epoch 7, Test Accuracy: 94.65%
2024-03-01 03:07:13,430:INFO:Model saved with accuracy: 94.65%
2024-03-01 03:09:03,292:INFO:Epoch 8, Test Accuracy: 93.9%
2024-03-01 03:10:50,170:INFO:Epoch 9, Test Accuracy: 94.28%
2024-03-01 03:12:32,456:INFO:Epoch 10, Test Accuracy: 94.47%
2024-03-01 03:14:12,296:INFO:Epoch 11, Test Accuracy: 93.39%
2024-03-01 03:15:58,635:INFO:Epoch 12, Test Accuracy: 94.85%
2024-03-01 03:16:02,632:INFO:Model saved with accuracy: 94.85%
2024-03-01 03:17:44,684:INFO:Epoch 13, Test Accuracy: 94.37%
2024-03-01 03:19:23,445:INFO:Epoch 14, Test Accuracy: 95.21%
2024-03-01 03:19:26,521:INFO:Model saved with accuracy: 95.21%
2024-03-01 03:21:12,619:INFO:Epoch 15, Test Accuracy: 94.13%
2024-03-01 03:22:53,307:INFO:Epoch 16, Test Accuracy: 95.1%
2024-03-01 03:24:34,352:INFO:Epoch 17, Test Accuracy: 95.09%
2024-03-01 03:26:13,587:INFO:Epoch 18, Test Accuracy: 95.36%
2024-03-01 03:26:17,138:INFO:Model saved with accuracy: 95.36%
2024-03-01 03:28:02,231:INFO:Epoch 19, Test Accuracy: 94.52%
2024-03-01 03:29:43,706:INFO:Epoch 20, Test Accuracy: 94.64%
2024-03-01 03:31:24,358:INFO:Epoch 21, Test Accuracy: 95.65%
2024-03-01 03:31:26,727:INFO:Model saved with accuracy: 95.65%
2024-03-01 03:33:13,286:INFO:Epoch 22, Test Accuracy: 95.08%
2024-03-01 03:34:56,374:INFO:Epoch 23, Test Accuracy: 94.72%
2024-03-01 03:36:39,269:INFO:Epoch 24, Test Accuracy: 94.98%
2024-03-01 03:38:20,538:INFO:Epoch 25, Test Accuracy: 94.96%
2024-03-01 03:39:55,979:INFO:Epoch 26, Test Accuracy: 95.28%
2024-03-01 03:41:41,611:INFO:Epoch 27, Test Accuracy: 95.55%
2024-03-01 03:43:20,118:INFO:Epoch 28, Test Accuracy: 94.85%
2024-03-01 03:44:58,299:INFO:Epoch 29, Test Accuracy: 95.37%
2024-03-01 03:46:42,662:INFO:Epoch 30, Test Accuracy: 95.65%
2024-03-01 03:48:19,056:INFO:Epoch 31, Test Accuracy: 95.5%
2024-03-01 03:49:59,496:INFO:Epoch 32, Test Accuracy: 95.21%
2024-03-01 03:51:40,973:INFO:Epoch 33, Test Accuracy: 95.22%
2024-03-01 03:53:15,036:INFO:Epoch 34, Test Accuracy: 95.41%
2024-03-01 03:54:49,596:INFO:Epoch 35, Test Accuracy: 95.39%
2024-03-01 03:56:33,483:INFO:Epoch 36, Test Accuracy: 95.41%
2024-03-01 03:58:17,921:INFO:Epoch 37, Test Accuracy: 95.1%
2024-03-01 03:59:56,474:INFO:Epoch 38, Test Accuracy: 94.7%
2024-03-01 04:01:38,536:INFO:Epoch 39, Test Accuracy: 95.92%
2024-03-01 04:01:42,552:INFO:Model saved with accuracy: 95.92%
2024-03-01 04:03:25,943:INFO:Epoch 40, Test Accuracy: 95.71%
2024-03-01 04:05:08,161:INFO:Epoch 41, Test Accuracy: 95.46%
2024-03-01 04:06:54,034:INFO:Epoch 42, Test Accuracy: 95.84%
2024-03-01 04:08:35,049:INFO:Epoch 43, Test Accuracy: 95.63%
2024-03-01 04:10:09,906:INFO:Epoch 44, Test Accuracy: 95.23%
2024-03-01 04:11:53,125:INFO:Epoch 45, Test Accuracy: 95.59%
2024-03-01 04:13:34,712:INFO:Epoch 46, Test Accuracy: 95.33%
2024-03-01 04:15:14,935:INFO:Epoch 47, Test Accuracy: 95.36%
2024-03-01 04:16:55,640:INFO:Epoch 48, Test Accuracy: 95.73%
2024-03-01 04:18:36,178:INFO:Epoch 49, Test Accuracy: 95.32%
2024-03-01 04:20:20,064:INFO:Epoch 50, Test Accuracy: 95.58%
2024-03-01 04:22:04,665:INFO:Epoch 51, Test Accuracy: 95.9%
2024-03-01 04:23:46,969:INFO:Epoch 52, Test Accuracy: 96.16%
2024-03-01 04:23:50,373:INFO:Model saved with accuracy: 96.16%
2024-03-01 04:25:36,192:INFO:Epoch 53, Test Accuracy: 95.57%
2024-03-01 04:27:18,056:INFO:Epoch 54, Test Accuracy: 95.79%
2024-03-01 04:28:53,874:INFO:Epoch 55, Test Accuracy: 94.34%
2024-03-01 04:30:37,021:INFO:Epoch 56, Test Accuracy: 95.68%
2024-03-01 04:32:17,446:INFO:Epoch 57, Test Accuracy: 95.47%
2024-03-01 04:33:53,283:INFO:Epoch 58, Test Accuracy: 95.05%
2024-03-01 04:35:33,278:INFO:Epoch 59, Test Accuracy: 96.22%
2024-03-01 04:35:36,505:INFO:Model saved with accuracy: 96.22%
2024-03-01 04:37:18,869:INFO:Epoch 60, Test Accuracy: 95.42%
2024-03-01 04:39:03,558:INFO:Epoch 61, Test Accuracy: 95.99%
2024-03-01 04:40:42,362:INFO:Epoch 62, Test Accuracy: 95.87%
2024-03-01 04:42:24,224:INFO:Epoch 63, Test Accuracy: 95.8%
2024-03-01 04:44:04,688:INFO:Epoch 64, Test Accuracy: 95.67%
2024-03-01 04:45:40,132:INFO:Epoch 65, Test Accuracy: 95.96%
2024-03-01 04:47:24,788:INFO:Epoch 66, Test Accuracy: 96.03%
2024-03-01 04:49:11,506:INFO:Epoch 67, Test Accuracy: 95.78%
2024-03-01 04:50:57,083:INFO:Epoch 68, Test Accuracy: 95.98%
2024-03-01 04:52:33,537:INFO:Epoch 69, Test Accuracy: 96.02%
2024-03-01 04:54:18,846:INFO:Epoch 70, Test Accuracy: 95.59%
2024-03-01 04:56:04,345:INFO:Epoch 71, Test Accuracy: 95.99%
2024-03-01 04:57:40,617:INFO:Epoch 72, Test Accuracy: 95.85%
2024-03-01 04:59:19,702:INFO:Epoch 73, Test Accuracy: 95.67%
2024-03-01 05:00:58,251:INFO:Epoch 74, Test Accuracy: 96.26%
2024-03-01 05:01:01,523:INFO:Model saved with accuracy: 96.26%
2024-03-01 05:02:45,885:INFO:Epoch 75, Test Accuracy: 95.92%
2024-03-01 05:04:22,100:INFO:Epoch 76, Test Accuracy: 96.0%
2024-03-01 05:06:07,318:INFO:Epoch 77, Test Accuracy: 95.93%
2024-03-01 05:07:47,929:INFO:Epoch 78, Test Accuracy: 95.93%
2024-03-01 05:09:29,314:INFO:Epoch 79, Test Accuracy: 95.68%
2024-03-01 05:11:11,604:INFO:Epoch 80, Test Accuracy: 95.73%
2024-03-01 05:12:58,990:INFO:Epoch 81, Test Accuracy: 95.62%
2024-03-01 05:14:37,832:INFO:Epoch 82, Test Accuracy: 95.77%
2024-03-01 05:16:21,551:INFO:Epoch 83, Test Accuracy: 95.71%
2024-03-01 05:17:59,174:INFO:Epoch 84, Test Accuracy: 95.96%
2024-03-01 05:19:39,490:INFO:Epoch 85, Test Accuracy: 95.33%
2024-03-01 05:21:15,362:INFO:Epoch 86, Test Accuracy: 96.08%
2024-03-01 05:22:52,527:INFO:Epoch 87, Test Accuracy: 96.02%
2024-03-01 05:24:36,424:INFO:Epoch 88, Test Accuracy: 95.9%
2024-03-01 05:26:18,206:INFO:Epoch 89, Test Accuracy: 95.9%
2024-03-01 05:27:57,829:INFO:Epoch 90, Test Accuracy: 95.7%
2024-03-01 05:29:35,262:INFO:Epoch 91, Test Accuracy: 95.53%
2024-03-01 05:31:17,825:INFO:Epoch 92, Test Accuracy: 96.23%
2024-03-01 05:33:04,088:INFO:Epoch 93, Test Accuracy: 95.78%
2024-03-01 05:34:44,834:INFO:Epoch 94, Test Accuracy: 95.28%
2024-03-01 05:36:28,974:INFO:Epoch 95, Test Accuracy: 95.82%
2024-03-01 05:38:13,341:INFO:Epoch 96, Test Accuracy: 95.18%
2024-03-01 05:39:57,017:INFO:Epoch 97, Test Accuracy: 95.24%
2024-03-01 05:41:41,909:INFO:Epoch 98, Test Accuracy: 95.51%
2024-03-01 05:43:17,072:INFO:Epoch 99, Test Accuracy: 95.86%
2024-03-01 05:44:42,180:INFO:Finished Training with noise_rate: 0.2
2024-03-01 05:44:42,180:INFO:Epoch accuracies with noise_rate 0.2: [9.68, 88.64, 91.39, 92.39, 93.64, 93.61, 94.34, 94.65, 93.9, 94.28, 94.47, 93.39, 94.85, 94.37, 95.21, 94.13, 95.1, 95.09, 95.36, 94.52, 94.64, 95.65, 95.08, 94.72, 94.98, 94.96, 95.28, 95.55, 94.85, 95.37, 95.65, 95.5, 95.21, 95.22, 95.41, 95.39, 95.41, 95.1, 94.7, 95.92, 95.71, 95.46, 95.84, 95.63, 95.23, 95.59, 95.33, 95.36, 95.73, 95.32, 95.58, 95.9, 96.16, 95.57, 95.79, 94.34, 95.68, 95.47, 95.05, 96.22, 95.42, 95.99, 95.87, 95.8, 95.67, 95.96, 96.03, 95.78, 95.98, 96.02, 95.59, 95.99, 95.85, 95.67, 96.26, 95.92, 96.0, 95.93, 95.93, 95.68, 95.73, 95.62, 95.77, 95.71, 95.96, 95.33, 96.08, 96.02, 95.9, 95.9, 95.7, 95.53, 96.23, 95.78, 95.28, 95.82, 95.18, 95.24, 95.51, 95.86]
2024-03-01 05:44:56,813:INFO:Epoch 0, Test Accuracy: 7.81%
2024-03-01 05:44:56,991:INFO:Model saved with accuracy: 7.81%
2024-03-01 05:46:41,463:INFO:Epoch 1, Test Accuracy: 87.38%
2024-03-01 05:46:44,857:INFO:Model saved with accuracy: 87.38%
2024-03-01 05:48:25,245:INFO:Epoch 2, Test Accuracy: 89.07%
2024-03-01 05:48:29,068:INFO:Model saved with accuracy: 89.07%
2024-03-01 05:50:17,934:INFO:Epoch 3, Test Accuracy: 89.5%
2024-03-01 05:50:21,340:INFO:Model saved with accuracy: 89.50%
2024-03-01 05:52:08,763:INFO:Epoch 4, Test Accuracy: 92.76%
2024-03-01 05:52:11,869:INFO:Model saved with accuracy: 92.76%
2024-03-01 05:53:58,818:INFO:Epoch 5, Test Accuracy: 92.92%
2024-03-01 05:54:02,025:INFO:Model saved with accuracy: 92.92%
2024-03-01 05:55:47,672:INFO:Epoch 6, Test Accuracy: 92.57%
2024-03-01 05:57:28,791:INFO:Epoch 7, Test Accuracy: 92.85%
2024-03-01 05:59:09,432:INFO:Epoch 8, Test Accuracy: 93.63%
2024-03-01 05:59:12,556:INFO:Model saved with accuracy: 93.63%
2024-03-01 06:00:56,154:INFO:Epoch 9, Test Accuracy: 94.29%
2024-03-01 06:01:00,006:INFO:Model saved with accuracy: 94.29%
2024-03-01 06:02:46,585:INFO:Epoch 10, Test Accuracy: 93.98%
2024-03-01 06:04:32,018:INFO:Epoch 11, Test Accuracy: 93.76%
2024-03-01 06:06:14,593:INFO:Epoch 12, Test Accuracy: 94.29%
2024-03-01 06:07:55,180:INFO:Epoch 13, Test Accuracy: 93.95%
2024-03-01 06:09:38,677:INFO:Epoch 14, Test Accuracy: 94.6%
2024-03-01 06:09:42,127:INFO:Model saved with accuracy: 94.60%
2024-03-01 06:11:26,514:INFO:Epoch 15, Test Accuracy: 94.58%
2024-03-01 06:13:08,141:INFO:Epoch 16, Test Accuracy: 94.56%
2024-03-01 06:14:48,535:INFO:Epoch 17, Test Accuracy: 94.53%
2024-03-01 06:16:28,949:INFO:Epoch 18, Test Accuracy: 95.08%
2024-03-01 06:16:32,619:INFO:Model saved with accuracy: 95.08%
2024-03-01 06:18:13,664:INFO:Epoch 19, Test Accuracy: 94.68%
2024-03-01 06:19:56,522:INFO:Epoch 20, Test Accuracy: 94.6%
2024-03-01 06:21:36,269:INFO:Epoch 21, Test Accuracy: 94.85%
2024-03-01 06:23:20,857:INFO:Epoch 22, Test Accuracy: 94.86%
2024-03-01 06:25:06,844:INFO:Epoch 23, Test Accuracy: 95.02%
2024-03-01 06:26:54,859:INFO:Epoch 24, Test Accuracy: 95.15%
2024-03-01 06:26:58,666:INFO:Model saved with accuracy: 95.15%
2024-03-01 06:28:40,105:INFO:Epoch 25, Test Accuracy: 94.9%
2024-03-01 06:30:17,220:INFO:Epoch 26, Test Accuracy: 94.67%
2024-03-01 06:31:57,851:INFO:Epoch 27, Test Accuracy: 94.28%
2024-03-01 06:33:39,851:INFO:Epoch 28, Test Accuracy: 95.68%
2024-03-01 06:33:43,234:INFO:Model saved with accuracy: 95.68%
2024-03-01 06:35:25,889:INFO:Epoch 29, Test Accuracy: 94.74%
2024-03-01 06:37:13,691:INFO:Epoch 30, Test Accuracy: 95.26%
2024-03-01 06:39:02,156:INFO:Epoch 31, Test Accuracy: 94.64%
2024-03-01 06:40:48,085:INFO:Epoch 32, Test Accuracy: 94.52%
2024-03-01 06:42:30,983:INFO:Epoch 33, Test Accuracy: 94.77%
2024-03-01 06:44:09,884:INFO:Epoch 34, Test Accuracy: 94.25%
2024-03-01 06:45:47,233:INFO:Epoch 35, Test Accuracy: 95.53%
2024-03-01 06:47:27,905:INFO:Epoch 36, Test Accuracy: 95.11%
2024-03-01 06:49:11,750:INFO:Epoch 37, Test Accuracy: 95.26%
2024-03-01 06:50:55,607:INFO:Epoch 38, Test Accuracy: 95.11%
2024-03-01 06:52:38,826:INFO:Epoch 39, Test Accuracy: 94.34%
2024-03-01 06:54:14,667:INFO:Epoch 40, Test Accuracy: 95.07%
2024-03-01 06:55:53,888:INFO:Epoch 41, Test Accuracy: 95.3%
2024-03-01 06:57:39,238:INFO:Epoch 42, Test Accuracy: 95.26%
2024-03-01 06:59:27,177:INFO:Epoch 43, Test Accuracy: 95.32%
2024-03-01 07:01:07,199:INFO:Epoch 44, Test Accuracy: 95.32%
2024-03-01 07:02:53,000:INFO:Epoch 45, Test Accuracy: 94.53%
2024-03-01 07:04:53,915:INFO:Epoch 46, Test Accuracy: 95.01%
2024-03-01 07:06:50,591:INFO:Epoch 47, Test Accuracy: 95.54%
2024-03-01 07:08:38,733:INFO:Epoch 48, Test Accuracy: 95.33%
2024-03-01 07:10:17,375:INFO:Epoch 49, Test Accuracy: 95.11%
2024-03-01 07:12:21,533:INFO:Epoch 50, Test Accuracy: 95.41%
2024-03-01 07:14:03,800:INFO:Epoch 51, Test Accuracy: 95.34%
2024-03-01 07:15:51,907:INFO:Epoch 52, Test Accuracy: 95.74%
2024-03-01 07:15:55,645:INFO:Model saved with accuracy: 95.74%
2024-03-01 07:17:34,821:INFO:Epoch 53, Test Accuracy: 95.57%
2024-03-01 07:19:07,721:INFO:Epoch 54, Test Accuracy: 95.33%
2024-03-01 07:20:53,475:INFO:Epoch 55, Test Accuracy: 95.22%
2024-03-01 07:22:31,048:INFO:Epoch 56, Test Accuracy: 95.05%
2024-03-01 07:24:11,348:INFO:Epoch 57, Test Accuracy: 95.19%
2024-03-01 07:25:55,363:INFO:Epoch 58, Test Accuracy: 95.42%
2024-03-01 07:27:29,409:INFO:Epoch 59, Test Accuracy: 94.72%
2024-03-01 07:29:18,133:INFO:Epoch 60, Test Accuracy: 95.67%
2024-03-01 07:30:52,964:INFO:Epoch 61, Test Accuracy: 95.19%
2024-03-01 07:32:31,153:INFO:Epoch 62, Test Accuracy: 95.8%
2024-03-01 07:32:34,289:INFO:Model saved with accuracy: 95.80%
2024-03-01 07:34:20,356:INFO:Epoch 63, Test Accuracy: 94.82%
2024-03-01 07:36:05,143:INFO:Epoch 64, Test Accuracy: 94.77%
2024-03-01 07:37:41,249:INFO:Epoch 65, Test Accuracy: 94.96%
2024-03-01 07:39:28,160:INFO:Epoch 66, Test Accuracy: 95.27%
2024-03-01 07:41:12,704:INFO:Epoch 67, Test Accuracy: 95.33%
2024-03-01 07:42:54,999:INFO:Epoch 68, Test Accuracy: 95.35%
2024-03-01 07:44:46,945:INFO:Epoch 69, Test Accuracy: 95.52%
2024-03-01 07:46:33,573:INFO:Epoch 70, Test Accuracy: 95.91%
2024-03-01 07:46:36,226:INFO:Model saved with accuracy: 95.91%
2024-03-01 07:48:22,419:INFO:Epoch 71, Test Accuracy: 95.41%
2024-03-01 07:50:03,880:INFO:Epoch 72, Test Accuracy: 94.78%
2024-03-01 07:51:42,587:INFO:Epoch 73, Test Accuracy: 95.87%
2024-03-01 07:53:21,641:INFO:Epoch 74, Test Accuracy: 95.66%
2024-03-01 07:55:07,734:INFO:Epoch 75, Test Accuracy: 95.72%
2024-03-01 07:56:46,606:INFO:Epoch 76, Test Accuracy: 95.85%
2024-03-01 07:58:28,310:INFO:Epoch 77, Test Accuracy: 95.67%
2024-03-01 08:00:09,702:INFO:Epoch 78, Test Accuracy: 95.32%
2024-03-01 08:01:48,763:INFO:Epoch 79, Test Accuracy: 95.33%
2024-03-01 08:03:22,739:INFO:Epoch 80, Test Accuracy: 95.46%
2024-03-01 08:05:06,937:INFO:Epoch 81, Test Accuracy: 95.81%
2024-03-01 08:07:00,047:INFO:Epoch 82, Test Accuracy: 95.55%
2024-03-01 08:08:56,875:INFO:Epoch 83, Test Accuracy: 95.24%
2024-03-01 08:10:34,320:INFO:Epoch 84, Test Accuracy: 95.72%
2024-03-01 08:12:29,015:INFO:Epoch 85, Test Accuracy: 95.63%
2024-03-01 08:14:08,040:INFO:Epoch 86, Test Accuracy: 95.25%
2024-03-01 08:15:53,354:INFO:Epoch 87, Test Accuracy: 95.17%
2024-03-01 08:17:35,637:INFO:Epoch 88, Test Accuracy: 95.01%
2024-03-01 08:19:20,820:INFO:Epoch 89, Test Accuracy: 95.65%
2024-03-01 08:21:04,401:INFO:Epoch 90, Test Accuracy: 95.55%
2024-03-01 08:22:44,611:INFO:Epoch 91, Test Accuracy: 95.62%
2024-03-01 08:24:25,884:INFO:Epoch 92, Test Accuracy: 95.55%
2024-03-01 08:26:08,745:INFO:Epoch 93, Test Accuracy: 94.78%
2024-03-01 08:27:48,590:INFO:Epoch 94, Test Accuracy: 95.19%
2024-03-01 08:29:34,511:INFO:Epoch 95, Test Accuracy: 95.96%
2024-03-01 08:29:37,461:INFO:Model saved with accuracy: 95.96%
2024-03-01 08:31:28,925:INFO:Epoch 96, Test Accuracy: 95.69%
2024-03-01 08:33:21,324:INFO:Epoch 97, Test Accuracy: 95.77%
2024-03-01 08:34:56,289:INFO:Epoch 98, Test Accuracy: 95.44%
2024-03-01 08:36:37,558:INFO:Epoch 99, Test Accuracy: 95.91%
2024-03-01 08:38:04,419:INFO:Finished Training with noise_rate: 0.4
2024-03-01 08:38:04,420:INFO:Epoch accuracies with noise_rate 0.4: [7.81, 87.38, 89.07, 89.5, 92.76, 92.92, 92.57, 92.85, 93.63, 94.29, 93.98, 93.76, 94.29, 93.95, 94.6, 94.58, 94.56, 94.53, 95.08, 94.68, 94.6, 94.85, 94.86, 95.02, 95.15, 94.9, 94.67, 94.28, 95.68, 94.74, 95.26, 94.64, 94.52, 94.77, 94.25, 95.53, 95.11, 95.26, 95.11, 94.34, 95.07, 95.3, 95.26, 95.32, 95.32, 94.53, 95.01, 95.54, 95.33, 95.11, 95.41, 95.34, 95.74, 95.57, 95.33, 95.22, 95.05, 95.19, 95.42, 94.72, 95.67, 95.19, 95.8, 94.82, 94.77, 94.96, 95.27, 95.33, 95.35, 95.52, 95.91, 95.41, 94.78, 95.87, 95.66, 95.72, 95.85, 95.67, 95.32, 95.33, 95.46, 95.81, 95.55, 95.24, 95.72, 95.63, 95.25, 95.17, 95.01, 95.65, 95.55, 95.62, 95.55, 94.78, 95.19, 95.96, 95.69, 95.77, 95.44, 95.91]
2024-03-01 08:38:19,462:INFO:Epoch 0, Test Accuracy: 9.51%
2024-03-01 08:38:19,643:INFO:Model saved with accuracy: 9.51%
2024-03-01 08:40:13,941:INFO:Epoch 1, Test Accuracy: 85.92%
2024-03-01 08:40:17,258:INFO:Model saved with accuracy: 85.92%
2024-03-01 08:42:03,752:INFO:Epoch 2, Test Accuracy: 89.49%
2024-03-01 08:42:06,628:INFO:Model saved with accuracy: 89.49%
2024-03-01 08:43:58,762:INFO:Epoch 3, Test Accuracy: 90.6%
2024-03-01 08:44:01,317:INFO:Model saved with accuracy: 90.60%
2024-03-01 08:45:46,337:INFO:Epoch 4, Test Accuracy: 90.45%
2024-03-01 08:47:30,514:INFO:Epoch 5, Test Accuracy: 90.55%
2024-03-01 08:49:02,692:INFO:Epoch 6, Test Accuracy: 91.8%
2024-03-01 08:49:06,240:INFO:Model saved with accuracy: 91.80%
2024-03-01 08:50:52,749:INFO:Epoch 7, Test Accuracy: 91.58%
2024-03-01 08:52:32,581:INFO:Epoch 8, Test Accuracy: 92.35%
2024-03-01 08:52:35,784:INFO:Model saved with accuracy: 92.35%
2024-03-01 08:54:08,669:INFO:Epoch 9, Test Accuracy: 91.93%
2024-03-01 08:55:52,341:INFO:Epoch 10, Test Accuracy: 91.12%
2024-03-01 08:57:24,745:INFO:Epoch 11, Test Accuracy: 93.49%
2024-03-01 08:57:28,322:INFO:Model saved with accuracy: 93.49%
2024-03-01 08:59:15,579:INFO:Epoch 12, Test Accuracy: 92.7%
2024-03-01 09:00:52,373:INFO:Epoch 13, Test Accuracy: 92.4%
2024-03-01 09:02:53,216:INFO:Epoch 14, Test Accuracy: 93.64%
2024-03-01 09:02:56,377:INFO:Model saved with accuracy: 93.64%
2024-03-01 09:04:50,100:INFO:Epoch 15, Test Accuracy: 93.65%
2024-03-01 09:04:53,382:INFO:Model saved with accuracy: 93.65%
2024-03-01 09:06:59,752:INFO:Epoch 16, Test Accuracy: 93.66%
2024-03-01 09:07:01,997:INFO:Model saved with accuracy: 93.66%
2024-03-01 09:08:56,709:INFO:Epoch 17, Test Accuracy: 93.74%
2024-03-01 09:09:00,039:INFO:Model saved with accuracy: 93.74%
2024-03-01 09:10:47,157:INFO:Epoch 18, Test Accuracy: 94.05%
2024-03-01 09:10:50,736:INFO:Model saved with accuracy: 94.05%
2024-03-01 09:12:35,559:INFO:Epoch 19, Test Accuracy: 93.44%
2024-03-01 09:14:14,448:INFO:Epoch 20, Test Accuracy: 93.88%
2024-03-01 09:16:18,168:INFO:Epoch 21, Test Accuracy: 93.0%
2024-03-01 09:18:08,062:INFO:Epoch 22, Test Accuracy: 94.61%
2024-03-01 09:18:11,134:INFO:Model saved with accuracy: 94.61%
2024-03-01 09:19:57,973:INFO:Epoch 23, Test Accuracy: 94.1%
2024-03-01 09:21:35,181:INFO:Epoch 24, Test Accuracy: 94.02%
2024-03-01 09:23:19,434:INFO:Epoch 25, Test Accuracy: 93.34%
2024-03-01 09:24:58,639:INFO:Epoch 26, Test Accuracy: 93.85%
2024-03-01 09:26:42,670:INFO:Epoch 27, Test Accuracy: 94.39%
2024-03-01 09:28:26,357:INFO:Epoch 28, Test Accuracy: 93.09%
2024-03-01 09:30:07,710:INFO:Epoch 29, Test Accuracy: 94.1%
2024-03-01 09:31:53,491:INFO:Epoch 30, Test Accuracy: 93.3%
2024-03-01 09:35:14,697:INFO:Epoch 31, Test Accuracy: 94.46%
2024-03-01 09:42:32,407:INFO:Epoch 32, Test Accuracy: 93.43%
2024-03-01 09:50:43,809:INFO:Epoch 33, Test Accuracy: 93.77%
2024-03-01 09:57:50,093:INFO:Epoch 34, Test Accuracy: 94.42%
2024-03-01 09:59:25,581:INFO:Epoch 35, Test Accuracy: 94.62%
2024-03-01 09:59:29,336:INFO:Model saved with accuracy: 94.62%
2024-03-01 10:01:10,223:INFO:Epoch 36, Test Accuracy: 94.33%
2024-03-01 10:02:53,068:INFO:Epoch 37, Test Accuracy: 95.2%
2024-03-01 10:02:56,164:INFO:Model saved with accuracy: 95.20%
2024-03-01 10:04:38,110:INFO:Epoch 38, Test Accuracy: 94.9%
2024-03-01 10:06:25,807:INFO:Epoch 39, Test Accuracy: 94.46%
2024-03-01 10:08:10,304:INFO:Epoch 40, Test Accuracy: 94.53%
2024-03-01 10:10:10,449:INFO:Epoch 41, Test Accuracy: 94.39%
2024-03-01 10:11:51,126:INFO:Epoch 42, Test Accuracy: 93.82%
2024-03-01 10:13:37,144:INFO:Epoch 43, Test Accuracy: 95.31%
2024-03-01 10:13:40,343:INFO:Model saved with accuracy: 95.31%
2024-03-01 10:15:22,766:INFO:Epoch 44, Test Accuracy: 94.42%
2024-03-01 10:17:15,581:INFO:Epoch 45, Test Accuracy: 95.07%
2024-03-01 10:19:22,424:INFO:Epoch 46, Test Accuracy: 94.77%
2024-03-01 10:21:09,582:INFO:Epoch 47, Test Accuracy: 94.83%
2024-03-01 10:23:02,015:INFO:Epoch 48, Test Accuracy: 93.78%
2024-03-01 10:24:55,995:INFO:Epoch 49, Test Accuracy: 95.16%
2024-03-01 10:26:39,276:INFO:Epoch 50, Test Accuracy: 94.08%
2024-03-01 10:28:25,284:INFO:Epoch 51, Test Accuracy: 95.26%
2024-03-01 10:30:08,551:INFO:Epoch 52, Test Accuracy: 95.16%
2024-03-01 10:32:01,857:INFO:Epoch 53, Test Accuracy: 95.19%
2024-03-01 10:34:05,359:INFO:Epoch 54, Test Accuracy: 94.99%
2024-03-01 10:35:47,596:INFO:Epoch 55, Test Accuracy: 94.74%
2024-03-01 10:37:27,580:INFO:Epoch 56, Test Accuracy: 95.13%
2024-03-01 10:39:03,237:INFO:Epoch 57, Test Accuracy: 95.23%
2024-03-01 10:40:40,967:INFO:Epoch 58, Test Accuracy: 94.33%
2024-03-01 10:42:26,287:INFO:Epoch 59, Test Accuracy: 94.75%
2024-03-01 10:44:21,081:INFO:Epoch 60, Test Accuracy: 94.37%
2024-03-01 10:46:02,460:INFO:Epoch 61, Test Accuracy: 95.03%
2024-03-01 10:47:46,224:INFO:Epoch 62, Test Accuracy: 94.54%
2024-03-01 10:49:35,789:INFO:Epoch 63, Test Accuracy: 95.18%
2024-03-01 10:51:18,892:INFO:Epoch 64, Test Accuracy: 95.0%
2024-03-01 10:52:59,300:INFO:Epoch 65, Test Accuracy: 93.4%
2024-03-03 11:56:03,526:INFO:Training Configuration: batch_size=64, epochs=100, lr=0.01, weight_decay=1e-05, lambda1=0.01, hash_bits=64, model_name=resnet34, device=cuda
2024-03-03 11:56:18,427:INFO:Training Configuration: batch_size=64, epochs=100, lr=0.01, weight_decay=1e-05, lambda1=0.01, hash_bits=64, model_name=resnet34, device=cuda
2024-03-03 11:57:12,783:INFO:Epoch 0, Test Accuracy: 11.62%
2024-03-03 11:57:13,011:INFO:Model saved with accuracy: 11.62%
2024-03-03 12:00:14,865:INFO:Training Configuration: batch_size=64, epochs=100, lr=0.01, weight_decay=1e-05, lambda1=0.01, hash_bits=64, model_name=resnet34, device=cuda
2024-03-03 12:00:22,546:INFO:Epoch 0, Test Accuracy: 10.5%
2024-03-03 12:00:26,380:INFO:Model saved with accuracy: 10.50%
2024-03-03 12:01:44,842:INFO:Epoch 1, Test Accuracy: 89.49%
2024-03-03 12:01:48,271:INFO:Model saved with accuracy: 89.49%
2024-03-03 12:03:06,446:INFO:Epoch 2, Test Accuracy: 90.98%
2024-03-03 12:03:12,273:INFO:Model saved with accuracy: 90.98%
2024-03-03 12:04:32,853:INFO:Epoch 3, Test Accuracy: 90.97%
2024-03-03 12:05:51,931:INFO:Epoch 4, Test Accuracy: 92.51%
2024-03-03 12:05:55,119:INFO:Model saved with accuracy: 92.51%
2024-03-03 12:07:07,508:INFO:Epoch 5, Test Accuracy: 92.09%
2024-03-03 12:08:28,137:INFO:Epoch 6, Test Accuracy: 92.92%
2024-03-03 12:08:30,525:INFO:Model saved with accuracy: 92.92%
2024-03-03 12:09:46,711:INFO:Epoch 7, Test Accuracy: 93.9%
2024-03-03 12:09:50,570:INFO:Model saved with accuracy: 93.90%
2024-03-03 12:11:10,799:INFO:Epoch 8, Test Accuracy: 93.25%
2024-03-03 12:12:27,932:INFO:Epoch 9, Test Accuracy: 94.56%
2024-03-03 12:12:31,532:INFO:Model saved with accuracy: 94.56%
2024-03-03 12:13:52,403:INFO:Epoch 10, Test Accuracy: 93.91%
2024-03-03 12:15:09,409:INFO:Epoch 11, Test Accuracy: 94.34%
2024-03-03 12:16:28,234:INFO:Epoch 12, Test Accuracy: 93.73%
2024-03-03 12:17:50,950:INFO:Epoch 13, Test Accuracy: 94.61%
2024-03-03 12:17:54,078:INFO:Model saved with accuracy: 94.61%
2024-03-03 12:18:43,907:INFO:Epoch 14, Test Accuracy: 94.65%
2024-03-03 12:18:47,432:INFO:Model saved with accuracy: 94.65%
2024-03-03 12:19:37,351:INFO:Epoch 15, Test Accuracy: 93.94%
2024-03-03 12:20:28,032:INFO:Epoch 16, Test Accuracy: 94.31%
2024-03-03 12:21:23,802:INFO:Epoch 17, Test Accuracy: 94.21%
2024-03-03 12:22:20,338:INFO:Epoch 18, Test Accuracy: 94.68%
2024-03-03 12:22:24,460:INFO:Model saved with accuracy: 94.68%
2024-03-03 12:23:20,313:INFO:Epoch 19, Test Accuracy: 94.71%
2024-03-03 12:23:23,872:INFO:Model saved with accuracy: 94.71%
2024-03-03 12:24:20,264:INFO:Epoch 20, Test Accuracy: 94.53%
2024-03-03 12:25:16,889:INFO:Epoch 21, Test Accuracy: 95.01%
2024-03-03 12:25:18,985:INFO:Model saved with accuracy: 95.01%
2024-03-03 12:26:14,799:INFO:Epoch 22, Test Accuracy: 95.01%
2024-03-03 12:27:10,605:INFO:Epoch 23, Test Accuracy: 94.73%
2024-03-03 12:28:07,081:INFO:Epoch 24, Test Accuracy: 95.28%
2024-03-03 12:28:10,731:INFO:Model saved with accuracy: 95.28%
2024-03-03 12:29:06,916:INFO:Epoch 25, Test Accuracy: 94.78%
2024-03-03 12:30:02,957:INFO:Epoch 26, Test Accuracy: 94.61%
2024-03-03 12:30:58,876:INFO:Epoch 27, Test Accuracy: 95.05%
2024-03-03 12:31:55,380:INFO:Epoch 28, Test Accuracy: 95.79%
2024-03-03 12:31:58,937:INFO:Model saved with accuracy: 95.79%
2024-03-03 12:32:55,034:INFO:Epoch 29, Test Accuracy: 95.03%
2024-03-03 12:33:50,421:INFO:Epoch 30, Test Accuracy: 95.35%
2024-03-03 12:34:46,808:INFO:Epoch 31, Test Accuracy: 95.63%
2024-03-03 12:35:42,030:INFO:Epoch 32, Test Accuracy: 95.66%
2024-03-03 12:36:37,974:INFO:Epoch 33, Test Accuracy: 94.79%
2024-03-03 12:37:35,323:INFO:Epoch 34, Test Accuracy: 95.44%
2024-03-03 12:38:34,669:INFO:Epoch 35, Test Accuracy: 95.38%
2024-03-03 12:39:30,501:INFO:Epoch 36, Test Accuracy: 94.8%
2024-03-03 12:40:27,031:INFO:Epoch 37, Test Accuracy: 95.17%
2024-03-03 12:41:22,808:INFO:Epoch 38, Test Accuracy: 95.45%
2024-03-03 12:42:18,754:INFO:Epoch 39, Test Accuracy: 94.95%
2024-03-03 12:43:14,691:INFO:Epoch 40, Test Accuracy: 95.37%
2024-03-03 12:44:10,459:INFO:Epoch 41, Test Accuracy: 95.04%
2024-03-03 12:45:06,476:INFO:Epoch 42, Test Accuracy: 94.46%
2024-03-03 12:50:59,522:INFO:Training Configuration: batch_size=64, epochs=100, lr=0.01, weight_decay=1e-05, lambda1=0.01, hash_bits=64, model_name=resnet34, device=cuda
2024-03-03 12:51:08,022:INFO:Epoch 0, Test Accuracy: 9.84%
2024-03-03 12:51:11,263:INFO:Model saved with accuracy: 9.84%
2024-03-03 12:51:34,956:INFO:Training Configuration: batch_size=64, epochs=100, lr=0.01, weight_decay=1e-05, lambda1=0.01, hash_bits=64, model_name=resnet34, device=cuda
2024-03-03 12:51:44,223:INFO:Epoch 0, Test Accuracy: 11.67%
2024-03-03 12:51:50,859:INFO:Model saved with accuracy: 11.67%
2024-03-03 12:52:39,716:INFO:Epoch 1, Test Accuracy: 90.63%
2024-03-03 12:52:42,965:INFO:Model saved with accuracy: 90.63%
2024-03-03 12:53:31,493:INFO:Epoch 2, Test Accuracy: 92.12%
2024-03-03 12:53:34,951:INFO:Model saved with accuracy: 92.12%
2024-03-03 12:54:24,095:INFO:Epoch 3, Test Accuracy: 92.59%
2024-03-03 12:54:27,779:INFO:Model saved with accuracy: 92.59%
2024-03-03 12:55:16,805:INFO:Epoch 4, Test Accuracy: 92.57%
2024-03-03 12:56:05,798:INFO:Epoch 5, Test Accuracy: 90.93%
2024-03-03 12:56:55,038:INFO:Epoch 6, Test Accuracy: 93.24%
2024-03-03 12:56:59,497:INFO:Model saved with accuracy: 93.24%
2024-03-03 12:57:48,347:INFO:Epoch 7, Test Accuracy: 92.07%
2024-03-03 12:58:55,518:INFO:Epoch 8, Test Accuracy: 90.91%
2024-03-03 13:00:05,454:INFO:Epoch 9, Test Accuracy: 90.57%
2024-03-03 13:01:03,046:INFO:Epoch 10, Test Accuracy: 87.79%
2024-03-03 13:01:52,499:INFO:Epoch 11, Test Accuracy: 87.74%
2024-03-03 13:02:41,570:INFO:Epoch 12, Test Accuracy: 88.36%
2024-03-03 13:03:30,563:INFO:Epoch 13, Test Accuracy: 87.36%
2024-03-03 13:04:25,232:INFO:Epoch 14, Test Accuracy: 85.86%
2024-03-03 13:05:33,293:INFO:Epoch 15, Test Accuracy: 83.01%
2024-03-03 13:06:43,770:INFO:Epoch 16, Test Accuracy: 84.94%
2024-03-03 13:07:55,166:INFO:Epoch 17, Test Accuracy: 79.18%
2024-03-03 13:09:05,185:INFO:Epoch 18, Test Accuracy: 77.82%
2024-03-03 13:10:16,226:INFO:Epoch 19, Test Accuracy: 77.75%
2024-03-03 13:11:30,024:INFO:Epoch 20, Test Accuracy: 72.45%
2024-03-03 13:12:36,340:INFO:Epoch 21, Test Accuracy: 71.99%
2024-03-03 13:13:47,494:INFO:Epoch 22, Test Accuracy: 67.27%
2024-03-03 13:14:58,067:INFO:Epoch 23, Test Accuracy: 71.5%
2024-03-03 13:16:08,317:INFO:Epoch 24, Test Accuracy: 74.33%
2024-03-03 13:17:19,450:INFO:Epoch 25, Test Accuracy: 74.53%
2024-03-03 13:18:30,565:INFO:Epoch 26, Test Accuracy: 60.84%
2024-03-03 13:19:41,679:INFO:Epoch 27, Test Accuracy: 71.23%
2024-03-03 13:20:53,128:INFO:Epoch 28, Test Accuracy: 70.94%
2024-03-03 13:22:03,479:INFO:Epoch 29, Test Accuracy: 75.45%
2024-03-03 13:23:14,415:INFO:Epoch 30, Test Accuracy: 71.34%
2024-03-03 13:24:25,246:INFO:Epoch 31, Test Accuracy: 69.1%
2024-03-03 13:25:36,659:INFO:Epoch 32, Test Accuracy: 67.7%
2024-03-03 13:26:47,146:INFO:Epoch 33, Test Accuracy: 75.87%
2024-03-03 13:27:58,013:INFO:Epoch 34, Test Accuracy: 66.03%
2024-03-03 13:29:09,266:INFO:Epoch 35, Test Accuracy: 64.79%
2024-03-03 13:30:21,119:INFO:Epoch 36, Test Accuracy: 72.22%
2024-03-03 13:31:32,056:INFO:Epoch 37, Test Accuracy: 71.79%
2024-03-03 13:32:43,476:INFO:Epoch 38, Test Accuracy: 69.64%
2024-03-03 13:33:54,573:INFO:Epoch 39, Test Accuracy: 71.09%
2024-03-03 13:35:06,497:INFO:Epoch 40, Test Accuracy: 69.52%
2024-03-03 13:36:19,549:INFO:Epoch 41, Test Accuracy: 60.04%
2024-03-03 13:37:14,634:INFO:Epoch 42, Test Accuracy: 65.6%
2024-03-03 13:38:11,891:INFO:Epoch 43, Test Accuracy: 70.42%
2024-03-03 13:39:01,742:INFO:Epoch 44, Test Accuracy: 65.52%
2024-03-03 13:39:51,094:INFO:Epoch 45, Test Accuracy: 63.69%
2024-03-03 13:40:40,579:INFO:Epoch 46, Test Accuracy: 68.76%
2024-03-03 13:43:43,836:INFO:Training Configuration: batch_size=64, epochs=100, lr=0.01, weight_decay=1e-05, lambda1=0.01, hash_bits=64, model_name=resnet34, device=cuda
2024-03-03 13:43:53,581:INFO:Epoch 0, Test Accuracy: 9.5%
2024-03-03 13:43:57,736:INFO:Model saved with accuracy: 9.50%
2024-03-03 13:44:47,610:INFO:Epoch 1, Test Accuracy: 89.45%
2024-03-03 13:44:51,218:INFO:Model saved with accuracy: 89.45%
2024-03-03 13:45:40,527:INFO:Epoch 2, Test Accuracy: 90.95%
2024-03-03 13:45:43,930:INFO:Model saved with accuracy: 90.95%
2024-03-03 13:46:33,462:INFO:Epoch 3, Test Accuracy: 92.74%
2024-03-03 13:46:37,253:INFO:Model saved with accuracy: 92.74%
2024-03-03 13:47:26,445:INFO:Epoch 4, Test Accuracy: 92.82%
2024-03-03 13:47:29,926:INFO:Model saved with accuracy: 92.82%
2024-03-03 13:48:18,929:INFO:Epoch 5, Test Accuracy: 93.75%
2024-03-03 13:48:22,461:INFO:Model saved with accuracy: 93.75%
2024-03-03 13:49:11,781:INFO:Epoch 6, Test Accuracy: 92.79%
2024-03-03 13:50:00,786:INFO:Epoch 7, Test Accuracy: 93.47%
2024-03-03 13:50:50,065:INFO:Epoch 8, Test Accuracy: 93.51%
2024-03-03 13:51:39,477:INFO:Epoch 9, Test Accuracy: 93.79%
2024-03-03 13:51:42,755:INFO:Model saved with accuracy: 93.79%
2024-03-03 13:52:31,443:INFO:Epoch 10, Test Accuracy: 92.51%
2024-03-03 13:53:19,909:INFO:Epoch 11, Test Accuracy: 94.49%
2024-03-03 13:53:23,411:INFO:Model saved with accuracy: 94.49%
2024-03-03 13:54:12,593:INFO:Epoch 12, Test Accuracy: 94.17%
2024-03-03 13:55:01,391:INFO:Epoch 13, Test Accuracy: 94.53%
2024-03-03 13:55:04,614:INFO:Model saved with accuracy: 94.53%
2024-03-03 13:55:53,973:INFO:Epoch 14, Test Accuracy: 94.67%
2024-03-03 13:55:57,688:INFO:Model saved with accuracy: 94.67%
2024-03-03 13:56:46,671:INFO:Epoch 15, Test Accuracy: 94.76%
2024-03-03 13:56:50,520:INFO:Model saved with accuracy: 94.76%
2024-03-03 13:57:39,904:INFO:Epoch 16, Test Accuracy: 94.73%
2024-03-03 13:58:28,749:INFO:Epoch 17, Test Accuracy: 94.35%
2024-03-03 13:59:18,442:INFO:Epoch 18, Test Accuracy: 95.14%
2024-03-03 13:59:20,954:INFO:Model saved with accuracy: 95.14%
2024-03-03 14:00:10,211:INFO:Epoch 19, Test Accuracy: 94.99%
2024-03-03 14:00:59,649:INFO:Epoch 20, Test Accuracy: 95.03%
2024-03-03 14:01:48,762:INFO:Epoch 21, Test Accuracy: 94.64%
2024-03-03 14:02:38,341:INFO:Epoch 22, Test Accuracy: 94.89%
2024-03-03 14:03:28,560:INFO:Epoch 23, Test Accuracy: 95.13%
2024-03-03 14:04:18,074:INFO:Epoch 24, Test Accuracy: 94.48%
2024-03-03 14:05:08,340:INFO:Epoch 25, Test Accuracy: 95.16%
2024-03-03 14:05:12,401:INFO:Model saved with accuracy: 95.16%
2024-03-03 14:06:02,372:INFO:Epoch 26, Test Accuracy: 95.52%
2024-03-03 14:06:06,106:INFO:Model saved with accuracy: 95.52%
2024-03-03 14:06:55,877:INFO:Epoch 27, Test Accuracy: 94.83%
2024-03-03 14:07:45,670:INFO:Epoch 28, Test Accuracy: 94.82%
2024-03-03 14:08:35,570:INFO:Epoch 29, Test Accuracy: 95.36%
2024-03-03 14:09:25,764:INFO:Epoch 30, Test Accuracy: 95.27%
2024-03-03 14:10:15,864:INFO:Epoch 31, Test Accuracy: 95.12%
2024-03-03 14:11:05,950:INFO:Epoch 32, Test Accuracy: 95.48%
2024-03-03 14:11:56,113:INFO:Epoch 33, Test Accuracy: 94.85%
2024-03-03 14:12:45,501:INFO:Epoch 34, Test Accuracy: 95.27%
2024-03-03 14:13:35,420:INFO:Epoch 35, Test Accuracy: 95.45%
2024-03-03 14:14:24,992:INFO:Epoch 36, Test Accuracy: 95.21%
2024-03-03 14:15:14,408:INFO:Epoch 37, Test Accuracy: 95.64%
2024-03-03 14:15:18,156:INFO:Model saved with accuracy: 95.64%
2024-03-03 14:16:08,119:INFO:Epoch 38, Test Accuracy: 95.39%
2024-03-03 14:16:58,650:INFO:Epoch 39, Test Accuracy: 95.55%
2024-03-03 14:18:56,725:INFO:Training Configuration: batch_size=64, epochs=100, lr=0.01, weight_decay=1e-05, lambda1=0.01, hash_bits=64, model_name=resnet34, device=cuda
2024-03-03 14:19:04,752:INFO:Epoch 0, Test Accuracy: 11.6%
2024-03-03 14:19:08,610:INFO:Model saved with accuracy: 11.60%
2024-03-03 14:19:19,996:INFO:Training Configuration: batch_size=64, epochs=100, lr=0.01, weight_decay=1e-05, lambda1=0.01, hash_bits=64, model_name=resnet34, device=cuda
2024-03-03 14:19:28,746:INFO:Epoch 0, Test Accuracy: 9.64%
2024-03-03 14:19:32,592:INFO:Model saved with accuracy: 9.64%
2024-03-03 14:20:22,182:INFO:Epoch 1, Test Accuracy: 84.23%
2024-03-03 14:20:26,353:INFO:Model saved with accuracy: 84.23%
2024-03-03 14:21:16,622:INFO:Epoch 2, Test Accuracy: 86.47%
2024-03-03 14:21:18,778:INFO:Model saved with accuracy: 86.47%
2024-03-03 14:22:08,507:INFO:Epoch 3, Test Accuracy: 91.02%
2024-03-03 14:22:12,469:INFO:Model saved with accuracy: 91.02%
2024-03-03 14:23:02,216:INFO:Epoch 4, Test Accuracy: 92.96%
2024-03-03 14:23:05,218:INFO:Model saved with accuracy: 92.96%
2024-03-03 14:23:55,258:INFO:Epoch 5, Test Accuracy: 90.24%
2024-03-03 14:24:45,618:INFO:Epoch 6, Test Accuracy: 93.19%
2024-03-03 14:24:48,549:INFO:Model saved with accuracy: 93.19%
2024-03-03 14:25:38,053:INFO:Epoch 7, Test Accuracy: 92.95%
2024-03-03 14:26:28,144:INFO:Epoch 8, Test Accuracy: 93.29%
2024-03-03 14:26:31,529:INFO:Model saved with accuracy: 93.29%
2024-03-03 14:27:21,946:INFO:Epoch 9, Test Accuracy: 91.41%
2024-03-03 14:28:12,349:INFO:Epoch 10, Test Accuracy: 94.09%
2024-03-03 14:28:16,828:INFO:Model saved with accuracy: 94.09%
2024-03-03 14:29:06,854:INFO:Epoch 11, Test Accuracy: 93.95%
2024-03-03 14:29:57,243:INFO:Epoch 12, Test Accuracy: 94.02%
2024-03-03 14:30:47,328:INFO:Epoch 13, Test Accuracy: 93.74%
2024-03-03 14:31:37,515:INFO:Epoch 14, Test Accuracy: 93.59%
2024-03-03 14:32:27,622:INFO:Epoch 15, Test Accuracy: 94.08%
2024-03-03 14:33:17,438:INFO:Epoch 16, Test Accuracy: 85.33%
2024-03-03 14:34:07,828:INFO:Epoch 17, Test Accuracy: 94.54%
2024-03-03 14:34:11,549:INFO:Model saved with accuracy: 94.54%
2024-03-03 14:35:01,942:INFO:Epoch 18, Test Accuracy: 94.71%
2024-03-03 14:35:06,096:INFO:Model saved with accuracy: 94.71%
2024-03-03 14:35:55,056:INFO:Epoch 19, Test Accuracy: 94.47%
2024-03-03 14:36:45,020:INFO:Epoch 20, Test Accuracy: 94.26%
2024-03-03 14:37:34,810:INFO:Epoch 21, Test Accuracy: 94.74%
2024-03-03 14:37:38,539:INFO:Model saved with accuracy: 94.74%
2024-03-03 14:38:28,746:INFO:Epoch 22, Test Accuracy: 93.78%
2024-03-03 14:39:19,112:INFO:Epoch 23, Test Accuracy: 94.75%
2024-03-03 14:39:22,729:INFO:Model saved with accuracy: 94.75%
2024-03-03 14:40:12,629:INFO:Epoch 24, Test Accuracy: 87.44%
2024-03-03 14:41:02,801:INFO:Epoch 25, Test Accuracy: 95.23%
2024-03-03 14:41:06,469:INFO:Model saved with accuracy: 95.23%
2024-03-03 14:41:55,799:INFO:Epoch 26, Test Accuracy: 94.12%
2024-03-03 14:42:45,002:INFO:Epoch 27, Test Accuracy: 94.76%
2024-03-03 14:43:34,740:INFO:Epoch 28, Test Accuracy: 94.92%
2024-03-03 14:44:24,229:INFO:Epoch 29, Test Accuracy: 94.07%
2024-03-03 14:45:13,326:INFO:Epoch 30, Test Accuracy: 94.99%
2024-03-03 14:46:02,603:INFO:Epoch 31, Test Accuracy: 94.35%
2024-03-03 14:46:52,401:INFO:Epoch 32, Test Accuracy: 94.59%
2024-03-03 14:47:41,787:INFO:Epoch 33, Test Accuracy: 94.95%
2024-03-03 14:48:31,162:INFO:Epoch 34, Test Accuracy: 94.86%
2024-03-03 14:49:20,409:INFO:Epoch 35, Test Accuracy: 94.71%
2024-03-03 14:50:09,190:INFO:Epoch 36, Test Accuracy: 95.08%
2024-03-03 14:50:58,098:INFO:Epoch 37, Test Accuracy: 94.72%
2024-03-03 14:51:47,074:INFO:Epoch 38, Test Accuracy: 95.13%
2024-03-03 14:52:36,332:INFO:Epoch 39, Test Accuracy: 95.07%
2024-03-03 14:53:25,879:INFO:Epoch 40, Test Accuracy: 95.47%
2024-03-03 14:53:29,835:INFO:Model saved with accuracy: 95.47%
2024-03-03 14:54:19,061:INFO:Epoch 41, Test Accuracy: 95.32%
2024-03-03 14:55:08,244:INFO:Epoch 42, Test Accuracy: 95.24%
2024-03-03 14:55:57,839:INFO:Epoch 43, Test Accuracy: 95.25%
2024-03-03 14:56:47,181:INFO:Epoch 44, Test Accuracy: 95.13%
2024-03-03 14:57:36,693:INFO:Epoch 45, Test Accuracy: 95.24%
2024-03-03 14:58:26,370:INFO:Epoch 46, Test Accuracy: 95.55%
2024-03-03 14:58:29,552:INFO:Model saved with accuracy: 95.55%
2024-03-03 14:59:18,940:INFO:Epoch 47, Test Accuracy: 95.34%
2024-03-03 15:00:08,507:INFO:Epoch 48, Test Accuracy: 94.48%
2024-03-03 15:00:58,267:INFO:Epoch 49, Test Accuracy: 94.93%
2024-03-03 15:01:47,782:INFO:Epoch 50, Test Accuracy: 95.23%
2024-03-03 15:02:37,160:INFO:Epoch 51, Test Accuracy: 95.54%
2024-03-03 15:03:26,632:INFO:Epoch 52, Test Accuracy: 95.45%
2024-03-03 15:04:16,248:INFO:Epoch 53, Test Accuracy: 95.49%
2024-03-03 15:05:06,809:INFO:Epoch 54, Test Accuracy: 95.45%
