2024-03-01 15:42:27,951:INFO:Training Configuration: batch_size=128, epochs=100, lr=0.01, weight_decay=1e-05, lambda1=0.01, hash_bits=64, model_name=resnet34, device=cuda
2024-03-01 15:42:46,612:INFO:Epoch 0, Test Accuracy: 9.76%
2024-03-01 15:42:50,440:INFO:Model saved with accuracy: 9.76%
2024-03-01 15:44:43,854:INFO:Epoch 1, Test Accuracy: 87.97%
2024-03-01 15:44:48,018:INFO:Model saved with accuracy: 87.97%
2024-03-01 15:46:40,806:INFO:Epoch 2, Test Accuracy: 92.39%
2024-03-01 15:46:43,948:INFO:Model saved with accuracy: 92.39%
2024-03-01 15:48:35,986:INFO:Epoch 3, Test Accuracy: 92.65%
2024-03-01 15:48:39,455:INFO:Model saved with accuracy: 92.65%
2024-03-01 15:50:29,658:INFO:Epoch 4, Test Accuracy: 93.69%
2024-03-01 15:50:33,062:INFO:Model saved with accuracy: 93.69%
2024-03-01 15:52:19,165:INFO:Epoch 5, Test Accuracy: 93.62%
2024-03-01 15:54:03,474:INFO:Epoch 6, Test Accuracy: 94.38%
2024-03-01 15:54:07,047:INFO:Model saved with accuracy: 94.38%
2024-03-01 15:55:52,066:INFO:Epoch 7, Test Accuracy: 93.64%
2024-03-01 15:57:39,046:INFO:Epoch 8, Test Accuracy: 94.71%
2024-03-01 15:57:42,309:INFO:Model saved with accuracy: 94.71%
2024-03-01 15:59:29,849:INFO:Epoch 9, Test Accuracy: 94.04%
2024-03-01 16:01:16,157:INFO:Epoch 10, Test Accuracy: 94.71%
2024-03-01 16:03:05,851:INFO:Epoch 11, Test Accuracy: 94.5%
2024-03-01 16:04:54,814:INFO:Epoch 12, Test Accuracy: 94.69%
2024-03-01 16:06:40,875:INFO:Epoch 13, Test Accuracy: 93.84%
2024-03-01 16:08:27,223:INFO:Epoch 14, Test Accuracy: 94.03%
2024-03-01 16:10:12,359:INFO:Epoch 15, Test Accuracy: 94.56%
2024-03-01 16:12:00,598:INFO:Epoch 16, Test Accuracy: 95.24%
2024-03-01 16:12:03,806:INFO:Model saved with accuracy: 95.24%
2024-03-01 16:13:52,375:INFO:Epoch 17, Test Accuracy: 94.9%
2024-03-01 16:15:42,389:INFO:Epoch 18, Test Accuracy: 95.02%
2024-03-01 16:17:29,638:INFO:Epoch 19, Test Accuracy: 94.86%
2024-03-01 16:19:17,003:INFO:Epoch 20, Test Accuracy: 94.65%
2024-03-01 16:21:06,575:INFO:Epoch 21, Test Accuracy: 94.58%
2024-03-01 16:22:53,724:INFO:Epoch 22, Test Accuracy: 95.47%
2024-03-01 16:22:57,305:INFO:Model saved with accuracy: 95.47%
2024-03-01 16:24:46,053:INFO:Epoch 23, Test Accuracy: 95.3%
2024-03-01 16:26:33,463:INFO:Epoch 24, Test Accuracy: 94.25%
2024-03-01 16:28:21,594:INFO:Epoch 25, Test Accuracy: 92.79%
2024-03-01 16:30:10,180:INFO:Epoch 26, Test Accuracy: 94.49%
2024-03-01 16:31:58,805:INFO:Epoch 27, Test Accuracy: 95.04%
2024-03-01 16:33:46,630:INFO:Epoch 28, Test Accuracy: 95.06%
2024-03-01 16:35:35,577:INFO:Epoch 29, Test Accuracy: 94.35%
2024-03-01 16:37:24,026:INFO:Epoch 30, Test Accuracy: 94.36%
2024-03-01 16:39:14,279:INFO:Epoch 31, Test Accuracy: 95.15%
2024-03-01 16:41:02,661:INFO:Epoch 32, Test Accuracy: 94.12%
2024-03-01 16:42:50,037:INFO:Epoch 33, Test Accuracy: 95.34%
2024-03-01 16:44:38,844:INFO:Epoch 34, Test Accuracy: 94.33%
2024-03-01 16:46:23,849:INFO:Epoch 35, Test Accuracy: 94.75%
2024-03-01 16:48:09,817:INFO:Epoch 36, Test Accuracy: 93.64%
2024-03-01 16:49:49,053:INFO:Epoch 37, Test Accuracy: 94.82%
2024-03-01 16:51:31,577:INFO:Epoch 38, Test Accuracy: 95.27%
2024-03-01 16:53:14,889:INFO:Epoch 39, Test Accuracy: 95.09%
2024-03-01 16:54:58,589:INFO:Epoch 40, Test Accuracy: 95.46%
2024-03-01 16:56:40,141:INFO:Epoch 41, Test Accuracy: 95.37%
2024-03-01 16:58:24,979:INFO:Epoch 42, Test Accuracy: 95.58%
2024-03-01 16:58:27,519:INFO:Model saved with accuracy: 95.58%
2024-03-01 17:00:09,917:INFO:Epoch 43, Test Accuracy: 95.79%
2024-03-01 17:00:13,921:INFO:Model saved with accuracy: 95.79%
2024-03-01 17:02:01,241:INFO:Epoch 44, Test Accuracy: 95.8%
2024-03-01 17:02:04,781:INFO:Model saved with accuracy: 95.80%
2024-03-01 17:03:55,112:INFO:Epoch 45, Test Accuracy: 95.85%
2024-03-01 17:04:01,283:INFO:Model saved with accuracy: 95.85%
2024-03-01 17:05:48,995:INFO:Epoch 46, Test Accuracy: 95.86%
2024-03-01 17:05:52,895:INFO:Model saved with accuracy: 95.86%
2024-03-01 17:07:36,704:INFO:Epoch 47, Test Accuracy: 95.88%
2024-03-01 17:07:40,160:INFO:Model saved with accuracy: 95.88%
2024-03-01 17:09:26,629:INFO:Epoch 48, Test Accuracy: 95.89%
2024-03-01 17:09:30,746:INFO:Model saved with accuracy: 95.89%
2024-03-01 17:11:16,091:INFO:Epoch 49, Test Accuracy: 95.89%
2024-03-01 17:13:02,061:INFO:Epoch 50, Test Accuracy: 95.91%
2024-03-01 17:13:05,854:INFO:Model saved with accuracy: 95.91%
2024-03-01 17:14:54,245:INFO:Epoch 51, Test Accuracy: 95.91%
2024-03-01 17:16:42,995:INFO:Epoch 52, Test Accuracy: 95.93%
2024-03-01 17:16:46,363:INFO:Model saved with accuracy: 95.93%
2024-03-01 17:18:30,171:INFO:Epoch 53, Test Accuracy: 95.94%
2024-03-01 17:18:33,734:INFO:Model saved with accuracy: 95.94%
2024-03-01 17:20:19,235:INFO:Epoch 54, Test Accuracy: 95.96%
2024-03-01 17:20:22,257:INFO:Model saved with accuracy: 95.96%
2024-03-01 17:22:11,276:INFO:Epoch 55, Test Accuracy: 95.94%
2024-03-01 17:23:58,364:INFO:Epoch 56, Test Accuracy: 95.94%
2024-03-01 17:25:41,089:INFO:Epoch 57, Test Accuracy: 95.94%
2024-03-01 17:27:27,651:INFO:Epoch 58, Test Accuracy: 95.93%
2024-03-01 17:29:09,221:INFO:Epoch 59, Test Accuracy: 95.93%
2024-03-01 17:30:53,192:INFO:Epoch 60, Test Accuracy: 95.92%
2024-03-01 17:32:37,274:INFO:Epoch 61, Test Accuracy: 95.92%
2024-03-01 17:34:22,549:INFO:Epoch 62, Test Accuracy: 95.93%
2024-03-01 17:36:00,967:INFO:Epoch 63, Test Accuracy: 95.93%
2024-03-01 17:37:42,788:INFO:Epoch 64, Test Accuracy: 95.94%
2024-03-01 17:39:22,535:INFO:Epoch 65, Test Accuracy: 95.94%
2024-03-01 17:41:03,908:INFO:Epoch 66, Test Accuracy: 95.94%
2024-03-01 17:42:44,838:INFO:Epoch 67, Test Accuracy: 95.95%
2024-03-01 17:44:31,592:INFO:Epoch 68, Test Accuracy: 95.95%
2024-03-01 17:46:16,209:INFO:Epoch 69, Test Accuracy: 95.95%
2024-03-01 17:47:57,960:INFO:Epoch 70, Test Accuracy: 95.95%
2024-03-01 17:49:42,888:INFO:Epoch 71, Test Accuracy: 95.95%
2024-03-01 17:51:23,060:INFO:Epoch 72, Test Accuracy: 95.96%
2024-03-01 17:53:04,077:INFO:Epoch 73, Test Accuracy: 95.95%
2024-03-01 17:54:47,065:INFO:Epoch 74, Test Accuracy: 95.95%
2024-03-01 17:56:31,314:INFO:Epoch 75, Test Accuracy: 95.95%
2024-03-01 17:58:18,799:INFO:Epoch 76, Test Accuracy: 95.95%
2024-03-01 18:00:05,201:INFO:Epoch 77, Test Accuracy: 95.95%
2024-03-01 18:01:51,614:INFO:Epoch 78, Test Accuracy: 95.94%
2024-03-01 18:03:35,997:INFO:Epoch 79, Test Accuracy: 95.94%
2024-03-01 18:05:20,270:INFO:Epoch 80, Test Accuracy: 95.94%
2024-03-01 18:07:05,493:INFO:Epoch 81, Test Accuracy: 95.94%
2024-03-01 18:08:52,076:INFO:Epoch 82, Test Accuracy: 95.92%
2024-03-01 18:10:33,261:INFO:Epoch 83, Test Accuracy: 95.93%
2024-03-01 18:12:16,505:INFO:Epoch 84, Test Accuracy: 95.93%
2024-03-01 18:14:01,674:INFO:Epoch 85, Test Accuracy: 95.93%
2024-03-01 18:15:45,468:INFO:Epoch 86, Test Accuracy: 95.92%
2024-03-01 18:17:32,092:INFO:Epoch 87, Test Accuracy: 95.93%
2024-03-01 18:19:15,785:INFO:Epoch 88, Test Accuracy: 95.92%
2024-03-01 18:21:05,560:INFO:Epoch 89, Test Accuracy: 95.92%
2024-03-01 18:22:54,080:INFO:Epoch 90, Test Accuracy: 95.92%
2024-03-01 18:24:42,213:INFO:Epoch 91, Test Accuracy: 95.92%
2024-03-01 18:26:22,846:INFO:Epoch 92, Test Accuracy: 95.92%
2024-03-01 18:28:09,462:INFO:Epoch 93, Test Accuracy: 95.92%
2024-03-01 18:29:54,484:INFO:Epoch 94, Test Accuracy: 95.92%
2024-03-01 18:31:41,406:INFO:Epoch 95, Test Accuracy: 95.92%
2024-03-01 18:33:27,776:INFO:Epoch 96, Test Accuracy: 95.92%
2024-03-01 18:35:12,028:INFO:Epoch 97, Test Accuracy: 95.92%
2024-03-01 18:36:52,134:INFO:Epoch 98, Test Accuracy: 95.92%
2024-03-01 18:38:36,342:INFO:Epoch 99, Test Accuracy: 95.93%
2024-03-01 18:40:08,472:INFO:Finished Training with noise_rate: clean_label
2024-03-01 18:40:08,472:INFO:Epoch accuracies with noise_rate clean_label: [9.76, 87.97, 92.39, 92.65, 93.69, 93.62, 94.38, 93.64, 94.71, 94.04, 94.71, 94.5, 94.69, 93.84, 94.03, 94.56, 95.24, 94.9, 95.02, 94.86, 94.65, 94.58, 95.47, 95.3, 94.25, 92.79, 94.49, 95.04, 95.06, 94.35, 94.36, 95.15, 94.12, 95.34, 94.33, 94.75, 93.64, 94.82, 95.27, 95.09, 95.46, 95.37, 95.58, 95.79, 95.8, 95.85, 95.86, 95.88, 95.89, 95.89, 95.91, 95.91, 95.93, 95.94, 95.96, 95.94, 95.94, 95.94, 95.93, 95.93, 95.92, 95.92, 95.93, 95.93, 95.94, 95.94, 95.94, 95.95, 95.95, 95.95, 95.95, 95.95, 95.96, 95.95, 95.95, 95.95, 95.95, 95.95, 95.94, 95.94, 95.94, 95.94, 95.92, 95.93, 95.93, 95.93, 95.92, 95.93, 95.92, 95.92, 95.92, 95.92, 95.92, 95.92, 95.92, 95.92, 95.92, 95.92, 95.92, 95.93]
2024-03-01 18:40:24,821:INFO:Epoch 0, Test Accuracy: 10.0%
2024-03-01 18:40:25,005:INFO:Model saved with accuracy: 10.00%
2024-03-01 18:42:06,976:INFO:Epoch 1, Test Accuracy: 86.42%
2024-03-01 18:42:09,254:INFO:Model saved with accuracy: 86.42%
2024-03-01 18:43:55,839:INFO:Epoch 2, Test Accuracy: 83.04%
2024-03-01 18:45:38,989:INFO:Epoch 3, Test Accuracy: 86.71%
2024-03-01 18:45:42,573:INFO:Model saved with accuracy: 86.71%
2024-03-01 18:47:26,975:INFO:Epoch 4, Test Accuracy: 86.66%
2024-03-01 18:49:08,884:INFO:Epoch 5, Test Accuracy: 83.05%
2024-03-01 18:50:54,717:INFO:Epoch 6, Test Accuracy: 81.36%
2024-03-01 18:52:41,000:INFO:Epoch 7, Test Accuracy: 82.58%
2024-03-01 18:54:24,799:INFO:Epoch 8, Test Accuracy: 76.86%
2024-03-01 18:56:06,253:INFO:Epoch 9, Test Accuracy: 80.23%
2024-03-01 18:57:52,629:INFO:Epoch 10, Test Accuracy: 78.96%
2024-03-01 18:59:35,419:INFO:Epoch 11, Test Accuracy: 76.77%
2024-03-01 19:01:22,010:INFO:Epoch 12, Test Accuracy: 77.4%
2024-03-01 19:03:07,543:INFO:Epoch 13, Test Accuracy: 74.42%
2024-03-01 19:04:50,753:INFO:Epoch 14, Test Accuracy: 71.34%
2024-03-01 19:06:35,175:INFO:Epoch 15, Test Accuracy: 74.06%
2024-03-01 19:08:21,297:INFO:Epoch 16, Test Accuracy: 73.24%
2024-03-01 19:10:06,476:INFO:Epoch 17, Test Accuracy: 73.73%
2024-03-01 19:11:47,255:INFO:Epoch 18, Test Accuracy: 70.45%
2024-03-01 19:13:39,764:INFO:Epoch 19, Test Accuracy: 71.98%
2024-03-01 19:15:29,829:INFO:Epoch 20, Test Accuracy: 68.46%
2024-03-01 19:17:22,059:INFO:Epoch 21, Test Accuracy: 67.03%
2024-03-01 19:19:16,106:INFO:Epoch 22, Test Accuracy: 69.28%
2024-03-01 19:21:07,459:INFO:Epoch 23, Test Accuracy: 70.85%
2024-03-01 19:22:51,006:INFO:Epoch 24, Test Accuracy: 70.21%
2024-03-01 19:24:30,171:INFO:Epoch 25, Test Accuracy: 68.81%
2024-03-01 19:26:08,662:INFO:Epoch 26, Test Accuracy: 67.25%
2024-03-01 19:27:56,640:INFO:Epoch 27, Test Accuracy: 70.38%
2024-03-01 19:29:46,689:INFO:Epoch 28, Test Accuracy: 66.96%
2024-03-01 19:31:39,062:INFO:Epoch 29, Test Accuracy: 70.7%
2024-03-01 19:33:28,810:INFO:Epoch 30, Test Accuracy: 68.73%
2024-03-01 19:35:19,928:INFO:Epoch 31, Test Accuracy: 67.12%
2024-03-01 19:37:12,621:INFO:Epoch 32, Test Accuracy: 67.55%
2024-03-01 19:39:01,477:INFO:Epoch 33, Test Accuracy: 68.74%
2024-03-01 19:40:53,406:INFO:Epoch 34, Test Accuracy: 69.51%
2024-03-01 19:42:45,986:INFO:Epoch 35, Test Accuracy: 69.55%
2024-03-01 19:44:31,333:INFO:Epoch 36, Test Accuracy: 69.05%
