2024-02-29 23:57:40,427:INFO:Training Configuration: batch_size=64, epochs=100, lr=0.01, weight_decay=1e-05, lambda1=0.01, hash_bits=64, model_name=resnet34, device=cuda
2024-02-29 23:57:57,315:INFO:Epoch 0, Test Accuracy: 14.46%
2024-02-29 23:58:01,895:INFO:Model saved with accuracy: 14.46%
2024-02-29 23:59:54,019:INFO:Epoch 1, Test Accuracy: 91.65%
2024-02-29 23:59:57,007:INFO:Model saved with accuracy: 91.65%
2024-03-01 00:01:48,200:INFO:Epoch 2, Test Accuracy: 92.37%
2024-03-01 00:01:51,564:INFO:Model saved with accuracy: 92.37%
2024-03-01 00:03:41,463:INFO:Epoch 3, Test Accuracy: 92.41%
2024-03-01 00:03:45,163:INFO:Model saved with accuracy: 92.41%
2024-03-01 00:05:35,375:INFO:Epoch 4, Test Accuracy: 91.82%
2024-03-01 00:07:24,463:INFO:Epoch 5, Test Accuracy: 94.1%
2024-03-01 00:07:27,251:INFO:Model saved with accuracy: 94.10%
2024-03-01 00:09:13,027:INFO:Epoch 6, Test Accuracy: 93.74%
2024-03-01 00:10:59,726:INFO:Epoch 7, Test Accuracy: 94.26%
2024-03-01 00:11:03,384:INFO:Model saved with accuracy: 94.26%
2024-03-01 00:12:50,378:INFO:Epoch 8, Test Accuracy: 94.08%
2024-03-01 00:14:41,272:INFO:Epoch 9, Test Accuracy: 94.28%
2024-03-01 00:14:45,200:INFO:Model saved with accuracy: 94.28%
2024-03-01 00:16:32,676:INFO:Epoch 10, Test Accuracy: 94.49%
2024-03-01 00:16:36,042:INFO:Model saved with accuracy: 94.49%
2024-03-01 00:18:21,657:INFO:Epoch 11, Test Accuracy: 93.8%
2024-03-01 00:20:08,169:INFO:Epoch 12, Test Accuracy: 94.66%
2024-03-01 00:20:11,007:INFO:Model saved with accuracy: 94.66%
2024-03-01 00:21:58,555:INFO:Epoch 13, Test Accuracy: 93.82%
2024-03-01 00:23:46,951:INFO:Epoch 14, Test Accuracy: 94.56%
2024-03-01 00:25:32,815:INFO:Epoch 15, Test Accuracy: 94.9%
2024-03-01 00:25:36,221:INFO:Model saved with accuracy: 94.90%
2024-03-01 00:27:24,170:INFO:Epoch 16, Test Accuracy: 94.25%
2024-03-01 00:29:08,816:INFO:Epoch 17, Test Accuracy: 94.26%
2024-03-01 00:30:57,403:INFO:Epoch 18, Test Accuracy: 93.97%
2024-03-01 00:32:46,433:INFO:Epoch 19, Test Accuracy: 94.89%
2024-03-01 00:34:34,267:INFO:Epoch 20, Test Accuracy: 94.83%
2024-03-01 00:36:21,507:INFO:Epoch 21, Test Accuracy: 94.61%
2024-03-01 00:38:08,056:INFO:Epoch 22, Test Accuracy: 94.75%
2024-03-01 00:39:53,928:INFO:Epoch 23, Test Accuracy: 94.92%
2024-03-01 00:39:57,599:INFO:Model saved with accuracy: 94.92%
2024-03-01 00:41:45,412:INFO:Epoch 24, Test Accuracy: 94.27%
2024-03-01 00:43:32,284:INFO:Epoch 25, Test Accuracy: 95.07%
2024-03-01 00:43:35,381:INFO:Model saved with accuracy: 95.07%
2024-03-01 00:45:24,081:INFO:Epoch 26, Test Accuracy: 95.33%
2024-03-01 00:45:26,996:INFO:Model saved with accuracy: 95.33%
2024-03-01 00:47:12,138:INFO:Epoch 27, Test Accuracy: 94.44%
2024-03-01 00:49:00,000:INFO:Epoch 28, Test Accuracy: 93.28%
2024-03-01 00:50:45,411:INFO:Epoch 29, Test Accuracy: 94.01%
2024-03-01 00:52:33,781:INFO:Epoch 30, Test Accuracy: 94.36%
2024-03-01 00:54:22,135:INFO:Epoch 31, Test Accuracy: 94.76%
2024-03-01 00:56:11,199:INFO:Epoch 32, Test Accuracy: 95.41%
2024-03-01 00:56:14,091:INFO:Model saved with accuracy: 95.41%
2024-03-01 00:58:00,638:INFO:Epoch 33, Test Accuracy: 95.65%
2024-03-01 00:58:06,483:INFO:Model saved with accuracy: 95.65%
2024-03-01 00:59:58,041:INFO:Epoch 34, Test Accuracy: 95.61%
2024-03-01 01:01:46,132:INFO:Epoch 35, Test Accuracy: 95.73%
2024-03-01 01:01:49,542:INFO:Model saved with accuracy: 95.73%
2024-03-01 01:03:34,006:INFO:Epoch 36, Test Accuracy: 95.75%
2024-03-01 01:03:37,177:INFO:Model saved with accuracy: 95.75%
2024-03-01 01:05:26,920:INFO:Epoch 37, Test Accuracy: 95.78%
2024-03-01 01:05:29,636:INFO:Model saved with accuracy: 95.78%
2024-03-01 01:07:19,765:INFO:Epoch 38, Test Accuracy: 95.77%
2024-03-01 01:09:06,585:INFO:Epoch 39, Test Accuracy: 95.78%
2024-03-01 01:10:54,090:INFO:Epoch 40, Test Accuracy: 95.76%
2024-03-01 01:12:40,599:INFO:Epoch 41, Test Accuracy: 95.75%
2024-03-01 01:14:28,220:INFO:Epoch 42, Test Accuracy: 95.77%
2024-03-01 01:16:13,498:INFO:Epoch 43, Test Accuracy: 95.77%
2024-03-01 01:17:59,234:INFO:Epoch 44, Test Accuracy: 95.77%
2024-03-01 01:19:41,931:INFO:Epoch 45, Test Accuracy: 95.77%
2024-03-01 01:21:27,400:INFO:Epoch 46, Test Accuracy: 95.77%
2024-03-01 01:23:09,921:INFO:Epoch 47, Test Accuracy: 95.76%
2024-03-01 01:24:54,217:INFO:Epoch 48, Test Accuracy: 95.76%
2024-03-01 01:26:39,972:INFO:Epoch 49, Test Accuracy: 95.74%
2024-03-01 01:28:26,245:INFO:Epoch 50, Test Accuracy: 95.76%
2024-03-01 01:30:06,892:INFO:Epoch 51, Test Accuracy: 95.76%
2024-03-01 01:31:52,253:INFO:Epoch 52, Test Accuracy: 95.75%
2024-03-01 01:33:40,626:INFO:Epoch 53, Test Accuracy: 95.75%
2024-03-01 01:35:25,541:INFO:Epoch 54, Test Accuracy: 95.75%
2024-03-01 01:37:14,509:INFO:Epoch 55, Test Accuracy: 95.76%
2024-03-01 01:38:58,813:INFO:Epoch 56, Test Accuracy: 95.76%
2024-03-01 01:40:48,080:INFO:Epoch 57, Test Accuracy: 95.77%
2024-03-01 01:42:34,131:INFO:Epoch 58, Test Accuracy: 95.77%
2024-03-01 01:44:16,204:INFO:Epoch 59, Test Accuracy: 95.77%
2024-03-01 01:45:58,509:INFO:Epoch 60, Test Accuracy: 95.77%
2024-03-01 01:47:37,890:INFO:Epoch 61, Test Accuracy: 95.76%
2024-03-01 01:49:17,086:INFO:Epoch 62, Test Accuracy: 95.77%
2024-03-01 01:50:58,489:INFO:Epoch 63, Test Accuracy: 95.76%
2024-03-01 01:52:38,825:INFO:Epoch 64, Test Accuracy: 95.77%
2024-03-01 01:54:17,623:INFO:Epoch 65, Test Accuracy: 95.76%
2024-03-01 01:55:57,101:INFO:Epoch 66, Test Accuracy: 95.75%
2024-03-01 01:57:42,313:INFO:Epoch 67, Test Accuracy: 95.75%
2024-03-01 01:59:24,925:INFO:Epoch 68, Test Accuracy: 95.75%
2024-03-01 02:01:11,824:INFO:Epoch 69, Test Accuracy: 95.75%
2024-03-01 02:02:59,985:INFO:Epoch 70, Test Accuracy: 95.75%
2024-03-01 02:04:39,676:INFO:Epoch 71, Test Accuracy: 95.75%
2024-03-01 02:06:24,140:INFO:Epoch 72, Test Accuracy: 95.75%
2024-03-01 02:08:05,167:INFO:Epoch 73, Test Accuracy: 95.76%
2024-03-01 02:09:51,088:INFO:Epoch 74, Test Accuracy: 95.76%
2024-03-01 02:11:33,922:INFO:Epoch 75, Test Accuracy: 95.76%
2024-03-01 02:13:20,112:INFO:Epoch 76, Test Accuracy: 95.78%
2024-03-01 02:14:59,396:INFO:Epoch 77, Test Accuracy: 95.78%
2024-03-01 02:16:34,781:INFO:Epoch 78, Test Accuracy: 95.79%
2024-03-01 02:16:37,826:INFO:Model saved with accuracy: 95.79%
2024-03-01 02:18:21,939:INFO:Epoch 79, Test Accuracy: 95.78%
2024-03-01 02:20:12,135:INFO:Epoch 80, Test Accuracy: 95.78%
2024-03-01 02:21:54,215:INFO:Epoch 81, Test Accuracy: 95.77%
2024-03-01 02:23:38,672:INFO:Epoch 82, Test Accuracy: 95.77%
2024-03-01 02:25:26,193:INFO:Epoch 83, Test Accuracy: 95.77%
2024-03-01 02:27:05,400:INFO:Epoch 84, Test Accuracy: 95.78%
2024-03-01 02:28:44,728:INFO:Epoch 85, Test Accuracy: 95.78%
2024-03-01 02:30:30,557:INFO:Epoch 86, Test Accuracy: 95.79%
2024-03-01 02:32:10,679:INFO:Epoch 87, Test Accuracy: 95.79%
2024-03-01 02:33:53,294:INFO:Epoch 88, Test Accuracy: 95.79%
2024-03-01 02:35:34,978:INFO:Epoch 89, Test Accuracy: 95.79%
2024-03-01 02:37:17,184:INFO:Epoch 90, Test Accuracy: 95.79%
2024-03-01 02:38:52,442:INFO:Epoch 91, Test Accuracy: 95.79%
2024-03-01 02:40:36,453:INFO:Epoch 92, Test Accuracy: 95.79%
2024-03-01 02:42:21,342:INFO:Epoch 93, Test Accuracy: 95.79%
2024-03-01 02:44:06,465:INFO:Epoch 94, Test Accuracy: 95.79%
2024-03-01 02:45:47,150:INFO:Epoch 95, Test Accuracy: 95.79%
2024-03-01 02:47:31,430:INFO:Epoch 96, Test Accuracy: 95.79%
2024-03-01 02:49:08,205:INFO:Epoch 97, Test Accuracy: 95.79%
2024-03-01 02:50:52,637:INFO:Epoch 98, Test Accuracy: 95.79%
2024-03-01 02:52:39,907:INFO:Epoch 99, Test Accuracy: 95.78%
2024-03-01 02:54:08,038:INFO:Finished Training with noise_rate: 0.0
2024-03-01 02:54:08,038:INFO:Epoch accuracies with noise_rate 0.0: [14.46, 91.65, 92.37, 92.41, 91.82, 94.1, 93.74, 94.26, 94.08, 94.28, 94.49, 93.8, 94.66, 93.82, 94.56, 94.9, 94.25, 94.26, 93.97, 94.89, 94.83, 94.61, 94.75, 94.92, 94.27, 95.07, 95.33, 94.44, 93.28, 94.01, 94.36, 94.76, 95.41, 95.65, 95.61, 95.73, 95.75, 95.78, 95.77, 95.78, 95.76, 95.75, 95.77, 95.77, 95.77, 95.77, 95.77, 95.76, 95.76, 95.74, 95.76, 95.76, 95.75, 95.75, 95.75, 95.76, 95.76, 95.77, 95.77, 95.77, 95.77, 95.76, 95.77, 95.76, 95.77, 95.76, 95.75, 95.75, 95.75, 95.75, 95.75, 95.75, 95.75, 95.76, 95.76, 95.76, 95.78, 95.78, 95.79, 95.78, 95.78, 95.77, 95.77, 95.77, 95.78, 95.78, 95.79, 95.79, 95.79, 95.79, 95.79, 95.79, 95.79, 95.79, 95.79, 95.79, 95.79, 95.79, 95.79, 95.78]
2024-03-01 02:54:23,336:INFO:Epoch 0, Test Accuracy: 9.68%
2024-03-01 02:54:23,580:INFO:Model saved with accuracy: 9.68%
2024-03-01 02:56:08,556:INFO:Epoch 1, Test Accuracy: 88.64%
2024-03-01 02:56:11,889:INFO:Model saved with accuracy: 88.64%
2024-03-01 02:57:59,341:INFO:Epoch 2, Test Accuracy: 91.39%
2024-03-01 02:58:04,983:INFO:Model saved with accuracy: 91.39%
2024-03-01 02:59:53,620:INFO:Epoch 3, Test Accuracy: 92.39%
2024-03-01 02:59:57,029:INFO:Model saved with accuracy: 92.39%
2024-03-01 03:01:44,657:INFO:Epoch 4, Test Accuracy: 93.64%
2024-03-01 03:01:48,611:INFO:Model saved with accuracy: 93.64%
2024-03-01 03:03:36,414:INFO:Epoch 5, Test Accuracy: 93.61%
2024-03-01 03:05:16,865:INFO:Epoch 6, Test Accuracy: 94.34%
2024-03-01 03:05:20,368:INFO:Model saved with accuracy: 94.34%
2024-03-01 03:07:10,245:INFO:Epoch 7, Test Accuracy: 94.65%
2024-03-01 03:07:13,430:INFO:Model saved with accuracy: 94.65%
2024-03-01 03:09:03,292:INFO:Epoch 8, Test Accuracy: 93.9%
2024-03-01 03:10:50,170:INFO:Epoch 9, Test Accuracy: 94.28%
2024-03-01 03:12:32,456:INFO:Epoch 10, Test Accuracy: 94.47%
2024-03-01 03:14:12,296:INFO:Epoch 11, Test Accuracy: 93.39%
2024-03-01 03:15:58,635:INFO:Epoch 12, Test Accuracy: 94.85%
2024-03-01 03:16:02,632:INFO:Model saved with accuracy: 94.85%
2024-03-01 03:17:44,684:INFO:Epoch 13, Test Accuracy: 94.37%
2024-03-01 03:19:23,445:INFO:Epoch 14, Test Accuracy: 95.21%
2024-03-01 03:19:26,521:INFO:Model saved with accuracy: 95.21%
2024-03-01 03:21:12,619:INFO:Epoch 15, Test Accuracy: 94.13%
2024-03-01 03:22:53,307:INFO:Epoch 16, Test Accuracy: 95.1%
2024-03-01 03:24:34,352:INFO:Epoch 17, Test Accuracy: 95.09%
2024-03-01 03:26:13,587:INFO:Epoch 18, Test Accuracy: 95.36%
2024-03-01 03:26:17,138:INFO:Model saved with accuracy: 95.36%
2024-03-01 03:28:02,231:INFO:Epoch 19, Test Accuracy: 94.52%
2024-03-01 03:29:43,706:INFO:Epoch 20, Test Accuracy: 94.64%
2024-03-01 03:31:24,358:INFO:Epoch 21, Test Accuracy: 95.65%
2024-03-01 03:31:26,727:INFO:Model saved with accuracy: 95.65%
2024-03-01 03:33:13,286:INFO:Epoch 22, Test Accuracy: 95.08%
2024-03-01 03:34:56,374:INFO:Epoch 23, Test Accuracy: 94.72%
2024-03-01 03:36:39,269:INFO:Epoch 24, Test Accuracy: 94.98%
2024-03-01 03:38:20,538:INFO:Epoch 25, Test Accuracy: 94.96%
2024-03-01 03:39:55,979:INFO:Epoch 26, Test Accuracy: 95.28%
2024-03-01 03:41:41,611:INFO:Epoch 27, Test Accuracy: 95.55%
2024-03-01 03:43:20,118:INFO:Epoch 28, Test Accuracy: 94.85%
2024-03-01 03:44:58,299:INFO:Epoch 29, Test Accuracy: 95.37%
2024-03-01 03:46:42,662:INFO:Epoch 30, Test Accuracy: 95.65%
2024-03-01 03:48:19,056:INFO:Epoch 31, Test Accuracy: 95.5%
2024-03-01 03:49:59,496:INFO:Epoch 32, Test Accuracy: 95.21%
2024-03-01 03:51:40,973:INFO:Epoch 33, Test Accuracy: 95.22%
2024-03-01 03:53:15,036:INFO:Epoch 34, Test Accuracy: 95.41%
2024-03-01 03:54:49,596:INFO:Epoch 35, Test Accuracy: 95.39%
2024-03-01 03:56:33,483:INFO:Epoch 36, Test Accuracy: 95.41%
2024-03-01 03:58:17,921:INFO:Epoch 37, Test Accuracy: 95.1%
2024-03-01 03:59:56,474:INFO:Epoch 38, Test Accuracy: 94.7%
2024-03-01 04:01:38,536:INFO:Epoch 39, Test Accuracy: 95.92%
2024-03-01 04:01:42,552:INFO:Model saved with accuracy: 95.92%
2024-03-01 04:03:25,943:INFO:Epoch 40, Test Accuracy: 95.71%
2024-03-01 04:05:08,161:INFO:Epoch 41, Test Accuracy: 95.46%
2024-03-01 04:06:54,034:INFO:Epoch 42, Test Accuracy: 95.84%
2024-03-01 04:08:35,049:INFO:Epoch 43, Test Accuracy: 95.63%
2024-03-01 04:10:09,906:INFO:Epoch 44, Test Accuracy: 95.23%
2024-03-01 04:11:53,125:INFO:Epoch 45, Test Accuracy: 95.59%
2024-03-01 04:13:34,712:INFO:Epoch 46, Test Accuracy: 95.33%
2024-03-01 04:15:14,935:INFO:Epoch 47, Test Accuracy: 95.36%
2024-03-01 04:16:55,640:INFO:Epoch 48, Test Accuracy: 95.73%
2024-03-01 04:18:36,178:INFO:Epoch 49, Test Accuracy: 95.32%
2024-03-01 04:20:20,064:INFO:Epoch 50, Test Accuracy: 95.58%
2024-03-01 04:22:04,665:INFO:Epoch 51, Test Accuracy: 95.9%
2024-03-01 04:23:46,969:INFO:Epoch 52, Test Accuracy: 96.16%
2024-03-01 04:23:50,373:INFO:Model saved with accuracy: 96.16%
2024-03-01 04:25:36,192:INFO:Epoch 53, Test Accuracy: 95.57%
2024-03-01 04:27:18,056:INFO:Epoch 54, Test Accuracy: 95.79%
2024-03-01 04:28:53,874:INFO:Epoch 55, Test Accuracy: 94.34%
2024-03-01 04:30:37,021:INFO:Epoch 56, Test Accuracy: 95.68%
2024-03-01 04:32:17,446:INFO:Epoch 57, Test Accuracy: 95.47%
2024-03-01 04:33:53,283:INFO:Epoch 58, Test Accuracy: 95.05%
2024-03-01 04:35:33,278:INFO:Epoch 59, Test Accuracy: 96.22%
2024-03-01 04:35:36,505:INFO:Model saved with accuracy: 96.22%
2024-03-01 04:37:18,869:INFO:Epoch 60, Test Accuracy: 95.42%
2024-03-01 04:39:03,558:INFO:Epoch 61, Test Accuracy: 95.99%
2024-03-01 04:40:42,362:INFO:Epoch 62, Test Accuracy: 95.87%
2024-03-01 04:42:24,224:INFO:Epoch 63, Test Accuracy: 95.8%
2024-03-01 04:44:04,688:INFO:Epoch 64, Test Accuracy: 95.67%
2024-03-01 04:45:40,132:INFO:Epoch 65, Test Accuracy: 95.96%
2024-03-01 04:47:24,788:INFO:Epoch 66, Test Accuracy: 96.03%
2024-03-01 04:49:11,506:INFO:Epoch 67, Test Accuracy: 95.78%
2024-03-01 04:50:57,083:INFO:Epoch 68, Test Accuracy: 95.98%
2024-03-01 04:52:33,537:INFO:Epoch 69, Test Accuracy: 96.02%
2024-03-01 04:54:18,846:INFO:Epoch 70, Test Accuracy: 95.59%
2024-03-01 04:56:04,345:INFO:Epoch 71, Test Accuracy: 95.99%
2024-03-01 04:57:40,617:INFO:Epoch 72, Test Accuracy: 95.85%
2024-03-01 04:59:19,702:INFO:Epoch 73, Test Accuracy: 95.67%
2024-03-01 05:00:58,251:INFO:Epoch 74, Test Accuracy: 96.26%
2024-03-01 05:01:01,523:INFO:Model saved with accuracy: 96.26%
2024-03-01 05:02:45,885:INFO:Epoch 75, Test Accuracy: 95.92%
2024-03-01 05:04:22,100:INFO:Epoch 76, Test Accuracy: 96.0%
2024-03-01 05:06:07,318:INFO:Epoch 77, Test Accuracy: 95.93%
2024-03-01 05:07:47,929:INFO:Epoch 78, Test Accuracy: 95.93%
2024-03-01 05:09:29,314:INFO:Epoch 79, Test Accuracy: 95.68%
2024-03-01 05:11:11,604:INFO:Epoch 80, Test Accuracy: 95.73%
2024-03-01 05:12:58,990:INFO:Epoch 81, Test Accuracy: 95.62%
2024-03-01 05:14:37,832:INFO:Epoch 82, Test Accuracy: 95.77%
2024-03-01 05:16:21,551:INFO:Epoch 83, Test Accuracy: 95.71%
2024-03-01 05:17:59,174:INFO:Epoch 84, Test Accuracy: 95.96%
2024-03-01 05:19:39,490:INFO:Epoch 85, Test Accuracy: 95.33%
2024-03-01 05:21:15,362:INFO:Epoch 86, Test Accuracy: 96.08%
2024-03-01 05:22:52,527:INFO:Epoch 87, Test Accuracy: 96.02%
2024-03-01 05:24:36,424:INFO:Epoch 88, Test Accuracy: 95.9%
2024-03-01 05:26:18,206:INFO:Epoch 89, Test Accuracy: 95.9%
2024-03-01 05:27:57,829:INFO:Epoch 90, Test Accuracy: 95.7%
2024-03-01 05:29:35,262:INFO:Epoch 91, Test Accuracy: 95.53%
2024-03-01 05:31:17,825:INFO:Epoch 92, Test Accuracy: 96.23%
2024-03-01 05:33:04,088:INFO:Epoch 93, Test Accuracy: 95.78%
2024-03-01 05:34:44,834:INFO:Epoch 94, Test Accuracy: 95.28%
2024-03-01 05:36:28,974:INFO:Epoch 95, Test Accuracy: 95.82%
2024-03-01 05:38:13,341:INFO:Epoch 96, Test Accuracy: 95.18%
2024-03-01 05:39:57,017:INFO:Epoch 97, Test Accuracy: 95.24%
2024-03-01 05:41:41,909:INFO:Epoch 98, Test Accuracy: 95.51%
2024-03-01 05:43:17,072:INFO:Epoch 99, Test Accuracy: 95.86%
2024-03-01 05:44:42,180:INFO:Finished Training with noise_rate: 0.2
2024-03-01 05:44:42,180:INFO:Epoch accuracies with noise_rate 0.2: [9.68, 88.64, 91.39, 92.39, 93.64, 93.61, 94.34, 94.65, 93.9, 94.28, 94.47, 93.39, 94.85, 94.37, 95.21, 94.13, 95.1, 95.09, 95.36, 94.52, 94.64, 95.65, 95.08, 94.72, 94.98, 94.96, 95.28, 95.55, 94.85, 95.37, 95.65, 95.5, 95.21, 95.22, 95.41, 95.39, 95.41, 95.1, 94.7, 95.92, 95.71, 95.46, 95.84, 95.63, 95.23, 95.59, 95.33, 95.36, 95.73, 95.32, 95.58, 95.9, 96.16, 95.57, 95.79, 94.34, 95.68, 95.47, 95.05, 96.22, 95.42, 95.99, 95.87, 95.8, 95.67, 95.96, 96.03, 95.78, 95.98, 96.02, 95.59, 95.99, 95.85, 95.67, 96.26, 95.92, 96.0, 95.93, 95.93, 95.68, 95.73, 95.62, 95.77, 95.71, 95.96, 95.33, 96.08, 96.02, 95.9, 95.9, 95.7, 95.53, 96.23, 95.78, 95.28, 95.82, 95.18, 95.24, 95.51, 95.86]
2024-03-01 05:44:56,813:INFO:Epoch 0, Test Accuracy: 7.81%
2024-03-01 05:44:56,991:INFO:Model saved with accuracy: 7.81%
2024-03-01 05:46:41,463:INFO:Epoch 1, Test Accuracy: 87.38%
2024-03-01 05:46:44,857:INFO:Model saved with accuracy: 87.38%
2024-03-01 05:48:25,245:INFO:Epoch 2, Test Accuracy: 89.07%
2024-03-01 05:48:29,068:INFO:Model saved with accuracy: 89.07%
2024-03-01 05:50:17,934:INFO:Epoch 3, Test Accuracy: 89.5%
2024-03-01 05:50:21,340:INFO:Model saved with accuracy: 89.50%
2024-03-01 05:52:08,763:INFO:Epoch 4, Test Accuracy: 92.76%
2024-03-01 05:52:11,869:INFO:Model saved with accuracy: 92.76%
2024-03-01 05:53:58,818:INFO:Epoch 5, Test Accuracy: 92.92%
2024-03-01 05:54:02,025:INFO:Model saved with accuracy: 92.92%
2024-03-01 05:55:47,672:INFO:Epoch 6, Test Accuracy: 92.57%
2024-03-01 05:57:28,791:INFO:Epoch 7, Test Accuracy: 92.85%
2024-03-01 05:59:09,432:INFO:Epoch 8, Test Accuracy: 93.63%
2024-03-01 05:59:12,556:INFO:Model saved with accuracy: 93.63%
2024-03-01 06:00:56,154:INFO:Epoch 9, Test Accuracy: 94.29%
2024-03-01 06:01:00,006:INFO:Model saved with accuracy: 94.29%
2024-03-01 06:02:46,585:INFO:Epoch 10, Test Accuracy: 93.98%
2024-03-01 06:04:32,018:INFO:Epoch 11, Test Accuracy: 93.76%
2024-03-01 06:06:14,593:INFO:Epoch 12, Test Accuracy: 94.29%
2024-03-01 06:07:55,180:INFO:Epoch 13, Test Accuracy: 93.95%
2024-03-01 06:09:38,677:INFO:Epoch 14, Test Accuracy: 94.6%
2024-03-01 06:09:42,127:INFO:Model saved with accuracy: 94.60%
2024-03-01 06:11:26,514:INFO:Epoch 15, Test Accuracy: 94.58%
2024-03-01 06:13:08,141:INFO:Epoch 16, Test Accuracy: 94.56%
2024-03-01 06:14:48,535:INFO:Epoch 17, Test Accuracy: 94.53%
2024-03-01 06:16:28,949:INFO:Epoch 18, Test Accuracy: 95.08%
2024-03-01 06:16:32,619:INFO:Model saved with accuracy: 95.08%
2024-03-01 06:18:13,664:INFO:Epoch 19, Test Accuracy: 94.68%
2024-03-01 06:19:56,522:INFO:Epoch 20, Test Accuracy: 94.6%
2024-03-01 06:21:36,269:INFO:Epoch 21, Test Accuracy: 94.85%
2024-03-01 06:23:20,857:INFO:Epoch 22, Test Accuracy: 94.86%
2024-03-01 06:25:06,844:INFO:Epoch 23, Test Accuracy: 95.02%
2024-03-01 06:26:54,859:INFO:Epoch 24, Test Accuracy: 95.15%
2024-03-01 06:26:58,666:INFO:Model saved with accuracy: 95.15%
2024-03-01 06:28:40,105:INFO:Epoch 25, Test Accuracy: 94.9%
2024-03-01 06:30:17,220:INFO:Epoch 26, Test Accuracy: 94.67%
2024-03-01 06:31:57,851:INFO:Epoch 27, Test Accuracy: 94.28%
2024-03-01 06:33:39,851:INFO:Epoch 28, Test Accuracy: 95.68%
2024-03-01 06:33:43,234:INFO:Model saved with accuracy: 95.68%
2024-03-01 06:35:25,889:INFO:Epoch 29, Test Accuracy: 94.74%
2024-03-01 06:37:13,691:INFO:Epoch 30, Test Accuracy: 95.26%
2024-03-01 06:39:02,156:INFO:Epoch 31, Test Accuracy: 94.64%
2024-03-01 06:40:48,085:INFO:Epoch 32, Test Accuracy: 94.52%
2024-03-01 06:42:30,983:INFO:Epoch 33, Test Accuracy: 94.77%
2024-03-01 06:44:09,884:INFO:Epoch 34, Test Accuracy: 94.25%
2024-03-01 06:45:47,233:INFO:Epoch 35, Test Accuracy: 95.53%
2024-03-01 06:47:27,905:INFO:Epoch 36, Test Accuracy: 95.11%
2024-03-01 06:49:11,750:INFO:Epoch 37, Test Accuracy: 95.26%
2024-03-01 06:50:55,607:INFO:Epoch 38, Test Accuracy: 95.11%
2024-03-01 06:52:38,826:INFO:Epoch 39, Test Accuracy: 94.34%
2024-03-01 06:54:14,667:INFO:Epoch 40, Test Accuracy: 95.07%
2024-03-01 06:55:53,888:INFO:Epoch 41, Test Accuracy: 95.3%
2024-03-01 06:57:39,238:INFO:Epoch 42, Test Accuracy: 95.26%
2024-03-01 06:59:27,177:INFO:Epoch 43, Test Accuracy: 95.32%
2024-03-01 07:01:07,199:INFO:Epoch 44, Test Accuracy: 95.32%
2024-03-01 07:02:53,000:INFO:Epoch 45, Test Accuracy: 94.53%
2024-03-01 07:04:53,915:INFO:Epoch 46, Test Accuracy: 95.01%
2024-03-01 07:06:50,591:INFO:Epoch 47, Test Accuracy: 95.54%
2024-03-01 07:08:38,733:INFO:Epoch 48, Test Accuracy: 95.33%
2024-03-01 07:10:17,375:INFO:Epoch 49, Test Accuracy: 95.11%
2024-03-01 07:12:21,533:INFO:Epoch 50, Test Accuracy: 95.41%
2024-03-01 07:14:03,800:INFO:Epoch 51, Test Accuracy: 95.34%
2024-03-01 07:15:51,907:INFO:Epoch 52, Test Accuracy: 95.74%
2024-03-01 07:15:55,645:INFO:Model saved with accuracy: 95.74%
2024-03-01 07:17:34,821:INFO:Epoch 53, Test Accuracy: 95.57%
2024-03-01 07:19:07,721:INFO:Epoch 54, Test Accuracy: 95.33%
2024-03-01 07:20:53,475:INFO:Epoch 55, Test Accuracy: 95.22%
2024-03-01 07:22:31,048:INFO:Epoch 56, Test Accuracy: 95.05%
2024-03-01 07:24:11,348:INFO:Epoch 57, Test Accuracy: 95.19%
2024-03-01 07:25:55,363:INFO:Epoch 58, Test Accuracy: 95.42%
2024-03-01 07:27:29,409:INFO:Epoch 59, Test Accuracy: 94.72%
2024-03-01 07:29:18,133:INFO:Epoch 60, Test Accuracy: 95.67%
2024-03-01 07:30:52,964:INFO:Epoch 61, Test Accuracy: 95.19%
2024-03-01 07:32:31,153:INFO:Epoch 62, Test Accuracy: 95.8%
2024-03-01 07:32:34,289:INFO:Model saved with accuracy: 95.80%
2024-03-01 07:34:20,356:INFO:Epoch 63, Test Accuracy: 94.82%
2024-03-01 07:36:05,143:INFO:Epoch 64, Test Accuracy: 94.77%
2024-03-01 07:37:41,249:INFO:Epoch 65, Test Accuracy: 94.96%
2024-03-01 07:39:28,160:INFO:Epoch 66, Test Accuracy: 95.27%
2024-03-01 07:41:12,704:INFO:Epoch 67, Test Accuracy: 95.33%
2024-03-01 07:42:54,999:INFO:Epoch 68, Test Accuracy: 95.35%
2024-03-01 07:44:46,945:INFO:Epoch 69, Test Accuracy: 95.52%
2024-03-01 07:46:33,573:INFO:Epoch 70, Test Accuracy: 95.91%
2024-03-01 07:46:36,226:INFO:Model saved with accuracy: 95.91%
2024-03-01 07:48:22,419:INFO:Epoch 71, Test Accuracy: 95.41%
2024-03-01 07:50:03,880:INFO:Epoch 72, Test Accuracy: 94.78%
2024-03-01 07:51:42,587:INFO:Epoch 73, Test Accuracy: 95.87%
2024-03-01 07:53:21,641:INFO:Epoch 74, Test Accuracy: 95.66%
2024-03-01 07:55:07,734:INFO:Epoch 75, Test Accuracy: 95.72%
2024-03-01 07:56:46,606:INFO:Epoch 76, Test Accuracy: 95.85%
2024-03-01 07:58:28,310:INFO:Epoch 77, Test Accuracy: 95.67%
2024-03-01 08:00:09,702:INFO:Epoch 78, Test Accuracy: 95.32%
2024-03-01 08:01:48,763:INFO:Epoch 79, Test Accuracy: 95.33%
2024-03-01 08:03:22,739:INFO:Epoch 80, Test Accuracy: 95.46%
2024-03-01 08:05:06,937:INFO:Epoch 81, Test Accuracy: 95.81%
2024-03-01 08:07:00,047:INFO:Epoch 82, Test Accuracy: 95.55%
2024-03-01 08:08:56,875:INFO:Epoch 83, Test Accuracy: 95.24%
2024-03-01 08:10:34,320:INFO:Epoch 84, Test Accuracy: 95.72%
2024-03-01 08:12:29,015:INFO:Epoch 85, Test Accuracy: 95.63%
2024-03-01 08:14:08,040:INFO:Epoch 86, Test Accuracy: 95.25%
2024-03-01 08:15:53,354:INFO:Epoch 87, Test Accuracy: 95.17%
2024-03-01 08:17:35,637:INFO:Epoch 88, Test Accuracy: 95.01%
2024-03-01 08:19:20,820:INFO:Epoch 89, Test Accuracy: 95.65%
2024-03-01 08:21:04,401:INFO:Epoch 90, Test Accuracy: 95.55%
2024-03-01 08:22:44,611:INFO:Epoch 91, Test Accuracy: 95.62%
2024-03-01 08:24:25,884:INFO:Epoch 92, Test Accuracy: 95.55%
2024-03-01 08:26:08,745:INFO:Epoch 93, Test Accuracy: 94.78%
2024-03-01 08:27:48,590:INFO:Epoch 94, Test Accuracy: 95.19%
2024-03-01 08:29:34,511:INFO:Epoch 95, Test Accuracy: 95.96%
2024-03-01 08:29:37,461:INFO:Model saved with accuracy: 95.96%
2024-03-01 08:31:28,925:INFO:Epoch 96, Test Accuracy: 95.69%
2024-03-01 08:33:21,324:INFO:Epoch 97, Test Accuracy: 95.77%
2024-03-01 08:34:56,289:INFO:Epoch 98, Test Accuracy: 95.44%
2024-03-01 08:36:37,558:INFO:Epoch 99, Test Accuracy: 95.91%
2024-03-01 08:38:04,419:INFO:Finished Training with noise_rate: 0.4
2024-03-01 08:38:04,420:INFO:Epoch accuracies with noise_rate 0.4: [7.81, 87.38, 89.07, 89.5, 92.76, 92.92, 92.57, 92.85, 93.63, 94.29, 93.98, 93.76, 94.29, 93.95, 94.6, 94.58, 94.56, 94.53, 95.08, 94.68, 94.6, 94.85, 94.86, 95.02, 95.15, 94.9, 94.67, 94.28, 95.68, 94.74, 95.26, 94.64, 94.52, 94.77, 94.25, 95.53, 95.11, 95.26, 95.11, 94.34, 95.07, 95.3, 95.26, 95.32, 95.32, 94.53, 95.01, 95.54, 95.33, 95.11, 95.41, 95.34, 95.74, 95.57, 95.33, 95.22, 95.05, 95.19, 95.42, 94.72, 95.67, 95.19, 95.8, 94.82, 94.77, 94.96, 95.27, 95.33, 95.35, 95.52, 95.91, 95.41, 94.78, 95.87, 95.66, 95.72, 95.85, 95.67, 95.32, 95.33, 95.46, 95.81, 95.55, 95.24, 95.72, 95.63, 95.25, 95.17, 95.01, 95.65, 95.55, 95.62, 95.55, 94.78, 95.19, 95.96, 95.69, 95.77, 95.44, 95.91]
2024-03-01 08:38:19,462:INFO:Epoch 0, Test Accuracy: 9.51%
2024-03-01 08:38:19,643:INFO:Model saved with accuracy: 9.51%
2024-03-01 08:40:13,941:INFO:Epoch 1, Test Accuracy: 85.92%
2024-03-01 08:40:17,258:INFO:Model saved with accuracy: 85.92%
2024-03-01 08:42:03,752:INFO:Epoch 2, Test Accuracy: 89.49%
2024-03-01 08:42:06,628:INFO:Model saved with accuracy: 89.49%
2024-03-01 08:43:58,762:INFO:Epoch 3, Test Accuracy: 90.6%
2024-03-01 08:44:01,317:INFO:Model saved with accuracy: 90.60%
2024-03-01 08:45:46,337:INFO:Epoch 4, Test Accuracy: 90.45%
2024-03-01 08:47:30,514:INFO:Epoch 5, Test Accuracy: 90.55%
2024-03-01 08:49:02,692:INFO:Epoch 6, Test Accuracy: 91.8%
2024-03-01 08:49:06,240:INFO:Model saved with accuracy: 91.80%
2024-03-01 08:50:52,749:INFO:Epoch 7, Test Accuracy: 91.58%
2024-03-01 08:52:32,581:INFO:Epoch 8, Test Accuracy: 92.35%
2024-03-01 08:52:35,784:INFO:Model saved with accuracy: 92.35%
2024-03-01 08:54:08,669:INFO:Epoch 9, Test Accuracy: 91.93%
2024-03-01 08:55:52,341:INFO:Epoch 10, Test Accuracy: 91.12%
2024-03-01 08:57:24,745:INFO:Epoch 11, Test Accuracy: 93.49%
2024-03-01 08:57:28,322:INFO:Model saved with accuracy: 93.49%
2024-03-01 08:59:15,579:INFO:Epoch 12, Test Accuracy: 92.7%
2024-03-01 09:00:52,373:INFO:Epoch 13, Test Accuracy: 92.4%
2024-03-01 09:02:53,216:INFO:Epoch 14, Test Accuracy: 93.64%
2024-03-01 09:02:56,377:INFO:Model saved with accuracy: 93.64%
2024-03-01 09:04:50,100:INFO:Epoch 15, Test Accuracy: 93.65%
2024-03-01 09:04:53,382:INFO:Model saved with accuracy: 93.65%
2024-03-01 09:06:59,752:INFO:Epoch 16, Test Accuracy: 93.66%
2024-03-01 09:07:01,997:INFO:Model saved with accuracy: 93.66%
2024-03-01 09:08:56,709:INFO:Epoch 17, Test Accuracy: 93.74%
2024-03-01 09:09:00,039:INFO:Model saved with accuracy: 93.74%
2024-03-01 09:10:47,157:INFO:Epoch 18, Test Accuracy: 94.05%
2024-03-01 09:10:50,736:INFO:Model saved with accuracy: 94.05%
2024-03-01 09:12:35,559:INFO:Epoch 19, Test Accuracy: 93.44%
2024-03-01 09:14:14,448:INFO:Epoch 20, Test Accuracy: 93.88%
2024-03-01 09:16:18,168:INFO:Epoch 21, Test Accuracy: 93.0%
2024-03-01 09:18:08,062:INFO:Epoch 22, Test Accuracy: 94.61%
2024-03-01 09:18:11,134:INFO:Model saved with accuracy: 94.61%
2024-03-01 09:19:57,973:INFO:Epoch 23, Test Accuracy: 94.1%
2024-03-01 09:21:35,181:INFO:Epoch 24, Test Accuracy: 94.02%
2024-03-01 09:23:19,434:INFO:Epoch 25, Test Accuracy: 93.34%
2024-03-01 09:24:58,639:INFO:Epoch 26, Test Accuracy: 93.85%
2024-03-01 09:26:42,670:INFO:Epoch 27, Test Accuracy: 94.39%
2024-03-01 09:28:26,357:INFO:Epoch 28, Test Accuracy: 93.09%
2024-03-01 09:30:07,710:INFO:Epoch 29, Test Accuracy: 94.1%
2024-03-01 09:31:53,491:INFO:Epoch 30, Test Accuracy: 93.3%
2024-03-01 09:35:14,697:INFO:Epoch 31, Test Accuracy: 94.46%
2024-03-01 09:42:32,407:INFO:Epoch 32, Test Accuracy: 93.43%
2024-03-01 09:50:43,809:INFO:Epoch 33, Test Accuracy: 93.77%
2024-03-01 09:57:50,093:INFO:Epoch 34, Test Accuracy: 94.42%
2024-03-01 09:59:25,581:INFO:Epoch 35, Test Accuracy: 94.62%
2024-03-01 09:59:29,336:INFO:Model saved with accuracy: 94.62%
2024-03-01 10:01:10,223:INFO:Epoch 36, Test Accuracy: 94.33%
2024-03-01 10:02:53,068:INFO:Epoch 37, Test Accuracy: 95.2%
2024-03-01 10:02:56,164:INFO:Model saved with accuracy: 95.20%
2024-03-01 10:04:38,110:INFO:Epoch 38, Test Accuracy: 94.9%
2024-03-01 10:06:25,807:INFO:Epoch 39, Test Accuracy: 94.46%
2024-03-01 10:08:10,304:INFO:Epoch 40, Test Accuracy: 94.53%
2024-03-01 10:10:10,449:INFO:Epoch 41, Test Accuracy: 94.39%
2024-03-01 10:11:51,126:INFO:Epoch 42, Test Accuracy: 93.82%
2024-03-01 10:13:37,144:INFO:Epoch 43, Test Accuracy: 95.31%
2024-03-01 10:13:40,343:INFO:Model saved with accuracy: 95.31%
2024-03-01 10:15:22,766:INFO:Epoch 44, Test Accuracy: 94.42%
2024-03-01 10:17:15,581:INFO:Epoch 45, Test Accuracy: 95.07%
2024-03-01 10:19:22,424:INFO:Epoch 46, Test Accuracy: 94.77%
2024-03-01 10:21:09,582:INFO:Epoch 47, Test Accuracy: 94.83%
2024-03-01 10:23:02,015:INFO:Epoch 48, Test Accuracy: 93.78%
2024-03-01 10:24:55,995:INFO:Epoch 49, Test Accuracy: 95.16%
2024-03-01 10:26:39,276:INFO:Epoch 50, Test Accuracy: 94.08%
2024-03-01 10:28:25,284:INFO:Epoch 51, Test Accuracy: 95.26%
2024-03-01 10:30:08,551:INFO:Epoch 52, Test Accuracy: 95.16%
2024-03-01 10:32:01,857:INFO:Epoch 53, Test Accuracy: 95.19%
2024-03-01 10:34:05,359:INFO:Epoch 54, Test Accuracy: 94.99%
2024-03-01 10:35:47,596:INFO:Epoch 55, Test Accuracy: 94.74%
2024-03-01 10:37:27,580:INFO:Epoch 56, Test Accuracy: 95.13%
2024-03-01 10:39:03,237:INFO:Epoch 57, Test Accuracy: 95.23%
2024-03-01 10:40:40,967:INFO:Epoch 58, Test Accuracy: 94.33%
2024-03-01 10:42:26,287:INFO:Epoch 59, Test Accuracy: 94.75%
2024-03-01 10:44:21,081:INFO:Epoch 60, Test Accuracy: 94.37%
2024-03-01 10:46:02,460:INFO:Epoch 61, Test Accuracy: 95.03%
2024-03-01 10:47:46,224:INFO:Epoch 62, Test Accuracy: 94.54%
2024-03-01 10:49:35,789:INFO:Epoch 63, Test Accuracy: 95.18%
2024-03-01 10:51:18,892:INFO:Epoch 64, Test Accuracy: 95.0%
2024-03-01 10:52:59,300:INFO:Epoch 65, Test Accuracy: 93.4%
2024-03-01 10:54:45,036:INFO:Epoch 66, Test Accuracy: 95.02%
2024-03-01 10:56:32,646:INFO:Epoch 67, Test Accuracy: 95.28%
2024-03-01 10:58:21,089:INFO:Epoch 68, Test Accuracy: 95.1%
2024-03-01 11:00:07,930:INFO:Epoch 69, Test Accuracy: 95.13%
2024-03-01 11:01:47,767:INFO:Epoch 70, Test Accuracy: 95.17%
2024-03-01 11:03:32,515:INFO:Epoch 71, Test Accuracy: 94.9%
2024-03-01 11:35:08,841:INFO:Epoch 72, Test Accuracy: 94.81%
2024-03-01 11:36:55,640:INFO:Epoch 73, Test Accuracy: 95.18%
2024-03-01 11:38:43,930:INFO:Epoch 74, Test Accuracy: 93.98%
2024-03-01 11:40:25,351:INFO:Epoch 75, Test Accuracy: 94.82%
2024-03-01 11:42:10,993:INFO:Epoch 76, Test Accuracy: 93.98%
2024-03-01 11:43:50,969:INFO:Epoch 77, Test Accuracy: 95.06%
2024-03-01 11:45:33,800:INFO:Epoch 78, Test Accuracy: 95.3%
2024-03-01 11:47:16,628:INFO:Epoch 79, Test Accuracy: 95.01%
2024-03-01 11:49:01,633:INFO:Epoch 80, Test Accuracy: 94.77%
2024-03-01 11:50:43,207:INFO:Epoch 81, Test Accuracy: 95.24%
2024-03-01 11:52:27,443:INFO:Epoch 82, Test Accuracy: 95.11%
2024-03-01 11:54:31,464:INFO:Epoch 83, Test Accuracy: 94.54%
2024-03-01 11:56:13,094:INFO:Epoch 84, Test Accuracy: 95.17%
2024-03-01 11:58:15,145:INFO:Epoch 85, Test Accuracy: 95.24%
2024-03-01 12:00:02,329:INFO:Epoch 86, Test Accuracy: 95.24%
2024-03-01 12:01:46,287:INFO:Epoch 87, Test Accuracy: 95.33%
2024-03-01 12:01:51,570:INFO:Model saved with accuracy: 95.33%
2024-03-01 12:03:41,070:INFO:Epoch 88, Test Accuracy: 94.75%
2024-03-01 12:05:19,646:INFO:Epoch 89, Test Accuracy: 95.27%
2024-03-01 12:07:17,560:INFO:Epoch 90, Test Accuracy: 95.47%
2024-03-01 12:07:22,427:INFO:Model saved with accuracy: 95.47%
2024-03-01 12:09:32,150:INFO:Epoch 91, Test Accuracy: 95.14%
2024-03-01 12:11:17,432:INFO:Epoch 92, Test Accuracy: 95.37%
2024-03-01 12:12:55,946:INFO:Epoch 93, Test Accuracy: 95.19%
2024-03-01 12:14:51,397:INFO:Epoch 94, Test Accuracy: 95.43%
2024-03-01 12:16:57,243:INFO:Epoch 95, Test Accuracy: 94.88%
2024-03-01 12:18:40,688:INFO:Epoch 96, Test Accuracy: 95.28%
2024-03-01 12:20:46,657:INFO:Epoch 97, Test Accuracy: 94.93%
2024-03-01 12:22:31,912:INFO:Epoch 98, Test Accuracy: 95.51%
2024-03-01 12:22:35,771:INFO:Model saved with accuracy: 95.51%
2024-03-01 12:24:39,149:INFO:Epoch 99, Test Accuracy: 95.35%
2024-03-01 12:25:59,576:INFO:Finished Training with noise_rate: 0.6
2024-03-01 12:25:59,577:INFO:Epoch accuracies with noise_rate 0.6: [9.51, 85.92, 89.49, 90.6, 90.45, 90.55, 91.8, 91.58, 92.35, 91.93, 91.12, 93.49, 92.7, 92.4, 93.64, 93.65, 93.66, 93.74, 94.05, 93.44, 93.88, 93.0, 94.61, 94.1, 94.02, 93.34, 93.85, 94.39, 93.09, 94.1, 93.3, 94.46, 93.43, 93.77, 94.42, 94.62, 94.33, 95.2, 94.9, 94.46, 94.53, 94.39, 93.82, 95.31, 94.42, 95.07, 94.77, 94.83, 93.78, 95.16, 94.08, 95.26, 95.16, 95.19, 94.99, 94.74, 95.13, 95.23, 94.33, 94.75, 94.37, 95.03, 94.54, 95.18, 95.0, 93.4, 95.02, 95.28, 95.1, 95.13, 95.17, 94.9, 94.81, 95.18, 93.98, 94.82, 93.98, 95.06, 95.3, 95.01, 94.77, 95.24, 95.11, 94.54, 95.17, 95.24, 95.24, 95.33, 94.75, 95.27, 95.47, 95.14, 95.37, 95.19, 95.43, 94.88, 95.28, 94.93, 95.51, 95.35]
2024-03-01 12:26:14,282:INFO:Epoch 0, Test Accuracy: 9.96%
2024-03-01 12:26:14,462:INFO:Model saved with accuracy: 9.96%
2024-03-01 12:27:55,444:INFO:Epoch 1, Test Accuracy: 22.83%
2024-03-01 12:27:58,866:INFO:Model saved with accuracy: 22.83%
2024-03-01 12:29:46,952:INFO:Epoch 2, Test Accuracy: 44.94%
2024-03-01 12:29:50,110:INFO:Model saved with accuracy: 44.94%
2024-03-01 12:31:38,429:INFO:Epoch 3, Test Accuracy: 57.85%
2024-03-01 12:31:41,070:INFO:Model saved with accuracy: 57.85%
2024-03-01 12:33:23,648:INFO:Epoch 4, Test Accuracy: 62.46%
2024-03-01 12:33:26,314:INFO:Model saved with accuracy: 62.46%
2024-03-01 12:35:28,855:INFO:Epoch 5, Test Accuracy: 74.03%
2024-03-01 12:35:31,167:INFO:Model saved with accuracy: 74.03%
2024-03-01 12:37:28,379:INFO:Epoch 6, Test Accuracy: 76.01%
2024-03-01 12:37:30,845:INFO:Model saved with accuracy: 76.01%
2024-03-01 12:39:31,202:INFO:Epoch 7, Test Accuracy: 81.66%
2024-03-01 12:39:33,663:INFO:Model saved with accuracy: 81.66%
2024-03-01 12:41:21,399:INFO:Epoch 8, Test Accuracy: 79.01%
2024-03-01 12:43:03,504:INFO:Epoch 9, Test Accuracy: 80.36%
2024-03-01 12:44:44,846:INFO:Epoch 10, Test Accuracy: 84.38%
2024-03-01 12:44:48,026:INFO:Model saved with accuracy: 84.38%
2024-03-01 12:46:34,232:INFO:Epoch 11, Test Accuracy: 83.99%
2024-03-01 12:48:18,594:INFO:Epoch 12, Test Accuracy: 86.24%
2024-03-01 12:48:21,682:INFO:Model saved with accuracy: 86.24%
2024-03-01 12:50:10,330:INFO:Epoch 13, Test Accuracy: 85.43%
2024-03-01 12:51:55,461:INFO:Epoch 14, Test Accuracy: 85.26%
2024-03-01 12:53:50,949:INFO:Epoch 15, Test Accuracy: 85.03%
2024-03-01 12:55:48,130:INFO:Epoch 16, Test Accuracy: 86.95%
2024-03-01 12:55:51,884:INFO:Model saved with accuracy: 86.95%
2024-03-01 12:57:53,678:INFO:Epoch 17, Test Accuracy: 78.71%
2024-03-01 12:59:42,909:INFO:Epoch 18, Test Accuracy: 86.61%
2024-03-01 13:01:31,877:INFO:Epoch 19, Test Accuracy: 89.52%
2024-03-01 13:01:34,365:INFO:Model saved with accuracy: 89.52%
2024-03-01 13:03:28,137:INFO:Epoch 20, Test Accuracy: 83.75%
2024-03-01 13:05:05,682:INFO:Epoch 21, Test Accuracy: 87.83%
2024-03-01 13:07:08,192:INFO:Epoch 22, Test Accuracy: 87.29%
2024-03-01 13:09:02,757:INFO:Epoch 23, Test Accuracy: 89.3%
2024-03-01 13:10:41,443:INFO:Epoch 24, Test Accuracy: 89.62%
2024-03-01 13:10:44,779:INFO:Model saved with accuracy: 89.62%
2024-03-01 13:12:29,660:INFO:Epoch 25, Test Accuracy: 87.14%
2024-03-01 13:14:14,278:INFO:Epoch 26, Test Accuracy: 86.42%
2024-03-01 13:16:00,944:INFO:Epoch 27, Test Accuracy: 88.5%
2024-03-01 13:17:37,042:INFO:Epoch 28, Test Accuracy: 87.8%
2024-03-01 13:19:11,844:INFO:Epoch 29, Test Accuracy: 90.61%
2024-03-01 13:19:13,941:INFO:Model saved with accuracy: 90.61%
2024-03-01 13:21:23,665:INFO:Epoch 30, Test Accuracy: 90.2%
2024-03-01 13:23:09,241:INFO:Epoch 31, Test Accuracy: 90.38%
2024-03-01 13:24:41,434:INFO:Epoch 32, Test Accuracy: 90.36%
2024-03-01 13:26:30,872:INFO:Epoch 33, Test Accuracy: 89.65%
2024-03-01 13:28:11,110:INFO:Epoch 34, Test Accuracy: 91.41%
2024-03-01 13:28:14,470:INFO:Model saved with accuracy: 91.41%
2024-03-01 13:30:00,937:INFO:Epoch 35, Test Accuracy: 90.22%
2024-03-01 13:31:46,330:INFO:Epoch 36, Test Accuracy: 90.83%
2024-03-01 13:33:33,562:INFO:Epoch 37, Test Accuracy: 90.65%
2024-03-01 13:35:20,484:INFO:Epoch 38, Test Accuracy: 91.57%
2024-03-01 13:35:23,506:INFO:Model saved with accuracy: 91.57%
2024-03-01 13:37:08,600:INFO:Epoch 39, Test Accuracy: 90.15%
2024-03-01 13:38:51,250:INFO:Epoch 40, Test Accuracy: 92.05%
2024-03-01 13:38:55,873:INFO:Model saved with accuracy: 92.05%
2024-03-01 13:40:41,110:INFO:Epoch 41, Test Accuracy: 91.59%
2024-03-01 13:42:26,167:INFO:Epoch 42, Test Accuracy: 91.46%
2024-03-01 13:44:10,622:INFO:Epoch 43, Test Accuracy: 91.24%
2024-03-01 13:45:54,083:INFO:Epoch 44, Test Accuracy: 91.41%
2024-03-01 13:47:36,800:INFO:Epoch 45, Test Accuracy: 92.04%
2024-03-01 13:49:17,397:INFO:Epoch 46, Test Accuracy: 91.0%
2024-03-01 13:51:05,034:INFO:Epoch 47, Test Accuracy: 90.95%
2024-03-01 13:52:49,874:INFO:Epoch 48, Test Accuracy: 91.35%
2024-03-01 13:54:37,892:INFO:Epoch 49, Test Accuracy: 92.06%
2024-03-01 13:54:41,073:INFO:Model saved with accuracy: 92.06%
2024-03-01 13:56:23,230:INFO:Epoch 50, Test Accuracy: 91.37%
2024-03-01 13:57:59,034:INFO:Epoch 51, Test Accuracy: 90.14%
2024-03-01 13:59:43,874:INFO:Epoch 52, Test Accuracy: 92.29%
2024-03-01 13:59:47,274:INFO:Model saved with accuracy: 92.29%
2024-03-01 14:01:33,167:INFO:Epoch 53, Test Accuracy: 91.65%
2024-03-01 14:03:22,553:INFO:Epoch 54, Test Accuracy: 92.11%
2024-03-01 14:05:05,414:INFO:Epoch 55, Test Accuracy: 92.37%
2024-03-01 14:05:08,485:INFO:Model saved with accuracy: 92.37%
2024-03-01 14:06:49,150:INFO:Epoch 56, Test Accuracy: 92.4%
2024-03-01 14:06:52,886:INFO:Model saved with accuracy: 92.40%
2024-03-01 14:08:38,392:INFO:Epoch 57, Test Accuracy: 89.32%
2024-03-01 14:10:17,034:INFO:Epoch 58, Test Accuracy: 91.15%
2024-03-01 14:12:02,185:INFO:Epoch 59, Test Accuracy: 91.8%
2024-03-01 14:14:03,534:INFO:Epoch 60, Test Accuracy: 91.45%
2024-03-01 14:16:11,845:INFO:Epoch 61, Test Accuracy: 92.44%
2024-03-01 14:16:15,549:INFO:Model saved with accuracy: 92.44%
2024-03-01 14:18:24,922:INFO:Epoch 62, Test Accuracy: 91.84%
2024-03-01 14:20:33,443:INFO:Epoch 63, Test Accuracy: 90.34%
2024-03-01 14:22:46,948:INFO:Epoch 64, Test Accuracy: 92.48%
2024-03-01 14:22:49,393:INFO:Model saved with accuracy: 92.48%
2024-03-01 14:25:06,584:INFO:Epoch 65, Test Accuracy: 91.86%
2024-03-01 14:26:56,331:INFO:Epoch 66, Test Accuracy: 90.43%
2024-03-01 14:29:09,648:INFO:Epoch 67, Test Accuracy: 92.4%
2024-03-01 14:31:26,618:INFO:Epoch 68, Test Accuracy: 92.98%
2024-03-01 14:31:30,430:INFO:Model saved with accuracy: 92.98%
2024-03-01 14:33:42,549:INFO:Epoch 69, Test Accuracy: 91.6%
2024-03-01 14:35:40,255:INFO:Epoch 70, Test Accuracy: 92.46%
2024-03-01 14:37:29,256:INFO:Epoch 71, Test Accuracy: 92.86%
2024-03-01 14:39:21,753:INFO:Epoch 72, Test Accuracy: 93.08%
2024-03-01 14:39:25,604:INFO:Model saved with accuracy: 93.08%
2024-03-01 14:41:16,687:INFO:Epoch 73, Test Accuracy: 93.36%
2024-03-01 14:41:20,238:INFO:Model saved with accuracy: 93.36%
2024-03-01 14:43:12,485:INFO:Epoch 74, Test Accuracy: 92.74%
2024-03-01 14:45:03,967:INFO:Epoch 75, Test Accuracy: 92.42%
2024-03-01 14:46:53,059:INFO:Epoch 76, Test Accuracy: 92.01%
2024-03-01 14:48:42,567:INFO:Epoch 77, Test Accuracy: 92.69%
2024-03-01 14:50:21,254:INFO:Epoch 78, Test Accuracy: 92.17%
2024-03-01 14:52:09,653:INFO:Epoch 79, Test Accuracy: 93.21%
2024-03-01 14:53:58,518:INFO:Epoch 80, Test Accuracy: 91.91%
2024-03-01 14:55:44,046:INFO:Epoch 81, Test Accuracy: 92.61%
2024-03-01 14:57:25,442:INFO:Epoch 82, Test Accuracy: 92.9%
2024-03-01 14:59:07,349:INFO:Epoch 83, Test Accuracy: 93.96%
2024-03-01 14:59:10,900:INFO:Model saved with accuracy: 93.96%
2024-03-01 15:01:01,385:INFO:Epoch 84, Test Accuracy: 92.9%
2024-03-01 15:02:49,705:INFO:Epoch 85, Test Accuracy: 92.72%
2024-03-01 15:04:35,704:INFO:Epoch 86, Test Accuracy: 93.25%
2024-03-01 15:06:20,384:INFO:Epoch 87, Test Accuracy: 94.07%
2024-03-01 15:06:23,769:INFO:Model saved with accuracy: 94.07%
2024-03-01 15:08:15,366:INFO:Epoch 88, Test Accuracy: 92.75%
2024-03-01 15:10:01,240:INFO:Epoch 89, Test Accuracy: 93.11%
2024-03-01 15:11:47,392:INFO:Epoch 90, Test Accuracy: 92.75%
2024-03-01 15:13:27,093:INFO:Epoch 91, Test Accuracy: 92.6%
2024-03-01 15:15:14,424:INFO:Epoch 92, Test Accuracy: 92.48%
2024-03-01 15:17:03,280:INFO:Epoch 93, Test Accuracy: 93.06%
2024-03-01 15:18:56,192:INFO:Epoch 94, Test Accuracy: 93.05%
2024-03-01 15:20:47,529:INFO:Epoch 95, Test Accuracy: 93.94%
2024-03-01 15:22:37,717:INFO:Epoch 96, Test Accuracy: 93.44%
2024-03-01 15:24:27,640:INFO:Epoch 97, Test Accuracy: 93.28%
2024-03-01 15:26:15,783:INFO:Epoch 98, Test Accuracy: 93.96%
2024-03-01 15:28:06,066:INFO:Epoch 99, Test Accuracy: 93.17%
2024-03-01 15:29:37,952:INFO:Finished Training with noise_rate: 0.8
2024-03-01 15:29:37,952:INFO:Epoch accuracies with noise_rate 0.8: [9.96, 22.83, 44.94, 57.85, 62.46, 74.03, 76.01, 81.66, 79.01, 80.36, 84.38, 83.99, 86.24, 85.43, 85.26, 85.03, 86.95, 78.71, 86.61, 89.52, 83.75, 87.83, 87.29, 89.3, 89.62, 87.14, 86.42, 88.5, 87.8, 90.61, 90.2, 90.38, 90.36, 89.65, 91.41, 90.22, 90.83, 90.65, 91.57, 90.15, 92.05, 91.59, 91.46, 91.24, 91.41, 92.04, 91.0, 90.95, 91.35, 92.06, 91.37, 90.14, 92.29, 91.65, 92.11, 92.37, 92.4, 89.32, 91.15, 91.8, 91.45, 92.44, 91.84, 90.34, 92.48, 91.86, 90.43, 92.4, 92.98, 91.6, 92.46, 92.86, 93.08, 93.36, 92.74, 92.42, 92.01, 92.69, 92.17, 93.21, 91.91, 92.61, 92.9, 93.96, 92.9, 92.72, 93.25, 94.07, 92.75, 93.11, 92.75, 92.6, 92.48, 93.06, 93.05, 93.94, 93.44, 93.28, 93.96, 93.17]
